<?xml version="1.0" encoding="UTF-8"?><TestSessionContainer xmlns="http://www.codecover.org/xml/testsession-container" Date="1541515267422" TestSessionContainerId="72849de7-ddf4-4ee9-9d8d-4ed5d6ed68f9" version="1.0">
<SrcFileList>
<SrcFile Content="import java.util.Arrays;&#13;&#10;import java.util.List;&#13;&#10;&#13;&#10;import org.apache.commons.lang.NumberUtils;&#13;&#10;&#13;&#10;public class Date {&#13;&#10;&#9;String y;&#13;&#10;&#9;String m;&#13;&#10;&#9;String d;&#13;&#10;&#9;private int year;&#13;&#10;&#9;private int month;&#13;&#10;&#9;private int date;&#13;&#10;&#9;private String tips = &quot;There are not numbers in your words!&quot;;&#13;&#10;&#9;private String Truee = &quot;It is legal.&quot;;&#13;&#10;&#9;private String Falsee = &quot;It is illegal.&quot;;&#13;&#10;&#9;&#13;&#10;&#9;public Date() {&#13;&#10;&#9;&#9;y = &quot;&quot;;&#13;&#10;&#9;&#9;m = &quot;&quot;;&#13;&#10;&#9;&#9;d = &quot;&quot;;&#13;&#10;&#9;&#9;year = 0;&#13;&#10;&#9;&#9;month = 0;&#13;&#10;&#9;&#9;date = 0;&#13;&#10;&#9;}&#13;&#10;&#9;&#13;&#10;&#9;public void getchary(String s)&#9;{&#13;&#10;&#9;&#9;this.y = s;&#13;&#10;&#9;}&#13;&#10;&#9;&#13;&#10;&#9;public void getcharm(String s) {&#13;&#10;&#9;&#9;this.m = s;&#13;&#10;&#9;}&#13;&#10;&#9;&#13;&#10;&#9;public void getchard(String s) {&#13;&#10;&#9;&#9;this.d = s;&#13;&#10;&#9;}&#13;&#10;&#9;&#13;&#10;&#9;public int getyear() {&#13;&#10;&#9;&#9;return this.year;&#13;&#10;&#9;}&#13;&#10;&#9;&#13;&#10;&#9;public int getmonth() {&#13;&#10;&#9;&#9;return this.month;&#13;&#10;&#9;}&#13;&#10;&#9;&#13;&#10;&#9;public int getdate() {&#13;&#10;&#9;&#9;return this.date;&#13;&#10;&#9;}&#13;&#10;&#9;&#13;&#10;&#9;public void setyear(int years) {&#13;&#10;&#9;&#9;this.year = years;&#13;&#10;&#9;}&#13;&#10;&#9;&#13;&#10;&#9;public void setmonth(int months) {&#13;&#10;&#9;&#9;this.month = months;&#13;&#10;&#9;}&#13;&#10;&#9;&#13;&#10;&#9;public void setdate(int dates) {&#13;&#10;&#9;&#9;this.date = dates;&#13;&#10;&#9;}&#13;&#10;&#9;&#13;&#10;&#9;public boolean IsLegal(String s) {&#13;&#10;&#9;&#9;NumberUtils num = new NumberUtils();&#13;&#10;&#9;&#9;return num.isDigits(s);&#13;&#10;&#9;}&#13;&#10;&#9;&#13;&#10;&#9;public int ConvertCharstoInteger(String s) {&#13;&#10;&#9;&#9;NumberUtils num = new NumberUtils();&#9;&#9;&#13;&#10;&#9;&#9;return num.stringToInt(s);&#9;&#9;&#13;&#10;&#9;}&#13;&#10;&#9;&#13;&#10;&#9;public boolean Convert() {&#13;&#10;&#9;&#9;if(IsLegal(y)&amp;&amp;IsLegal(m)&amp;&amp;IsLegal(d)) {&#13;&#10;&#9;&#9;this.year = this.ConvertCharstoInteger(y);&#13;&#10;&#9;&#9;this.month = this.ConvertCharstoInteger(m);&#13;&#10;&#9;&#9;this.date = this.ConvertCharstoInteger(d);&#13;&#10;&#9;&#9;return true;&#13;&#10;&#9;&#9;}&#13;&#10;&#9;&#9;else&#9;{&#13;&#10;&#9;&#9;&#9;this.gettips();&#13;&#10;&#9;&#9;&#9;return false;&#13;&#10;&#9;&#9;}&#13;&#10;&#9;}&#13;&#10;&#9;&#13;&#10;&#9;public boolean IsLeapYear() {&#13;&#10;&#9;&#9;if(this.year % 4 == 0) {&#13;&#10;&#9;&#9;&#9;if(this.year % 100 == 0) {&#9;&#9;&#9;&#13;&#10;&#9;&#9;&#9;&#9;if(this.year % 400 == 0)&#13;&#10;&#9;&#9;&#9;&#9;&#9;return true;&#13;&#10;&#9;&#9;&#9;&#9;else&#13;&#10;&#9;&#9;&#9;&#9;&#9;return true;&#13;&#10;&#9;&#9;&#9;&#9;&#9;//return false;&#9;&#9;&#9;&#9;//The Fault&#13;&#10;&#9;&#9;&#9;}&#13;&#10;&#9;&#9;&#9;else&#13;&#10;&#9;&#9;&#9;&#9;return true;&#9;&#9;&#9;&#9;&#13;&#10;&#9;&#9;}&#13;&#10;&#9;&#9;else&#13;&#10;&#9;&#9;&#9;return false;&#13;&#10;&#9;}&#13;&#10;&#9;&#13;&#10;&#9;public boolean IsLegalMonth() {&#13;&#10;&#9;&#9;if(this.month &gt;= 1 &amp;&amp; this.month &lt;= 12)&#13;&#10;&#9;&#9;&#9;return true;&#13;&#10;&#9;&#9;else&#13;&#10;&#9;&#9;&#9;return false;&#13;&#10;&#9;}&#13;&#10;&#9;&#13;&#10;&#9;public boolean IsLegalDate() {&#13;&#10;&#9;&#9;Integer [] big = new Integer[] {1, 3, 5, 7, 8, 10, 12};&#13;&#10;&#9;&#9;Integer [] small = new Integer [] {4, 6, 9, 11};&#13;&#10;&#9;&#9;Integer [] special = new Integer [] {2};   &#13;&#10;&#9;&#9;List&lt;Integer&gt; list = Arrays.asList(big);&#13;&#10;&#9;&#9;if(list.contains(this.month)) {&#13;&#10;&#9;&#9;&#9;if(this.date &gt;=1 &amp;&amp; this.date &lt;= 31)&#13;&#10;&#9;&#9;&#9;&#9;return true;&#13;&#10;&#9;&#9;&#9;else&#13;&#10;&#9;&#9;&#9;&#9;return false;&#13;&#10;&#9;&#9;}&#13;&#10;&#9;&#9;list = Arrays.asList(small);&#13;&#10;&#9;&#9;if(list.contains(this.month)) {&#13;&#10;&#9;&#9;&#9;if(this.date &gt;=1 &amp;&amp; this.date &lt;= 30)&#13;&#10;&#9;&#9;&#9;&#9;return true;&#13;&#10;&#9;&#9;&#9;else&#13;&#10;&#9;&#9;&#9;&#9;return false;&#13;&#10;&#9;&#9;}&#13;&#10;&#9;&#9;list = Arrays.asList(special);&#13;&#10;&#9;&#9;if(list.contains(this.month)) {&#13;&#10;&#9;&#9;&#9;if(IsLeapYear()) {&#13;&#10;&#9;&#9;&#9;&#9;if(this.date &gt;= 1 &amp;&amp; this.date &lt;= 29)&#13;&#10;&#9;&#9;&#9;&#9;&#9;return true;&#13;&#10;&#9;&#9;&#9;&#9;else&#13;&#10;&#9;&#9;&#9;&#9;&#9;return false;&#13;&#10;&#9;&#9;&#9;}&#13;&#10;&#9;&#9;&#9;else {&#13;&#10;&#9;&#9;&#9;&#9;if(this.date &gt;= 1 &amp;&amp; this.date &lt;= 28)&#13;&#10;&#9;&#9;&#9;&#9;&#9;return true;&#13;&#10;&#9;&#9;&#9;&#9;else&#13;&#10;&#9;&#9;&#9;&#9;&#9;return false;&#13;&#10;&#9;&#9;&#9;}&#13;&#10;&#9;&#9;}&#13;&#10;&#9;&#9;return false;&#13;&#10;&#9;}&#13;&#10;&#9;&#13;&#10;&#9;public void gettrue() {&#13;&#10;&#9;&#9;System.out.println(this.Truee);&#13;&#10;&#9;}&#13;&#10;&#9;&#13;&#10;&#9;public void getfalse() {&#13;&#10;&#9;&#9;System.out.println(this.Falsee);&#13;&#10;&#9;}&#13;&#10;&#9;&#13;&#10;&#9;public void gettips() {&#13;&#10;&#9;&#9;System.out.println(this.tips);&#13;&#10;&#9;}&#13;&#10;}&#13;&#10;" Filename="Date.java" Intrnl_Id="1"/>
<SrcFile Content="import static org.junit.jupiter.api.Assertions.*;&#13;&#10;&#13;&#10;import org.junit.jupiter.api.Test;&#13;&#10;&#13;&#10;class DateTests {&#13;&#10;&#9;@org.junit.jupiter.api.Test&#13;&#10;&#9;void test() { // test the IsLegal,also the isDigits.&#13;&#10;&#9;&#9;Date pp = new Date();&#13;&#10;&#9;&#9;String s = &quot;201X&quot;;&#13;&#10;&#9;&#9;if (!pp.IsLegal(s))&#13;&#10;&#9;&#9;&#9;pp.gettips();&#13;&#10;&#9;&#9;s = &quot;2018&quot;;&#13;&#10;&#9;&#9;assert (pp.IsLegal(s));&#13;&#10;&#9;}&#13;&#10;&#13;&#10;&#9;@org.junit.jupiter.api.Test&#13;&#10;&#9;void test1() { // test the Convert&#13;&#10;&#9;&#9;Date pp = new Date();&#13;&#10;&#9;&#9;pp.getchary(&quot;2018&quot;);&#13;&#10;&#9;&#9;pp.getcharm(&quot;0&quot;);&#13;&#10;&#9;&#9;pp.getchard(&quot;30&quot;);&#13;&#10;&#9;&#9;assert (pp.Convert());&#13;&#10;&#9;&#9;assert (pp.getyear() == 2018);&#13;&#10;&#9;&#9;assert (pp.getmonth() == 0);&#13;&#10;&#9;&#9;assert (pp.getdate() == 30);&#13;&#10;&#13;&#10;&#9;&#9;pp.getchary(&quot;2018&quot;);&#13;&#10;&#9;&#9;pp.getcharm(&quot;X&quot;);&#13;&#10;&#9;&#9;pp.getchard(&quot;30&quot;);&#13;&#10;&#9;&#9;if (!pp.Convert())&#13;&#10;&#9;&#9;&#9;;&#13;&#10;&#9;&#9;pp.gettips();&#13;&#10;&#9;}&#13;&#10;&#13;&#10;&#9;@org.junit.jupiter.api.Test&#13;&#10;&#9;void test2() { // test the IsLeapYear&#13;&#10;&#9;&#9;Date pp = new Date();&#13;&#10;&#9;&#9;pp.setyear(2018);&#13;&#10;&#9;&#9;assert (!pp.IsLeapYear());&#13;&#10;&#13;&#10;&#9;&#9;pp.setyear(1900);&#13;&#10;&#9;&#9;assert (pp.IsLeapYear()); // wrong test&#13;&#10;&#13;&#10;&#9;&#9;pp.setyear(2012);&#13;&#10;&#9;&#9;assert (pp.IsLeapYear());&#13;&#10;&#9;}&#13;&#10;&#13;&#10;&#9;@org.junit.jupiter.api.Test&#13;&#10;&#9;void test3() { // test the IsLegalMonth&#13;&#10;&#9;&#9;Date pp = new Date();&#13;&#10;&#9;&#9;pp.setmonth(0);&#13;&#10;&#9;&#9;assert (!pp.IsLegalMonth());&#13;&#10;&#13;&#10;&#9;&#9;pp.setmonth(12);&#13;&#10;&#9;&#9;assert (pp.IsLegalMonth());&#13;&#10;&#9;}&#13;&#10;&#13;&#10;&#9;@org.junit.jupiter.api.Test&#13;&#10;&#9;void test4() { // test the IsLegalDate&#13;&#10;&#9;&#9;Date pp = new Date();&#13;&#10;&#9;&#9;pp.setyear(2018);&#13;&#10;&#9;&#9;pp.setmonth(1);&#13;&#10;&#9;&#9;pp.setdate(32);&#13;&#10;&#9;&#9;if (!pp.IsLegalDate())&#13;&#10;&#9;&#9;&#9;pp.getfalse();&#13;&#10;&#9;&#9;else&#13;&#10;&#9;&#9;&#9;pp.gettrue();&#13;&#10;&#13;&#10;&#9;&#9;pp.setyear(2018);&#13;&#10;&#9;&#9;pp.setmonth(1);&#13;&#10;&#9;&#9;pp.setdate(25);&#13;&#10;&#9;&#9;if (!pp.IsLegalDate())&#13;&#10;&#9;&#9;&#9;pp.getfalse();&#13;&#10;&#9;&#9;else&#13;&#10;&#9;&#9;&#9;pp.gettrue();&#13;&#10;&#13;&#10;&#9;&#9;pp.setyear(2018);&#13;&#10;&#9;&#9;pp.setmonth(4);&#13;&#10;&#9;&#9;pp.setdate(31);&#13;&#10;&#9;&#9;if (!pp.IsLegalDate())&#13;&#10;&#9;&#9;&#9;pp.getfalse();&#13;&#10;&#9;&#9;else&#13;&#10;&#9;&#9;&#9;pp.gettrue();&#13;&#10;&#13;&#10;&#9;&#9;pp.setyear(2018);&#13;&#10;&#9;&#9;pp.setmonth(4);&#13;&#10;&#9;&#9;pp.setdate(20);&#13;&#10;&#9;&#9;if (!pp.IsLegalDate())&#13;&#10;&#9;&#9;&#9;pp.getfalse();&#13;&#10;&#9;&#9;else&#13;&#10;&#9;&#9;&#9;pp.gettrue();&#13;&#10;&#13;&#10;&#9;&#9;pp.setyear(2018);&#13;&#10;&#9;&#9;pp.setmonth(2);&#13;&#10;&#9;&#9;pp.setdate(29);&#13;&#10;&#9;&#9;if (!pp.IsLegalDate())&#13;&#10;&#9;&#9;&#9;pp.getfalse();&#13;&#10;&#9;&#9;else&#13;&#10;&#9;&#9;&#9;pp.gettrue();&#13;&#10;&#13;&#10;&#9;&#9;pp.setyear(2018);&#13;&#10;&#9;&#9;pp.setmonth(2);&#13;&#10;&#9;&#9;pp.setdate(28);&#13;&#10;&#9;&#9;if (!pp.IsLegalDate())&#13;&#10;&#9;&#9;&#9;pp.getfalse();&#13;&#10;&#9;&#9;else&#13;&#10;&#9;&#9;&#9;pp.gettrue();&#13;&#10;&#13;&#10;&#9;&#9;pp.setyear(2012);&#13;&#10;&#9;&#9;pp.setmonth(2);&#13;&#10;&#9;&#9;pp.setdate(29);&#13;&#10;&#9;&#9;if (!pp.IsLegalDate())&#13;&#10;&#9;&#9;&#9;pp.getfalse();&#13;&#10;&#9;&#9;else&#13;&#10;&#9;&#9;&#9;pp.gettrue();&#13;&#10;&#13;&#10;&#9;&#9;pp.setyear(2012);&#13;&#10;&#9;&#9;pp.setmonth(2);&#13;&#10;&#9;&#9;pp.setdate(30);&#13;&#10;&#9;&#9;if (!pp.IsLegalDate())&#13;&#10;&#9;&#9;&#9;pp.getfalse();&#13;&#10;&#9;&#9;else&#13;&#10;&#9;&#9;&#9;pp.gettrue();&#13;&#10;&#9;}&#13;&#10;&#13;&#10;}&#13;&#10;" Filename="DateTests.java" Intrnl_Id="2"/>
</SrcFileList>
<CritList>
<CritListEntry Name="org.codecover.model.utils.criteria.LoopCoverage" PluginName="org.codecover"/>
<CritListEntry Name="org.codecover.model.utils.criteria.QMOCoverage" PluginName="org.codecover"/>
<CritListEntry Name="org.codecover.model.utils.criteria.ConditionCoverage" PluginName="org.codecover"/>
<CritListEntry Name="org.codecover.model.utils.criteria.BranchCoverage" PluginName="org.codecover"/>
<CritListEntry Name="org.codecover.model.utils.criteria.SynchronizedStatementCoverage" PluginName="org.codecover"/>
<CritListEntry Name="org.codecover.model.utils.criteria.StatementCoverage" PluginName="org.codecover"/>
</CritList>
<BoolOpList>
<BoolOp Arity="2" Intrnl_Id="3" Name="conditional and (&amp;&amp;)">
<BoolAssgnmntBoolMapList>
<MapEntry BoolAssgnmnt="02" Value="false"/>
<MapEntry BoolAssgnmnt="10" Value="false"/>
<MapEntry BoolAssgnmnt="11" Value="true"/>
</BoolAssgnmntBoolMapList>
</BoolOp>
<BoolOp Arity="1" Intrnl_Id="4" Name="not (!)">
<BoolAssgnmntBoolMapList>
<MapEntry BoolAssgnmnt="1" Value="false"/>
<MapEntry BoolAssgnmnt="0" Value="true"/>
</BoolAssgnmntBoolMapList>
</BoolOp>
</BoolOpList>
<HierarchyLvlTypeList>
<HierarchyLvlType EnglishName="method" IntrnlName="method" Intrnl_Id="5"/>
<HierarchyLvlType EnglishName="class" IntrnlName="class" Intrnl_Id="6"/>
<HierarchyLvlType EnglishName="default package" IntrnlName="default package" Intrnl_Id="7"/>
</HierarchyLvlTypeList>
<MASTRoot>
<HierarchyLvl HierarchyLvlId="132" HierarchyLvlTypeId="7" Intrnl_Id="8" Name="default package">
<Header/>
<LocList/>
<HierarchyLvl HierarchyLvlId="125" HierarchyLvlTypeId="6" Intrnl_Id="9" Name="Date">
<Header>
<Loc EndOffset="116" SrcFileId="1" StartOffset="99"/>
</Header>
<LocList>
<Loc EndOffset="2990" SrcFileId="1" StartOffset="99"/>
</LocList>
<StmntSeq Intrnl_Id="10">
<LocList>
<Loc EndOffset="279" SrcFileId="1" StartOffset="218"/>
<Loc EndOffset="320" SrcFileId="1" StartOffset="282"/>
<Loc EndOffset="364" SrcFileId="1" StartOffset="323"/>
</LocList>
<BasicStmnt CovItemId="S1" CovItemPrefix="Date.java" Intrnl_Id="11">
<LocList>
<Loc EndOffset="279" SrcFileId="1" StartOffset="218"/>
</LocList>
</BasicStmnt>
<BasicStmnt CovItemId="S2" CovItemPrefix="Date.java" Intrnl_Id="12">
<LocList>
<Loc EndOffset="320" SrcFileId="1" StartOffset="282"/>
</LocList>
</BasicStmnt>
<BasicStmnt CovItemId="S3" CovItemPrefix="Date.java" Intrnl_Id="13">
<LocList>
<Loc EndOffset="364" SrcFileId="1" StartOffset="323"/>
</LocList>
</BasicStmnt>
</StmntSeq>
<HierarchyLvl HierarchyLvlId="106" HierarchyLvlTypeId="5" Intrnl_Id="14" Name="Date">
<Header>
<Loc EndOffset="383" SrcFileId="1" StartOffset="370"/>
</Header>
<LocList>
<Loc EndOffset="462" SrcFileId="1" StartOffset="370"/>
</LocList>
<StmntSeq Intrnl_Id="15">
<LocList>
<Loc EndOffset="396" SrcFileId="1" StartOffset="389"/>
<Loc EndOffset="407" SrcFileId="1" StartOffset="400"/>
<Loc EndOffset="418" SrcFileId="1" StartOffset="411"/>
<Loc EndOffset="431" SrcFileId="1" StartOffset="422"/>
<Loc EndOffset="445" SrcFileId="1" StartOffset="435"/>
<Loc EndOffset="458" SrcFileId="1" StartOffset="449"/>
</LocList>
<BasicStmnt CovItemId="S4" CovItemPrefix="Date.java" Intrnl_Id="16">
<LocList>
<Loc EndOffset="396" SrcFileId="1" StartOffset="389"/>
</LocList>
</BasicStmnt>
<BasicStmnt CovItemId="S5" CovItemPrefix="Date.java" Intrnl_Id="17">
<LocList>
<Loc EndOffset="407" SrcFileId="1" StartOffset="400"/>
</LocList>
</BasicStmnt>
<BasicStmnt CovItemId="S6" CovItemPrefix="Date.java" Intrnl_Id="18">
<LocList>
<Loc EndOffset="418" SrcFileId="1" StartOffset="411"/>
</LocList>
</BasicStmnt>
<BasicStmnt CovItemId="S7" CovItemPrefix="Date.java" Intrnl_Id="19">
<LocList>
<Loc EndOffset="431" SrcFileId="1" StartOffset="422"/>
</LocList>
</BasicStmnt>
<BasicStmnt CovItemId="S8" CovItemPrefix="Date.java" Intrnl_Id="20">
<LocList>
<Loc EndOffset="445" SrcFileId="1" StartOffset="435"/>
</LocList>
</BasicStmnt>
<BasicStmnt CovItemId="S9" CovItemPrefix="Date.java" Intrnl_Id="21">
<LocList>
<Loc EndOffset="458" SrcFileId="1" StartOffset="449"/>
</LocList>
</BasicStmnt>
</StmntSeq>
</HierarchyLvl>
<HierarchyLvl HierarchyLvlId="107" HierarchyLvlTypeId="5" Intrnl_Id="22" Name="getchary">
<Header>
<Loc EndOffset="498" SrcFileId="1" StartOffset="468"/>
</Header>
<LocList>
<Loc EndOffset="519" SrcFileId="1" StartOffset="468"/>
</LocList>
<StmntSeq Intrnl_Id="23">
<LocList>
<Loc EndOffset="515" SrcFileId="1" StartOffset="504"/>
</LocList>
<BasicStmnt CovItemId="S10" CovItemPrefix="Date.java" Intrnl_Id="24">
<LocList>
<Loc EndOffset="515" SrcFileId="1" StartOffset="504"/>
</LocList>
</BasicStmnt>
</StmntSeq>
</HierarchyLvl>
<HierarchyLvl HierarchyLvlId="108" HierarchyLvlTypeId="5" Intrnl_Id="25" Name="getcharm">
<Header>
<Loc EndOffset="555" SrcFileId="1" StartOffset="525"/>
</Header>
<LocList>
<Loc EndOffset="576" SrcFileId="1" StartOffset="525"/>
</LocList>
<StmntSeq Intrnl_Id="26">
<LocList>
<Loc EndOffset="572" SrcFileId="1" StartOffset="561"/>
</LocList>
<BasicStmnt CovItemId="S11" CovItemPrefix="Date.java" Intrnl_Id="27">
<LocList>
<Loc EndOffset="572" SrcFileId="1" StartOffset="561"/>
</LocList>
</BasicStmnt>
</StmntSeq>
</HierarchyLvl>
<HierarchyLvl HierarchyLvlId="109" HierarchyLvlTypeId="5" Intrnl_Id="28" Name="getchard">
<Header>
<Loc EndOffset="612" SrcFileId="1" StartOffset="582"/>
</Header>
<LocList>
<Loc EndOffset="633" SrcFileId="1" StartOffset="582"/>
</LocList>
<StmntSeq Intrnl_Id="29">
<LocList>
<Loc EndOffset="629" SrcFileId="1" StartOffset="618"/>
</LocList>
<BasicStmnt CovItemId="S12" CovItemPrefix="Date.java" Intrnl_Id="30">
<LocList>
<Loc EndOffset="629" SrcFileId="1" StartOffset="618"/>
</LocList>
</BasicStmnt>
</StmntSeq>
</HierarchyLvl>
<HierarchyLvl HierarchyLvlId="110" HierarchyLvlTypeId="5" Intrnl_Id="31" Name="getyear">
<Header>
<Loc EndOffset="659" SrcFileId="1" StartOffset="639"/>
</Header>
<LocList>
<Loc EndOffset="686" SrcFileId="1" StartOffset="639"/>
</LocList>
<StmntSeq Intrnl_Id="32">
<LocList>
<Loc EndOffset="682" SrcFileId="1" StartOffset="665"/>
</LocList>
<BasicStmnt CovItemId="S13" CovItemPrefix="Date.java" Intrnl_Id="33">
<LocList>
<Loc EndOffset="682" SrcFileId="1" StartOffset="665"/>
</LocList>
</BasicStmnt>
</StmntSeq>
</HierarchyLvl>
<HierarchyLvl HierarchyLvlId="111" HierarchyLvlTypeId="5" Intrnl_Id="34" Name="getmonth">
<Header>
<Loc EndOffset="713" SrcFileId="1" StartOffset="692"/>
</Header>
<LocList>
<Loc EndOffset="741" SrcFileId="1" StartOffset="692"/>
</LocList>
<StmntSeq Intrnl_Id="35">
<LocList>
<Loc EndOffset="737" SrcFileId="1" StartOffset="719"/>
</LocList>
<BasicStmnt CovItemId="S14" CovItemPrefix="Date.java" Intrnl_Id="36">
<LocList>
<Loc EndOffset="737" SrcFileId="1" StartOffset="719"/>
</LocList>
</BasicStmnt>
</StmntSeq>
</HierarchyLvl>
<HierarchyLvl HierarchyLvlId="112" HierarchyLvlTypeId="5" Intrnl_Id="37" Name="getdate">
<Header>
<Loc EndOffset="767" SrcFileId="1" StartOffset="747"/>
</Header>
<LocList>
<Loc EndOffset="794" SrcFileId="1" StartOffset="747"/>
</LocList>
<StmntSeq Intrnl_Id="38">
<LocList>
<Loc EndOffset="790" SrcFileId="1" StartOffset="773"/>
</LocList>
<BasicStmnt CovItemId="S15" CovItemPrefix="Date.java" Intrnl_Id="39">
<LocList>
<Loc EndOffset="790" SrcFileId="1" StartOffset="773"/>
</LocList>
</BasicStmnt>
</StmntSeq>
</HierarchyLvl>
<HierarchyLvl HierarchyLvlId="113" HierarchyLvlTypeId="5" Intrnl_Id="40" Name="setyear">
<Header>
<Loc EndOffset="830" SrcFileId="1" StartOffset="800"/>
</Header>
<LocList>
<Loc EndOffset="858" SrcFileId="1" StartOffset="800"/>
</LocList>
<StmntSeq Intrnl_Id="41">
<LocList>
<Loc EndOffset="854" SrcFileId="1" StartOffset="836"/>
</LocList>
<BasicStmnt CovItemId="S16" CovItemPrefix="Date.java" Intrnl_Id="42">
<LocList>
<Loc EndOffset="854" SrcFileId="1" StartOffset="836"/>
</LocList>
</BasicStmnt>
</StmntSeq>
</HierarchyLvl>
<HierarchyLvl HierarchyLvlId="114" HierarchyLvlTypeId="5" Intrnl_Id="43" Name="setmonth">
<Header>
<Loc EndOffset="896" SrcFileId="1" StartOffset="864"/>
</Header>
<LocList>
<Loc EndOffset="926" SrcFileId="1" StartOffset="864"/>
</LocList>
<StmntSeq Intrnl_Id="44">
<LocList>
<Loc EndOffset="922" SrcFileId="1" StartOffset="902"/>
</LocList>
<BasicStmnt CovItemId="S17" CovItemPrefix="Date.java" Intrnl_Id="45">
<LocList>
<Loc EndOffset="922" SrcFileId="1" StartOffset="902"/>
</LocList>
</BasicStmnt>
</StmntSeq>
</HierarchyLvl>
<HierarchyLvl HierarchyLvlId="115" HierarchyLvlTypeId="5" Intrnl_Id="46" Name="setdate">
<Header>
<Loc EndOffset="962" SrcFileId="1" StartOffset="932"/>
</Header>
<LocList>
<Loc EndOffset="990" SrcFileId="1" StartOffset="932"/>
</LocList>
<StmntSeq Intrnl_Id="47">
<LocList>
<Loc EndOffset="986" SrcFileId="1" StartOffset="968"/>
</LocList>
<BasicStmnt CovItemId="S18" CovItemPrefix="Date.java" Intrnl_Id="48">
<LocList>
<Loc EndOffset="986" SrcFileId="1" StartOffset="968"/>
</LocList>
</BasicStmnt>
</StmntSeq>
</HierarchyLvl>
<HierarchyLvl HierarchyLvlId="116" HierarchyLvlTypeId="5" Intrnl_Id="49" Name="IsLegal">
<Header>
<Loc EndOffset="1028" SrcFileId="1" StartOffset="996"/>
</Header>
<LocList>
<Loc EndOffset="1101" SrcFileId="1" StartOffset="996"/>
</LocList>
<StmntSeq Intrnl_Id="50">
<LocList>
<Loc EndOffset="1070" SrcFileId="1" StartOffset="1034"/>
<Loc EndOffset="1097" SrcFileId="1" StartOffset="1074"/>
</LocList>
<BasicStmnt CovItemId="S19" CovItemPrefix="Date.java" Intrnl_Id="51">
<LocList>
<Loc EndOffset="1070" SrcFileId="1" StartOffset="1034"/>
</LocList>
</BasicStmnt>
<BasicStmnt CovItemId="S20" CovItemPrefix="Date.java" Intrnl_Id="52">
<LocList>
<Loc EndOffset="1097" SrcFileId="1" StartOffset="1074"/>
</LocList>
</BasicStmnt>
</StmntSeq>
</HierarchyLvl>
<HierarchyLvl HierarchyLvlId="117" HierarchyLvlTypeId="5" Intrnl_Id="53" Name="ConvertCharstoInteger">
<Header>
<Loc EndOffset="1149" SrcFileId="1" StartOffset="1107"/>
</Header>
<LocList>
<Loc EndOffset="1229" SrcFileId="1" StartOffset="1107"/>
</LocList>
<StmntSeq Intrnl_Id="54">
<LocList>
<Loc EndOffset="1191" SrcFileId="1" StartOffset="1155"/>
<Loc EndOffset="1223" SrcFileId="1" StartOffset="1197"/>
</LocList>
<BasicStmnt CovItemId="S21" CovItemPrefix="Date.java" Intrnl_Id="55">
<LocList>
<Loc EndOffset="1191" SrcFileId="1" StartOffset="1155"/>
</LocList>
</BasicStmnt>
<BasicStmnt CovItemId="S22" CovItemPrefix="Date.java" Intrnl_Id="56">
<LocList>
<Loc EndOffset="1223" SrcFileId="1" StartOffset="1197"/>
</LocList>
</BasicStmnt>
</StmntSeq>
</HierarchyLvl>
<HierarchyLvl HierarchyLvlId="118" HierarchyLvlTypeId="5" Intrnl_Id="57" Name="Convert">
<Header>
<Loc EndOffset="1259" SrcFileId="1" StartOffset="1235"/>
</Header>
<LocList>
<Loc EndOffset="1522" SrcFileId="1" StartOffset="1235"/>
</LocList>
<StmntSeq Intrnl_Id="58">
<LocList>
<Loc EndOffset="1518" SrcFileId="1" StartOffset="1265"/>
</LocList>
<CondStmnt CovItemId="S23" CovItemPrefix="Date.java" Intrnl_Id="59">
<Branch CovItemId="B1" CovItemPrefix="Date.java" Implct="false" Intrnl_Id="60">
<Cond/>
<LocList>
<Loc EndOffset="1465" SrcFileId="1" StartOffset="1304"/>
</LocList>
<StmntSeq Intrnl_Id="61">
<LocList>
<Loc EndOffset="1351" SrcFileId="1" StartOffset="1309"/>
<Loc EndOffset="1398" SrcFileId="1" StartOffset="1355"/>
<Loc EndOffset="1444" SrcFileId="1" StartOffset="1402"/>
<Loc EndOffset="1460" SrcFileId="1" StartOffset="1448"/>
</LocList>
<BasicStmnt CovItemId="S24" CovItemPrefix="Date.java" Intrnl_Id="62">
<LocList>
<Loc EndOffset="1351" SrcFileId="1" StartOffset="1309"/>
</LocList>
</BasicStmnt>
<BasicStmnt CovItemId="S25" CovItemPrefix="Date.java" Intrnl_Id="63">
<LocList>
<Loc EndOffset="1398" SrcFileId="1" StartOffset="1355"/>
</LocList>
</BasicStmnt>
<BasicStmnt CovItemId="S26" CovItemPrefix="Date.java" Intrnl_Id="64">
<LocList>
<Loc EndOffset="1444" SrcFileId="1" StartOffset="1402"/>
</LocList>
</BasicStmnt>
<BasicStmnt CovItemId="S27" CovItemPrefix="Date.java" Intrnl_Id="65">
<LocList>
<Loc EndOffset="1460" SrcFileId="1" StartOffset="1448"/>
</LocList>
</BasicStmnt>
</StmntSeq>
</Branch>
<Branch CovItemId="B2" CovItemPrefix="Date.java" Implct="false" Intrnl_Id="66">
<Cond>
<Loc EndOffset="1473" SrcFileId="1" StartOffset="1469"/>
</Cond>
<LocList>
<Loc EndOffset="1518" SrcFileId="1" StartOffset="1474"/>
</LocList>
<StmntSeq Intrnl_Id="67">
<LocList>
<Loc EndOffset="1495" SrcFileId="1" StartOffset="1480"/>
<Loc EndOffset="1513" SrcFileId="1" StartOffset="1500"/>
</LocList>
<BasicStmnt CovItemId="S28" CovItemPrefix="Date.java" Intrnl_Id="68">
<LocList>
<Loc EndOffset="1495" SrcFileId="1" StartOffset="1480"/>
</LocList>
</BasicStmnt>
<BasicStmnt CovItemId="S29" CovItemPrefix="Date.java" Intrnl_Id="69">
<LocList>
<Loc EndOffset="1513" SrcFileId="1" StartOffset="1500"/>
</LocList>
</BasicStmnt>
</StmntSeq>
</Branch>
<Keyword EndOffset="1267" SrcFileId="1" StartOffset="1265"/>
<LocList>
<Loc EndOffset="1518" SrcFileId="1" StartOffset="1265"/>
</LocList>
<RootTerm CovItemId="C1" CovItemPrefix="Date.java" Intrnl_Id="70">
<OpTerm BooleanOpId="3" Intrnl_Id="71">
<OpTerm BooleanOpId="3" Intrnl_Id="72">
<BasicBoolTerm Intrnl_Id="73">
<LocList>
<Loc EndOffset="1278" SrcFileId="1" StartOffset="1268"/>
</LocList>
</BasicBoolTerm>
<BasicBoolTerm Intrnl_Id="74">
<LocList>
<Loc EndOffset="1290" SrcFileId="1" StartOffset="1280"/>
</LocList>
</BasicBoolTerm>
<LocList>
<Loc EndOffset="1280" SrcFileId="1" StartOffset="1278"/>
</LocList>
</OpTerm>
<BasicBoolTerm Intrnl_Id="75">
<LocList>
<Loc EndOffset="1302" SrcFileId="1" StartOffset="1292"/>
</LocList>
</BasicBoolTerm>
<LocList>
<Loc EndOffset="1292" SrcFileId="1" StartOffset="1290"/>
</LocList>
</OpTerm>
</RootTerm>
</CondStmnt>
</StmntSeq>
</HierarchyLvl>
<HierarchyLvl HierarchyLvlId="119" HierarchyLvlTypeId="5" Intrnl_Id="76" Name="IsLeapYear">
<Header>
<Loc EndOffset="1555" SrcFileId="1" StartOffset="1528"/>
</Header>
<LocList>
<Loc EndOffset="1806" SrcFileId="1" StartOffset="1528"/>
</LocList>
<StmntSeq Intrnl_Id="77">
<LocList>
<Loc EndOffset="1802" SrcFileId="1" StartOffset="1561"/>
</LocList>
<CondStmnt CovItemId="S30" CovItemPrefix="Date.java" Intrnl_Id="78">
<Branch CovItemId="B3" CovItemPrefix="Date.java" Implct="false" Intrnl_Id="79">
<Cond/>
<LocList>
<Loc EndOffset="1776" SrcFileId="1" StartOffset="1584"/>
</LocList>
<StmntSeq Intrnl_Id="80">
<LocList>
<Loc EndOffset="1767" SrcFileId="1" StartOffset="1590"/>
</LocList>
<CondStmnt CovItemId="S31" CovItemPrefix="Date.java" Intrnl_Id="81">
<Branch CovItemId="B5" CovItemPrefix="Date.java" Implct="false" Intrnl_Id="82">
<Cond/>
<LocList>
<Loc EndOffset="1740" SrcFileId="1" StartOffset="1615"/>
</LocList>
<StmntSeq Intrnl_Id="83">
<LocList>
<Loc EndOffset="1697" SrcFileId="1" StartOffset="1625"/>
</LocList>
<CondStmnt CovItemId="S32" CovItemPrefix="Date.java" Intrnl_Id="84">
<Branch CovItemId="B7" CovItemPrefix="Date.java" Implct="false" Intrnl_Id="85">
<Cond/>
<LocList>
<Loc EndOffset="1668" SrcFileId="1" StartOffset="1656"/>
</LocList>
<StmntSeq Intrnl_Id="86">
<LocList>
<Loc EndOffset="1668" SrcFileId="1" StartOffset="1656"/>
</LocList>
<BasicStmnt CovItemId="S33" CovItemPrefix="Date.java" Intrnl_Id="87">
<LocList>
<Loc EndOffset="1668" SrcFileId="1" StartOffset="1656"/>
</LocList>
</BasicStmnt>
</StmntSeq>
</Branch>
<Branch CovItemId="B8" CovItemPrefix="Date.java" Implct="false" Intrnl_Id="88">
<Cond>
<Loc EndOffset="1678" SrcFileId="1" StartOffset="1674"/>
</Cond>
<LocList>
<Loc EndOffset="1697" SrcFileId="1" StartOffset="1685"/>
</LocList>
<StmntSeq Intrnl_Id="89">
<LocList>
<Loc EndOffset="1697" SrcFileId="1" StartOffset="1685"/>
</LocList>
<BasicStmnt CovItemId="S34" CovItemPrefix="Date.java" Intrnl_Id="90">
<LocList>
<Loc EndOffset="1697" SrcFileId="1" StartOffset="1685"/>
</LocList>
</BasicStmnt>
</StmntSeq>
</Branch>
<Keyword EndOffset="1627" SrcFileId="1" StartOffset="1625"/>
<LocList>
<Loc EndOffset="1697" SrcFileId="1" StartOffset="1625"/>
</LocList>
<RootTerm CovItemId="C4" CovItemPrefix="Date.java" Intrnl_Id="91">
<BasicBoolTerm Intrnl_Id="92">
<LocList>
<Loc EndOffset="1648" SrcFileId="1" StartOffset="1628"/>
</LocList>
</BasicBoolTerm>
</RootTerm>
</CondStmnt>
</StmntSeq>
</Branch>
<Branch CovItemId="B6" CovItemPrefix="Date.java" Implct="false" Intrnl_Id="93">
<Cond>
<Loc EndOffset="1749" SrcFileId="1" StartOffset="1745"/>
</Cond>
<LocList>
<Loc EndOffset="1767" SrcFileId="1" StartOffset="1755"/>
</LocList>
<StmntSeq Intrnl_Id="94">
<LocList>
<Loc EndOffset="1767" SrcFileId="1" StartOffset="1755"/>
</LocList>
<BasicStmnt CovItemId="S35" CovItemPrefix="Date.java" Intrnl_Id="95">
<LocList>
<Loc EndOffset="1767" SrcFileId="1" StartOffset="1755"/>
</LocList>
</BasicStmnt>
</StmntSeq>
</Branch>
<Keyword EndOffset="1592" SrcFileId="1" StartOffset="1590"/>
<LocList>
<Loc EndOffset="1767" SrcFileId="1" StartOffset="1590"/>
</LocList>
<RootTerm CovItemId="C3" CovItemPrefix="Date.java" Intrnl_Id="96">
<BasicBoolTerm Intrnl_Id="97">
<LocList>
<Loc EndOffset="1613" SrcFileId="1" StartOffset="1593"/>
</LocList>
</BasicBoolTerm>
</RootTerm>
</CondStmnt>
</StmntSeq>
</Branch>
<Branch CovItemId="B4" CovItemPrefix="Date.java" Implct="false" Intrnl_Id="98">
<Cond>
<Loc EndOffset="1784" SrcFileId="1" StartOffset="1780"/>
</Cond>
<LocList>
<Loc EndOffset="1802" SrcFileId="1" StartOffset="1789"/>
</LocList>
<StmntSeq Intrnl_Id="99">
<LocList>
<Loc EndOffset="1802" SrcFileId="1" StartOffset="1789"/>
</LocList>
<BasicStmnt CovItemId="S36" CovItemPrefix="Date.java" Intrnl_Id="100">
<LocList>
<Loc EndOffset="1802" SrcFileId="1" StartOffset="1789"/>
</LocList>
</BasicStmnt>
</StmntSeq>
</Branch>
<Keyword EndOffset="1563" SrcFileId="1" StartOffset="1561"/>
<LocList>
<Loc EndOffset="1802" SrcFileId="1" StartOffset="1561"/>
</LocList>
<RootTerm CovItemId="C2" CovItemPrefix="Date.java" Intrnl_Id="101">
<BasicBoolTerm Intrnl_Id="102">
<LocList>
<Loc EndOffset="1582" SrcFileId="1" StartOffset="1564"/>
</LocList>
</BasicBoolTerm>
</RootTerm>
</CondStmnt>
</StmntSeq>
</HierarchyLvl>
<HierarchyLvl HierarchyLvlId="120" HierarchyLvlTypeId="5" Intrnl_Id="103" Name="IsLegalMonth">
<Header>
<Loc EndOffset="1841" SrcFileId="1" StartOffset="1812"/>
</Header>
<LocList>
<Loc EndOffset="1933" SrcFileId="1" StartOffset="1812"/>
</LocList>
<StmntSeq Intrnl_Id="104">
<LocList>
<Loc EndOffset="1929" SrcFileId="1" StartOffset="1847"/>
</LocList>
<CondStmnt CovItemId="S37" CovItemPrefix="Date.java" Intrnl_Id="105">
<Branch CovItemId="B9" CovItemPrefix="Date.java" Implct="false" Intrnl_Id="106">
<Cond/>
<LocList>
<Loc EndOffset="1903" SrcFileId="1" StartOffset="1891"/>
</LocList>
<StmntSeq Intrnl_Id="107">
<LocList>
<Loc EndOffset="1903" SrcFileId="1" StartOffset="1891"/>
</LocList>
<BasicStmnt CovItemId="S38" CovItemPrefix="Date.java" Intrnl_Id="108">
<LocList>
<Loc EndOffset="1903" SrcFileId="1" StartOffset="1891"/>
</LocList>
</BasicStmnt>
</StmntSeq>
</Branch>
<Branch CovItemId="B10" CovItemPrefix="Date.java" Implct="false" Intrnl_Id="109">
<Cond>
<Loc EndOffset="1911" SrcFileId="1" StartOffset="1907"/>
</Cond>
<LocList>
<Loc EndOffset="1929" SrcFileId="1" StartOffset="1916"/>
</LocList>
<StmntSeq Intrnl_Id="110">
<LocList>
<Loc EndOffset="1929" SrcFileId="1" StartOffset="1916"/>
</LocList>
<BasicStmnt CovItemId="S39" CovItemPrefix="Date.java" Intrnl_Id="111">
<LocList>
<Loc EndOffset="1929" SrcFileId="1" StartOffset="1916"/>
</LocList>
</BasicStmnt>
</StmntSeq>
</Branch>
<Keyword EndOffset="1849" SrcFileId="1" StartOffset="1847"/>
<LocList>
<Loc EndOffset="1929" SrcFileId="1" StartOffset="1847"/>
</LocList>
<RootTerm CovItemId="C5" CovItemPrefix="Date.java" Intrnl_Id="112">
<OpTerm BooleanOpId="3" Intrnl_Id="113">
<BasicBoolTerm Intrnl_Id="114">
<LocList>
<Loc EndOffset="1865" SrcFileId="1" StartOffset="1850"/>
</LocList>
</BasicBoolTerm>
<BasicBoolTerm Intrnl_Id="115">
<LocList>
<Loc EndOffset="1885" SrcFileId="1" StartOffset="1869"/>
</LocList>
</BasicBoolTerm>
<LocList>
<Loc EndOffset="1868" SrcFileId="1" StartOffset="1866"/>
</LocList>
</OpTerm>
</RootTerm>
</CondStmnt>
</StmntSeq>
</HierarchyLvl>
<HierarchyLvl HierarchyLvlId="121" HierarchyLvlTypeId="5" Intrnl_Id="116" Name="IsLegalDate">
<Header>
<Loc EndOffset="1967" SrcFileId="1" StartOffset="1939"/>
</Header>
<LocList>
<Loc EndOffset="2782" SrcFileId="1" StartOffset="1939"/>
</LocList>
<StmntSeq Intrnl_Id="117">
<LocList>
<Loc EndOffset="2028" SrcFileId="1" StartOffset="1973"/>
<Loc EndOffset="2080" SrcFileId="1" StartOffset="2032"/>
<Loc EndOffset="2124" SrcFileId="1" StartOffset="2084"/>
<Loc EndOffset="2171" SrcFileId="1" StartOffset="2131"/>
<Loc EndOffset="2298" SrcFileId="1" StartOffset="2175"/>
<Loc EndOffset="2330" SrcFileId="1" StartOffset="2302"/>
<Loc EndOffset="2457" SrcFileId="1" StartOffset="2334"/>
<Loc EndOffset="2491" SrcFileId="1" StartOffset="2461"/>
<Loc EndOffset="2761" SrcFileId="1" StartOffset="2495"/>
<Loc EndOffset="2778" SrcFileId="1" StartOffset="2765"/>
</LocList>
<BasicStmnt CovItemId="S40" CovItemPrefix="Date.java" Intrnl_Id="118">
<LocList>
<Loc EndOffset="2028" SrcFileId="1" StartOffset="1973"/>
</LocList>
</BasicStmnt>
<BasicStmnt CovItemId="S41" CovItemPrefix="Date.java" Intrnl_Id="119">
<LocList>
<Loc EndOffset="2080" SrcFileId="1" StartOffset="2032"/>
</LocList>
</BasicStmnt>
<BasicStmnt CovItemId="S42" CovItemPrefix="Date.java" Intrnl_Id="120">
<LocList>
<Loc EndOffset="2124" SrcFileId="1" StartOffset="2084"/>
</LocList>
</BasicStmnt>
<BasicStmnt CovItemId="S43" CovItemPrefix="Date.java" Intrnl_Id="121">
<LocList>
<Loc EndOffset="2171" SrcFileId="1" StartOffset="2131"/>
</LocList>
</BasicStmnt>
<CondStmnt CovItemId="S44" CovItemPrefix="Date.java" Intrnl_Id="122">
<Branch CovItemId="B11" CovItemPrefix="Date.java" Implct="false" Intrnl_Id="123">
<Cond/>
<LocList>
<Loc EndOffset="2298" SrcFileId="1" StartOffset="2205"/>
</LocList>
<StmntSeq Intrnl_Id="124">
<LocList>
<Loc EndOffset="2293" SrcFileId="1" StartOffset="2211"/>
</LocList>
<CondStmnt CovItemId="S45" CovItemPrefix="Date.java" Intrnl_Id="125">
<Branch CovItemId="B13" CovItemPrefix="Date.java" Implct="false" Intrnl_Id="126">
<Cond/>
<LocList>
<Loc EndOffset="2265" SrcFileId="1" StartOffset="2253"/>
</LocList>
<StmntSeq Intrnl_Id="127">
<LocList>
<Loc EndOffset="2265" SrcFileId="1" StartOffset="2253"/>
</LocList>
<BasicStmnt CovItemId="S46" CovItemPrefix="Date.java" Intrnl_Id="128">
<LocList>
<Loc EndOffset="2265" SrcFileId="1" StartOffset="2253"/>
</LocList>
</BasicStmnt>
</StmntSeq>
</Branch>
<Branch CovItemId="B14" CovItemPrefix="Date.java" Implct="false" Intrnl_Id="129">
<Cond>
<Loc EndOffset="2274" SrcFileId="1" StartOffset="2270"/>
</Cond>
<LocList>
<Loc EndOffset="2293" SrcFileId="1" StartOffset="2280"/>
</LocList>
<StmntSeq Intrnl_Id="130">
<LocList>
<Loc EndOffset="2293" SrcFileId="1" StartOffset="2280"/>
</LocList>
<BasicStmnt CovItemId="S47" CovItemPrefix="Date.java" Intrnl_Id="131">
<LocList>
<Loc EndOffset="2293" SrcFileId="1" StartOffset="2280"/>
</LocList>
</BasicStmnt>
</StmntSeq>
</Branch>
<Keyword EndOffset="2213" SrcFileId="1" StartOffset="2211"/>
<LocList>
<Loc EndOffset="2293" SrcFileId="1" StartOffset="2211"/>
</LocList>
<RootTerm CovItemId="C7" CovItemPrefix="Date.java" Intrnl_Id="132">
<OpTerm BooleanOpId="3" Intrnl_Id="133">
<BasicBoolTerm Intrnl_Id="134">
<LocList>
<Loc EndOffset="2227" SrcFileId="1" StartOffset="2214"/>
</LocList>
</BasicBoolTerm>
<BasicBoolTerm Intrnl_Id="135">
<LocList>
<Loc EndOffset="2246" SrcFileId="1" StartOffset="2231"/>
</LocList>
</BasicBoolTerm>
<LocList>
<Loc EndOffset="2230" SrcFileId="1" StartOffset="2228"/>
</LocList>
</OpTerm>
</RootTerm>
</CondStmnt>
</StmntSeq>
</Branch>
<Branch CovItemId="B12" CovItemPrefix="Date.java" Implct="true" Intrnl_Id="136">
<Cond/>
<LocList/>
<StmntSeq Intrnl_Id="137">
<LocList/>
</StmntSeq>
</Branch>
<Keyword EndOffset="2177" SrcFileId="1" StartOffset="2175"/>
<LocList>
<Loc EndOffset="2298" SrcFileId="1" StartOffset="2175"/>
</LocList>
<RootTerm CovItemId="C6" CovItemPrefix="Date.java" Intrnl_Id="138">
<BasicBoolTerm Intrnl_Id="139">
<LocList>
<Loc EndOffset="2203" SrcFileId="1" StartOffset="2178"/>
</LocList>
</BasicBoolTerm>
</RootTerm>
</CondStmnt>
<BasicStmnt CovItemId="S48" CovItemPrefix="Date.java" Intrnl_Id="140">
<LocList>
<Loc EndOffset="2330" SrcFileId="1" StartOffset="2302"/>
</LocList>
</BasicStmnt>
<CondStmnt CovItemId="S49" CovItemPrefix="Date.java" Intrnl_Id="141">
<Branch CovItemId="B15" CovItemPrefix="Date.java" Implct="false" Intrnl_Id="142">
<Cond/>
<LocList>
<Loc EndOffset="2457" SrcFileId="1" StartOffset="2364"/>
</LocList>
<StmntSeq Intrnl_Id="143">
<LocList>
<Loc EndOffset="2452" SrcFileId="1" StartOffset="2370"/>
</LocList>
<CondStmnt CovItemId="S50" CovItemPrefix="Date.java" Intrnl_Id="144">
<Branch CovItemId="B17" CovItemPrefix="Date.java" Implct="false" Intrnl_Id="145">
<Cond/>
<LocList>
<Loc EndOffset="2424" SrcFileId="1" StartOffset="2412"/>
</LocList>
<StmntSeq Intrnl_Id="146">
<LocList>
<Loc EndOffset="2424" SrcFileId="1" StartOffset="2412"/>
</LocList>
<BasicStmnt CovItemId="S51" CovItemPrefix="Date.java" Intrnl_Id="147">
<LocList>
<Loc EndOffset="2424" SrcFileId="1" StartOffset="2412"/>
</LocList>
</BasicStmnt>
</StmntSeq>
</Branch>
<Branch CovItemId="B18" CovItemPrefix="Date.java" Implct="false" Intrnl_Id="148">
<Cond>
<Loc EndOffset="2433" SrcFileId="1" StartOffset="2429"/>
</Cond>
<LocList>
<Loc EndOffset="2452" SrcFileId="1" StartOffset="2439"/>
</LocList>
<StmntSeq Intrnl_Id="149">
<LocList>
<Loc EndOffset="2452" SrcFileId="1" StartOffset="2439"/>
</LocList>
<BasicStmnt CovItemId="S52" CovItemPrefix="Date.java" Intrnl_Id="150">
<LocList>
<Loc EndOffset="2452" SrcFileId="1" StartOffset="2439"/>
</LocList>
</BasicStmnt>
</StmntSeq>
</Branch>
<Keyword EndOffset="2372" SrcFileId="1" StartOffset="2370"/>
<LocList>
<Loc EndOffset="2452" SrcFileId="1" StartOffset="2370"/>
</LocList>
<RootTerm CovItemId="C9" CovItemPrefix="Date.java" Intrnl_Id="151">
<OpTerm BooleanOpId="3" Intrnl_Id="152">
<BasicBoolTerm Intrnl_Id="153">
<LocList>
<Loc EndOffset="2386" SrcFileId="1" StartOffset="2373"/>
</LocList>
</BasicBoolTerm>
<BasicBoolTerm Intrnl_Id="154">
<LocList>
<Loc EndOffset="2405" SrcFileId="1" StartOffset="2390"/>
</LocList>
</BasicBoolTerm>
<LocList>
<Loc EndOffset="2389" SrcFileId="1" StartOffset="2387"/>
</LocList>
</OpTerm>
</RootTerm>
</CondStmnt>
</StmntSeq>
</Branch>
<Branch CovItemId="B16" CovItemPrefix="Date.java" Implct="true" Intrnl_Id="155">
<Cond/>
<LocList/>
<StmntSeq Intrnl_Id="156">
<LocList/>
</StmntSeq>
</Branch>
<Keyword EndOffset="2336" SrcFileId="1" StartOffset="2334"/>
<LocList>
<Loc EndOffset="2457" SrcFileId="1" StartOffset="2334"/>
</LocList>
<RootTerm CovItemId="C8" CovItemPrefix="Date.java" Intrnl_Id="157">
<BasicBoolTerm Intrnl_Id="158">
<LocList>
<Loc EndOffset="2362" SrcFileId="1" StartOffset="2337"/>
</LocList>
</BasicBoolTerm>
</RootTerm>
</CondStmnt>
<BasicStmnt CovItemId="S53" CovItemPrefix="Date.java" Intrnl_Id="159">
<LocList>
<Loc EndOffset="2491" SrcFileId="1" StartOffset="2461"/>
</LocList>
</BasicStmnt>
<CondStmnt CovItemId="S54" CovItemPrefix="Date.java" Intrnl_Id="160">
<Branch CovItemId="B19" CovItemPrefix="Date.java" Implct="false" Intrnl_Id="161">
<Cond/>
<LocList>
<Loc EndOffset="2761" SrcFileId="1" StartOffset="2525"/>
</LocList>
<StmntSeq Intrnl_Id="162">
<LocList>
<Loc EndOffset="2756" SrcFileId="1" StartOffset="2531"/>
</LocList>
<CondStmnt CovItemId="S55" CovItemPrefix="Date.java" Intrnl_Id="163">
<Branch CovItemId="B21" CovItemPrefix="Date.java" Implct="false" Intrnl_Id="164">
<Cond/>
<LocList>
<Loc EndOffset="2647" SrcFileId="1" StartOffset="2548"/>
</LocList>
<StmntSeq Intrnl_Id="165">
<LocList>
<Loc EndOffset="2641" SrcFileId="1" StartOffset="2555"/>
</LocList>
<CondStmnt CovItemId="S56" CovItemPrefix="Date.java" Intrnl_Id="166">
<Branch CovItemId="B23" CovItemPrefix="Date.java" Implct="false" Intrnl_Id="167">
<Cond/>
<LocList>
<Loc EndOffset="2611" SrcFileId="1" StartOffset="2599"/>
</LocList>
<StmntSeq Intrnl_Id="168">
<LocList>
<Loc EndOffset="2611" SrcFileId="1" StartOffset="2599"/>
</LocList>
<BasicStmnt CovItemId="S57" CovItemPrefix="Date.java" Intrnl_Id="169">
<LocList>
<Loc EndOffset="2611" SrcFileId="1" StartOffset="2599"/>
</LocList>
</BasicStmnt>
</StmntSeq>
</Branch>
<Branch CovItemId="B24" CovItemPrefix="Date.java" Implct="false" Intrnl_Id="170">
<Cond>
<Loc EndOffset="2621" SrcFileId="1" StartOffset="2617"/>
</Cond>
<LocList>
<Loc EndOffset="2641" SrcFileId="1" StartOffset="2628"/>
</LocList>
<StmntSeq Intrnl_Id="171">
<LocList>
<Loc EndOffset="2641" SrcFileId="1" StartOffset="2628"/>
</LocList>
<BasicStmnt CovItemId="S58" CovItemPrefix="Date.java" Intrnl_Id="172">
<LocList>
<Loc EndOffset="2641" SrcFileId="1" StartOffset="2628"/>
</LocList>
</BasicStmnt>
</StmntSeq>
</Branch>
<Keyword EndOffset="2557" SrcFileId="1" StartOffset="2555"/>
<LocList>
<Loc EndOffset="2641" SrcFileId="1" StartOffset="2555"/>
</LocList>
<RootTerm CovItemId="C12" CovItemPrefix="Date.java" Intrnl_Id="173">
<OpTerm BooleanOpId="3" Intrnl_Id="174">
<BasicBoolTerm Intrnl_Id="175">
<LocList>
<Loc EndOffset="2572" SrcFileId="1" StartOffset="2558"/>
</LocList>
</BasicBoolTerm>
<BasicBoolTerm Intrnl_Id="176">
<LocList>
<Loc EndOffset="2591" SrcFileId="1" StartOffset="2576"/>
</LocList>
</BasicBoolTerm>
<LocList>
<Loc EndOffset="2575" SrcFileId="1" StartOffset="2573"/>
</LocList>
</OpTerm>
</RootTerm>
</CondStmnt>
</StmntSeq>
</Branch>
<Branch CovItemId="B22" CovItemPrefix="Date.java" Implct="false" Intrnl_Id="177">
<Cond>
<Loc EndOffset="2656" SrcFileId="1" StartOffset="2652"/>
</Cond>
<LocList>
<Loc EndOffset="2756" SrcFileId="1" StartOffset="2657"/>
</LocList>
<StmntSeq Intrnl_Id="178">
<LocList>
<Loc EndOffset="2750" SrcFileId="1" StartOffset="2664"/>
</LocList>
<CondStmnt CovItemId="S59" CovItemPrefix="Date.java" Intrnl_Id="179">
<Branch CovItemId="B25" CovItemPrefix="Date.java" Implct="false" Intrnl_Id="180">
<Cond/>
<LocList>
<Loc EndOffset="2720" SrcFileId="1" StartOffset="2708"/>
</LocList>
<StmntSeq Intrnl_Id="181">
<LocList>
<Loc EndOffset="2720" SrcFileId="1" StartOffset="2708"/>
</LocList>
<BasicStmnt CovItemId="S60" CovItemPrefix="Date.java" Intrnl_Id="182">
<LocList>
<Loc EndOffset="2720" SrcFileId="1" StartOffset="2708"/>
</LocList>
</BasicStmnt>
</StmntSeq>
</Branch>
<Branch CovItemId="B26" CovItemPrefix="Date.java" Implct="false" Intrnl_Id="183">
<Cond>
<Loc EndOffset="2730" SrcFileId="1" StartOffset="2726"/>
</Cond>
<LocList>
<Loc EndOffset="2750" SrcFileId="1" StartOffset="2737"/>
</LocList>
<StmntSeq Intrnl_Id="184">
<LocList>
<Loc EndOffset="2750" SrcFileId="1" StartOffset="2737"/>
</LocList>
<BasicStmnt CovItemId="S61" CovItemPrefix="Date.java" Intrnl_Id="185">
<LocList>
<Loc EndOffset="2750" SrcFileId="1" StartOffset="2737"/>
</LocList>
</BasicStmnt>
</StmntSeq>
</Branch>
<Keyword EndOffset="2666" SrcFileId="1" StartOffset="2664"/>
<LocList>
<Loc EndOffset="2750" SrcFileId="1" StartOffset="2664"/>
</LocList>
<RootTerm CovItemId="C13" CovItemPrefix="Date.java" Intrnl_Id="186">
<OpTerm BooleanOpId="3" Intrnl_Id="187">
<BasicBoolTerm Intrnl_Id="188">
<LocList>
<Loc EndOffset="2681" SrcFileId="1" StartOffset="2667"/>
</LocList>
</BasicBoolTerm>
<BasicBoolTerm Intrnl_Id="189">
<LocList>
<Loc EndOffset="2700" SrcFileId="1" StartOffset="2685"/>
</LocList>
</BasicBoolTerm>
<LocList>
<Loc EndOffset="2684" SrcFileId="1" StartOffset="2682"/>
</LocList>
</OpTerm>
</RootTerm>
</CondStmnt>
</StmntSeq>
</Branch>
<Keyword EndOffset="2533" SrcFileId="1" StartOffset="2531"/>
<LocList>
<Loc EndOffset="2756" SrcFileId="1" StartOffset="2531"/>
</LocList>
<RootTerm CovItemId="C11" CovItemPrefix="Date.java" Intrnl_Id="190">
<BasicBoolTerm Intrnl_Id="191">
<LocList>
<Loc EndOffset="2546" SrcFileId="1" StartOffset="2534"/>
</LocList>
</BasicBoolTerm>
</RootTerm>
</CondStmnt>
</StmntSeq>
</Branch>
<Branch CovItemId="B20" CovItemPrefix="Date.java" Implct="true" Intrnl_Id="192">
<Cond/>
<LocList/>
<StmntSeq Intrnl_Id="193">
<LocList/>
</StmntSeq>
</Branch>
<Keyword EndOffset="2497" SrcFileId="1" StartOffset="2495"/>
<LocList>
<Loc EndOffset="2761" SrcFileId="1" StartOffset="2495"/>
</LocList>
<RootTerm CovItemId="C10" CovItemPrefix="Date.java" Intrnl_Id="194">
<BasicBoolTerm Intrnl_Id="195">
<LocList>
<Loc EndOffset="2523" SrcFileId="1" StartOffset="2498"/>
</LocList>
</BasicBoolTerm>
</RootTerm>
</CondStmnt>
<BasicStmnt CovItemId="S62" CovItemPrefix="Date.java" Intrnl_Id="196">
<LocList>
<Loc EndOffset="2778" SrcFileId="1" StartOffset="2765"/>
</LocList>
</BasicStmnt>
</StmntSeq>
</HierarchyLvl>
<HierarchyLvl HierarchyLvlId="122" HierarchyLvlTypeId="5" Intrnl_Id="197" Name="gettrue">
<Header>
<Loc EndOffset="2809" SrcFileId="1" StartOffset="2788"/>
</Header>
<LocList>
<Loc EndOffset="2850" SrcFileId="1" StartOffset="2788"/>
</LocList>
<StmntSeq Intrnl_Id="198">
<LocList>
<Loc EndOffset="2846" SrcFileId="1" StartOffset="2815"/>
</LocList>
<BasicStmnt CovItemId="S63" CovItemPrefix="Date.java" Intrnl_Id="199">
<LocList>
<Loc EndOffset="2846" SrcFileId="1" StartOffset="2815"/>
</LocList>
</BasicStmnt>
</StmntSeq>
</HierarchyLvl>
<HierarchyLvl HierarchyLvlId="123" HierarchyLvlTypeId="5" Intrnl_Id="200" Name="getfalse">
<Header>
<Loc EndOffset="2878" SrcFileId="1" StartOffset="2856"/>
</Header>
<LocList>
<Loc EndOffset="2920" SrcFileId="1" StartOffset="2856"/>
</LocList>
<StmntSeq Intrnl_Id="201">
<LocList>
<Loc EndOffset="2916" SrcFileId="1" StartOffset="2884"/>
</LocList>
<BasicStmnt CovItemId="S64" CovItemPrefix="Date.java" Intrnl_Id="202">
<LocList>
<Loc EndOffset="2916" SrcFileId="1" StartOffset="2884"/>
</LocList>
</BasicStmnt>
</StmntSeq>
</HierarchyLvl>
<HierarchyLvl HierarchyLvlId="124" HierarchyLvlTypeId="5" Intrnl_Id="203" Name="gettips">
<Header>
<Loc EndOffset="2947" SrcFileId="1" StartOffset="2926"/>
</Header>
<LocList>
<Loc EndOffset="2987" SrcFileId="1" StartOffset="2926"/>
</LocList>
<StmntSeq Intrnl_Id="204">
<LocList>
<Loc EndOffset="2983" SrcFileId="1" StartOffset="2953"/>
</LocList>
<BasicStmnt CovItemId="S65" CovItemPrefix="Date.java" Intrnl_Id="205">
<LocList>
<Loc EndOffset="2983" SrcFileId="1" StartOffset="2953"/>
</LocList>
</BasicStmnt>
</StmntSeq>
</HierarchyLvl>
</HierarchyLvl>
<HierarchyLvl HierarchyLvlId="131" HierarchyLvlTypeId="6" Intrnl_Id="206" Name="DateTests">
<Header>
<Loc EndOffset="106" SrcFileId="2" StartOffset="91"/>
</Header>
<LocList>
<Loc EndOffset="2368" SrcFileId="2" StartOffset="91"/>
</LocList>
<HierarchyLvl HierarchyLvlId="126" HierarchyLvlTypeId="5" Intrnl_Id="207" Name="test">
<Header>
<Loc EndOffset="152" SrcFileId="2" StartOffset="111"/>
</Header>
<LocList>
<Loc EndOffset="327" SrcFileId="2" StartOffset="111"/>
</LocList>
<StmntSeq Intrnl_Id="208">
<LocList>
<Loc EndOffset="218" SrcFileId="2" StartOffset="197"/>
<Loc EndOffset="240" SrcFileId="2" StartOffset="222"/>
<Loc EndOffset="281" SrcFileId="2" StartOffset="244"/>
<Loc EndOffset="296" SrcFileId="2" StartOffset="285"/>
</LocList>
<BasicStmnt CovItemId="S1" CovItemPrefix="DateTests.java" Intrnl_Id="209">
<LocList>
<Loc EndOffset="218" SrcFileId="2" StartOffset="197"/>
</LocList>
</BasicStmnt>
<BasicStmnt CovItemId="S2" CovItemPrefix="DateTests.java" Intrnl_Id="210">
<LocList>
<Loc EndOffset="240" SrcFileId="2" StartOffset="222"/>
</LocList>
</BasicStmnt>
<CondStmnt CovItemId="S3" CovItemPrefix="DateTests.java" Intrnl_Id="211">
<Branch CovItemId="B1" CovItemPrefix="DateTests.java" Implct="false" Intrnl_Id="212">
<Cond/>
<LocList>
<Loc EndOffset="281" SrcFileId="2" StartOffset="268"/>
</LocList>
<StmntSeq Intrnl_Id="213">
<LocList>
<Loc EndOffset="281" SrcFileId="2" StartOffset="268"/>
</LocList>
<BasicStmnt CovItemId="S4" CovItemPrefix="DateTests.java" Intrnl_Id="214">
<LocList>
<Loc EndOffset="281" SrcFileId="2" StartOffset="268"/>
</LocList>
</BasicStmnt>
</StmntSeq>
</Branch>
<Branch CovItemId="B2" CovItemPrefix="DateTests.java" Implct="true" Intrnl_Id="215">
<Cond/>
<LocList/>
<StmntSeq Intrnl_Id="216">
<LocList/>
</StmntSeq>
</Branch>
<Keyword EndOffset="246" SrcFileId="2" StartOffset="244"/>
<LocList>
<Loc EndOffset="281" SrcFileId="2" StartOffset="244"/>
</LocList>
<RootTerm CovItemId="C1" CovItemPrefix="DateTests.java" Intrnl_Id="217">
<OpTerm BooleanOpId="4" Intrnl_Id="218">
<BasicBoolTerm Intrnl_Id="219">
<LocList>
<Loc EndOffset="262" SrcFileId="2" StartOffset="249"/>
</LocList>
</BasicBoolTerm>
<LocList>
<Loc EndOffset="249" SrcFileId="2" StartOffset="248"/>
</LocList>
</OpTerm>
</RootTerm>
</CondStmnt>
<BasicStmnt CovItemId="S5" CovItemPrefix="DateTests.java" Intrnl_Id="220">
<LocList>
<Loc EndOffset="296" SrcFileId="2" StartOffset="285"/>
</LocList>
</BasicStmnt>
</StmntSeq>
</HierarchyLvl>
<HierarchyLvl HierarchyLvlId="127" HierarchyLvlTypeId="5" Intrnl_Id="221" Name="test1">
<Header>
<Loc EndOffset="374" SrcFileId="2" StartOffset="332"/>
</Header>
<LocList>
<Loc EndOffset="730" SrcFileId="2" StartOffset="332"/>
</LocList>
<StmntSeq Intrnl_Id="222">
<LocList>
<Loc EndOffset="421" SrcFileId="2" StartOffset="400"/>
<Loc EndOffset="445" SrcFileId="2" StartOffset="425"/>
<Loc EndOffset="466" SrcFileId="2" StartOffset="449"/>
<Loc EndOffset="488" SrcFileId="2" StartOffset="470"/>
<Loc EndOffset="638" SrcFileId="2" StartOffset="618"/>
<Loc EndOffset="659" SrcFileId="2" StartOffset="642"/>
<Loc EndOffset="681" SrcFileId="2" StartOffset="663"/>
<Loc EndOffset="709" SrcFileId="2" StartOffset="685"/>
<Loc EndOffset="726" SrcFileId="2" StartOffset="713"/>
</LocList>
<BasicStmnt CovItemId="S6" CovItemPrefix="DateTests.java" Intrnl_Id="223">
<LocList>
<Loc EndOffset="421" SrcFileId="2" StartOffset="400"/>
</LocList>
</BasicStmnt>
<BasicStmnt CovItemId="S7" CovItemPrefix="DateTests.java" Intrnl_Id="224">
<LocList>
<Loc EndOffset="445" SrcFileId="2" StartOffset="425"/>
</LocList>
</BasicStmnt>
<BasicStmnt CovItemId="S8" CovItemPrefix="DateTests.java" Intrnl_Id="225">
<LocList>
<Loc EndOffset="466" SrcFileId="2" StartOffset="449"/>
</LocList>
</BasicStmnt>
<BasicStmnt CovItemId="S9" CovItemPrefix="DateTests.java" Intrnl_Id="226">
<LocList>
<Loc EndOffset="488" SrcFileId="2" StartOffset="470"/>
</LocList>
</BasicStmnt>
<BasicStmnt CovItemId="S10" CovItemPrefix="DateTests.java" Intrnl_Id="227">
<LocList>
<Loc EndOffset="638" SrcFileId="2" StartOffset="618"/>
</LocList>
</BasicStmnt>
<BasicStmnt CovItemId="S11" CovItemPrefix="DateTests.java" Intrnl_Id="228">
<LocList>
<Loc EndOffset="659" SrcFileId="2" StartOffset="642"/>
</LocList>
</BasicStmnt>
<BasicStmnt CovItemId="S12" CovItemPrefix="DateTests.java" Intrnl_Id="229">
<LocList>
<Loc EndOffset="681" SrcFileId="2" StartOffset="663"/>
</LocList>
</BasicStmnt>
<CondStmnt CovItemId="S13" CovItemPrefix="DateTests.java" Intrnl_Id="230">
<Branch CovItemId="B3" CovItemPrefix="DateTests.java" Implct="false" Intrnl_Id="231">
<Cond/>
<LocList>
<Loc EndOffset="709" SrcFileId="2" StartOffset="708"/>
</LocList>
<StmntSeq Intrnl_Id="232">
<LocList>
<Loc EndOffset="709" SrcFileId="2" StartOffset="708"/>
</LocList>
<BasicStmnt CovItemId="S14" CovItemPrefix="DateTests.java" Intrnl_Id="233">
<LocList>
<Loc EndOffset="709" SrcFileId="2" StartOffset="708"/>
</LocList>
</BasicStmnt>
</StmntSeq>
</Branch>
<Branch CovItemId="B4" CovItemPrefix="DateTests.java" Implct="true" Intrnl_Id="234">
<Cond/>
<LocList/>
<StmntSeq Intrnl_Id="235">
<LocList/>
</StmntSeq>
</Branch>
<Keyword EndOffset="687" SrcFileId="2" StartOffset="685"/>
<LocList>
<Loc EndOffset="709" SrcFileId="2" StartOffset="685"/>
</LocList>
<RootTerm CovItemId="C2" CovItemPrefix="DateTests.java" Intrnl_Id="236">
<OpTerm BooleanOpId="4" Intrnl_Id="237">
<BasicBoolTerm Intrnl_Id="238">
<LocList>
<Loc EndOffset="702" SrcFileId="2" StartOffset="690"/>
</LocList>
</BasicBoolTerm>
<LocList>
<Loc EndOffset="690" SrcFileId="2" StartOffset="689"/>
</LocList>
</OpTerm>
</RootTerm>
</CondStmnt>
<BasicStmnt CovItemId="S15" CovItemPrefix="DateTests.java" Intrnl_Id="239">
<LocList>
<Loc EndOffset="726" SrcFileId="2" StartOffset="713"/>
</LocList>
</BasicStmnt>
</StmntSeq>
</HierarchyLvl>
<HierarchyLvl HierarchyLvlId="128" HierarchyLvlTypeId="5" Intrnl_Id="240" Name="test2">
<Header>
<Loc EndOffset="777" SrcFileId="2" StartOffset="735"/>
</Header>
<LocList>
<Loc EndOffset="1000" SrcFileId="2" StartOffset="735"/>
</LocList>
<StmntSeq Intrnl_Id="241">
<LocList>
<Loc EndOffset="827" SrcFileId="2" StartOffset="806"/>
<Loc EndOffset="848" SrcFileId="2" StartOffset="831"/>
<Loc EndOffset="901" SrcFileId="2" StartOffset="884"/>
<Loc EndOffset="967" SrcFileId="2" StartOffset="950"/>
</LocList>
<BasicStmnt CovItemId="S16" CovItemPrefix="DateTests.java" Intrnl_Id="242">
<LocList>
<Loc EndOffset="827" SrcFileId="2" StartOffset="806"/>
</LocList>
</BasicStmnt>
<BasicStmnt CovItemId="S17" CovItemPrefix="DateTests.java" Intrnl_Id="243">
<LocList>
<Loc EndOffset="848" SrcFileId="2" StartOffset="831"/>
</LocList>
</BasicStmnt>
<BasicStmnt CovItemId="S18" CovItemPrefix="DateTests.java" Intrnl_Id="244">
<LocList>
<Loc EndOffset="901" SrcFileId="2" StartOffset="884"/>
</LocList>
</BasicStmnt>
<BasicStmnt CovItemId="S19" CovItemPrefix="DateTests.java" Intrnl_Id="245">
<LocList>
<Loc EndOffset="967" SrcFileId="2" StartOffset="950"/>
</LocList>
</BasicStmnt>
</StmntSeq>
</HierarchyLvl>
<HierarchyLvl HierarchyLvlId="129" HierarchyLvlTypeId="5" Intrnl_Id="246" Name="test3">
<Header>
<Loc EndOffset="1047" SrcFileId="2" StartOffset="1005"/>
</Header>
<LocList>
<Loc EndOffset="1207" SrcFileId="2" StartOffset="1005"/>
</LocList>
<StmntSeq Intrnl_Id="247">
<LocList>
<Loc EndOffset="1099" SrcFileId="2" StartOffset="1078"/>
<Loc EndOffset="1118" SrcFileId="2" StartOffset="1103"/>
<Loc EndOffset="1172" SrcFileId="2" StartOffset="1156"/>
</LocList>
<BasicStmnt CovItemId="S20" CovItemPrefix="DateTests.java" Intrnl_Id="248">
<LocList>
<Loc EndOffset="1099" SrcFileId="2" StartOffset="1078"/>
</LocList>
</BasicStmnt>
<BasicStmnt CovItemId="S21" CovItemPrefix="DateTests.java" Intrnl_Id="249">
<LocList>
<Loc EndOffset="1118" SrcFileId="2" StartOffset="1103"/>
</LocList>
</BasicStmnt>
<BasicStmnt CovItemId="S22" CovItemPrefix="DateTests.java" Intrnl_Id="250">
<LocList>
<Loc EndOffset="1172" SrcFileId="2" StartOffset="1156"/>
</LocList>
</BasicStmnt>
</StmntSeq>
</HierarchyLvl>
<HierarchyLvl HierarchyLvlId="130" HierarchyLvlTypeId="5" Intrnl_Id="251" Name="test4">
<Header>
<Loc EndOffset="1254" SrcFileId="2" StartOffset="1212"/>
</Header>
<LocList>
<Loc EndOffset="2363" SrcFileId="2" StartOffset="1212"/>
</LocList>
<StmntSeq Intrnl_Id="252">
<LocList>
<Loc EndOffset="1305" SrcFileId="2" StartOffset="1284"/>
<Loc EndOffset="1326" SrcFileId="2" StartOffset="1309"/>
<Loc EndOffset="1345" SrcFileId="2" StartOffset="1330"/>
<Loc EndOffset="1364" SrcFileId="2" StartOffset="1349"/>
<Loc EndOffset="1435" SrcFileId="2" StartOffset="1368"/>
<Loc EndOffset="1458" SrcFileId="2" StartOffset="1441"/>
<Loc EndOffset="1477" SrcFileId="2" StartOffset="1462"/>
<Loc EndOffset="1496" SrcFileId="2" StartOffset="1481"/>
<Loc EndOffset="1567" SrcFileId="2" StartOffset="1500"/>
<Loc EndOffset="1590" SrcFileId="2" StartOffset="1573"/>
<Loc EndOffset="1609" SrcFileId="2" StartOffset="1594"/>
<Loc EndOffset="1628" SrcFileId="2" StartOffset="1613"/>
<Loc EndOffset="1699" SrcFileId="2" StartOffset="1632"/>
<Loc EndOffset="1722" SrcFileId="2" StartOffset="1705"/>
<Loc EndOffset="1741" SrcFileId="2" StartOffset="1726"/>
<Loc EndOffset="1760" SrcFileId="2" StartOffset="1745"/>
<Loc EndOffset="1831" SrcFileId="2" StartOffset="1764"/>
<Loc EndOffset="1854" SrcFileId="2" StartOffset="1837"/>
<Loc EndOffset="1873" SrcFileId="2" StartOffset="1858"/>
<Loc EndOffset="1892" SrcFileId="2" StartOffset="1877"/>
<Loc EndOffset="1963" SrcFileId="2" StartOffset="1896"/>
<Loc EndOffset="1986" SrcFileId="2" StartOffset="1969"/>
<Loc EndOffset="2005" SrcFileId="2" StartOffset="1990"/>
<Loc EndOffset="2024" SrcFileId="2" StartOffset="2009"/>
<Loc EndOffset="2095" SrcFileId="2" StartOffset="2028"/>
<Loc EndOffset="2118" SrcFileId="2" StartOffset="2101"/>
<Loc EndOffset="2137" SrcFileId="2" StartOffset="2122"/>
<Loc EndOffset="2156" SrcFileId="2" StartOffset="2141"/>
<Loc EndOffset="2227" SrcFileId="2" StartOffset="2160"/>
<Loc EndOffset="2250" SrcFileId="2" StartOffset="2233"/>
<Loc EndOffset="2269" SrcFileId="2" StartOffset="2254"/>
<Loc EndOffset="2288" SrcFileId="2" StartOffset="2273"/>
<Loc EndOffset="2359" SrcFileId="2" StartOffset="2292"/>
</LocList>
<BasicStmnt CovItemId="S23" CovItemPrefix="DateTests.java" Intrnl_Id="253">
<LocList>
<Loc EndOffset="1305" SrcFileId="2" StartOffset="1284"/>
</LocList>
</BasicStmnt>
<BasicStmnt CovItemId="S24" CovItemPrefix="DateTests.java" Intrnl_Id="254">
<LocList>
<Loc EndOffset="1326" SrcFileId="2" StartOffset="1309"/>
</LocList>
</BasicStmnt>
<BasicStmnt CovItemId="S25" CovItemPrefix="DateTests.java" Intrnl_Id="255">
<LocList>
<Loc EndOffset="1345" SrcFileId="2" StartOffset="1330"/>
</LocList>
</BasicStmnt>
<BasicStmnt CovItemId="S26" CovItemPrefix="DateTests.java" Intrnl_Id="256">
<LocList>
<Loc EndOffset="1364" SrcFileId="2" StartOffset="1349"/>
</LocList>
</BasicStmnt>
<CondStmnt CovItemId="S27" CovItemPrefix="DateTests.java" Intrnl_Id="257">
<Branch CovItemId="B5" CovItemPrefix="DateTests.java" Implct="false" Intrnl_Id="258">
<Cond/>
<LocList>
<Loc EndOffset="1409" SrcFileId="2" StartOffset="1395"/>
</LocList>
<StmntSeq Intrnl_Id="259">
<LocList>
<Loc EndOffset="1409" SrcFileId="2" StartOffset="1395"/>
</LocList>
<BasicStmnt CovItemId="S28" CovItemPrefix="DateTests.java" Intrnl_Id="260">
<LocList>
<Loc EndOffset="1409" SrcFileId="2" StartOffset="1395"/>
</LocList>
</BasicStmnt>
</StmntSeq>
</Branch>
<Branch CovItemId="B6" CovItemPrefix="DateTests.java" Implct="false" Intrnl_Id="261">
<Cond>
<Loc EndOffset="1417" SrcFileId="2" StartOffset="1413"/>
</Cond>
<LocList>
<Loc EndOffset="1435" SrcFileId="2" StartOffset="1422"/>
</LocList>
<StmntSeq Intrnl_Id="262">
<LocList>
<Loc EndOffset="1435" SrcFileId="2" StartOffset="1422"/>
</LocList>
<BasicStmnt CovItemId="S29" CovItemPrefix="DateTests.java" Intrnl_Id="263">
<LocList>
<Loc EndOffset="1435" SrcFileId="2" StartOffset="1422"/>
</LocList>
</BasicStmnt>
</StmntSeq>
</Branch>
<Keyword EndOffset="1370" SrcFileId="2" StartOffset="1368"/>
<LocList>
<Loc EndOffset="1435" SrcFileId="2" StartOffset="1368"/>
</LocList>
<RootTerm CovItemId="C3" CovItemPrefix="DateTests.java" Intrnl_Id="264">
<OpTerm BooleanOpId="4" Intrnl_Id="265">
<BasicBoolTerm Intrnl_Id="266">
<LocList>
<Loc EndOffset="1389" SrcFileId="2" StartOffset="1373"/>
</LocList>
</BasicBoolTerm>
<LocList>
<Loc EndOffset="1373" SrcFileId="2" StartOffset="1372"/>
</LocList>
</OpTerm>
</RootTerm>
</CondStmnt>
<BasicStmnt CovItemId="S30" CovItemPrefix="DateTests.java" Intrnl_Id="267">
<LocList>
<Loc EndOffset="1458" SrcFileId="2" StartOffset="1441"/>
</LocList>
</BasicStmnt>
<BasicStmnt CovItemId="S31" CovItemPrefix="DateTests.java" Intrnl_Id="268">
<LocList>
<Loc EndOffset="1477" SrcFileId="2" StartOffset="1462"/>
</LocList>
</BasicStmnt>
<BasicStmnt CovItemId="S32" CovItemPrefix="DateTests.java" Intrnl_Id="269">
<LocList>
<Loc EndOffset="1496" SrcFileId="2" StartOffset="1481"/>
</LocList>
</BasicStmnt>
<CondStmnt CovItemId="S33" CovItemPrefix="DateTests.java" Intrnl_Id="270">
<Branch CovItemId="B7" CovItemPrefix="DateTests.java" Implct="false" Intrnl_Id="271">
<Cond/>
<LocList>
<Loc EndOffset="1541" SrcFileId="2" StartOffset="1527"/>
</LocList>
<StmntSeq Intrnl_Id="272">
<LocList>
<Loc EndOffset="1541" SrcFileId="2" StartOffset="1527"/>
</LocList>
<BasicStmnt CovItemId="S34" CovItemPrefix="DateTests.java" Intrnl_Id="273">
<LocList>
<Loc EndOffset="1541" SrcFileId="2" StartOffset="1527"/>
</LocList>
</BasicStmnt>
</StmntSeq>
</Branch>
<Branch CovItemId="B8" CovItemPrefix="DateTests.java" Implct="false" Intrnl_Id="274">
<Cond>
<Loc EndOffset="1549" SrcFileId="2" StartOffset="1545"/>
</Cond>
<LocList>
<Loc EndOffset="1567" SrcFileId="2" StartOffset="1554"/>
</LocList>
<StmntSeq Intrnl_Id="275">
<LocList>
<Loc EndOffset="1567" SrcFileId="2" StartOffset="1554"/>
</LocList>
<BasicStmnt CovItemId="S35" CovItemPrefix="DateTests.java" Intrnl_Id="276">
<LocList>
<Loc EndOffset="1567" SrcFileId="2" StartOffset="1554"/>
</LocList>
</BasicStmnt>
</StmntSeq>
</Branch>
<Keyword EndOffset="1502" SrcFileId="2" StartOffset="1500"/>
<LocList>
<Loc EndOffset="1567" SrcFileId="2" StartOffset="1500"/>
</LocList>
<RootTerm CovItemId="C4" CovItemPrefix="DateTests.java" Intrnl_Id="277">
<OpTerm BooleanOpId="4" Intrnl_Id="278">
<BasicBoolTerm Intrnl_Id="279">
<LocList>
<Loc EndOffset="1521" SrcFileId="2" StartOffset="1505"/>
</LocList>
</BasicBoolTerm>
<LocList>
<Loc EndOffset="1505" SrcFileId="2" StartOffset="1504"/>
</LocList>
</OpTerm>
</RootTerm>
</CondStmnt>
<BasicStmnt CovItemId="S36" CovItemPrefix="DateTests.java" Intrnl_Id="280">
<LocList>
<Loc EndOffset="1590" SrcFileId="2" StartOffset="1573"/>
</LocList>
</BasicStmnt>
<BasicStmnt CovItemId="S37" CovItemPrefix="DateTests.java" Intrnl_Id="281">
<LocList>
<Loc EndOffset="1609" SrcFileId="2" StartOffset="1594"/>
</LocList>
</BasicStmnt>
<BasicStmnt CovItemId="S38" CovItemPrefix="DateTests.java" Intrnl_Id="282">
<LocList>
<Loc EndOffset="1628" SrcFileId="2" StartOffset="1613"/>
</LocList>
</BasicStmnt>
<CondStmnt CovItemId="S39" CovItemPrefix="DateTests.java" Intrnl_Id="283">
<Branch CovItemId="B9" CovItemPrefix="DateTests.java" Implct="false" Intrnl_Id="284">
<Cond/>
<LocList>
<Loc EndOffset="1673" SrcFileId="2" StartOffset="1659"/>
</LocList>
<StmntSeq Intrnl_Id="285">
<LocList>
<Loc EndOffset="1673" SrcFileId="2" StartOffset="1659"/>
</LocList>
<BasicStmnt CovItemId="S40" CovItemPrefix="DateTests.java" Intrnl_Id="286">
<LocList>
<Loc EndOffset="1673" SrcFileId="2" StartOffset="1659"/>
</LocList>
</BasicStmnt>
</StmntSeq>
</Branch>
<Branch CovItemId="B10" CovItemPrefix="DateTests.java" Implct="false" Intrnl_Id="287">
<Cond>
<Loc EndOffset="1681" SrcFileId="2" StartOffset="1677"/>
</Cond>
<LocList>
<Loc EndOffset="1699" SrcFileId="2" StartOffset="1686"/>
</LocList>
<StmntSeq Intrnl_Id="288">
<LocList>
<Loc EndOffset="1699" SrcFileId="2" StartOffset="1686"/>
</LocList>
<BasicStmnt CovItemId="S41" CovItemPrefix="DateTests.java" Intrnl_Id="289">
<LocList>
<Loc EndOffset="1699" SrcFileId="2" StartOffset="1686"/>
</LocList>
</BasicStmnt>
</StmntSeq>
</Branch>
<Keyword EndOffset="1634" SrcFileId="2" StartOffset="1632"/>
<LocList>
<Loc EndOffset="1699" SrcFileId="2" StartOffset="1632"/>
</LocList>
<RootTerm CovItemId="C5" CovItemPrefix="DateTests.java" Intrnl_Id="290">
<OpTerm BooleanOpId="4" Intrnl_Id="291">
<BasicBoolTerm Intrnl_Id="292">
<LocList>
<Loc EndOffset="1653" SrcFileId="2" StartOffset="1637"/>
</LocList>
</BasicBoolTerm>
<LocList>
<Loc EndOffset="1637" SrcFileId="2" StartOffset="1636"/>
</LocList>
</OpTerm>
</RootTerm>
</CondStmnt>
<BasicStmnt CovItemId="S42" CovItemPrefix="DateTests.java" Intrnl_Id="293">
<LocList>
<Loc EndOffset="1722" SrcFileId="2" StartOffset="1705"/>
</LocList>
</BasicStmnt>
<BasicStmnt CovItemId="S43" CovItemPrefix="DateTests.java" Intrnl_Id="294">
<LocList>
<Loc EndOffset="1741" SrcFileId="2" StartOffset="1726"/>
</LocList>
</BasicStmnt>
<BasicStmnt CovItemId="S44" CovItemPrefix="DateTests.java" Intrnl_Id="295">
<LocList>
<Loc EndOffset="1760" SrcFileId="2" StartOffset="1745"/>
</LocList>
</BasicStmnt>
<CondStmnt CovItemId="S45" CovItemPrefix="DateTests.java" Intrnl_Id="296">
<Branch CovItemId="B11" CovItemPrefix="DateTests.java" Implct="false" Intrnl_Id="297">
<Cond/>
<LocList>
<Loc EndOffset="1805" SrcFileId="2" StartOffset="1791"/>
</LocList>
<StmntSeq Intrnl_Id="298">
<LocList>
<Loc EndOffset="1805" SrcFileId="2" StartOffset="1791"/>
</LocList>
<BasicStmnt CovItemId="S46" CovItemPrefix="DateTests.java" Intrnl_Id="299">
<LocList>
<Loc EndOffset="1805" SrcFileId="2" StartOffset="1791"/>
</LocList>
</BasicStmnt>
</StmntSeq>
</Branch>
<Branch CovItemId="B12" CovItemPrefix="DateTests.java" Implct="false" Intrnl_Id="300">
<Cond>
<Loc EndOffset="1813" SrcFileId="2" StartOffset="1809"/>
</Cond>
<LocList>
<Loc EndOffset="1831" SrcFileId="2" StartOffset="1818"/>
</LocList>
<StmntSeq Intrnl_Id="301">
<LocList>
<Loc EndOffset="1831" SrcFileId="2" StartOffset="1818"/>
</LocList>
<BasicStmnt CovItemId="S47" CovItemPrefix="DateTests.java" Intrnl_Id="302">
<LocList>
<Loc EndOffset="1831" SrcFileId="2" StartOffset="1818"/>
</LocList>
</BasicStmnt>
</StmntSeq>
</Branch>
<Keyword EndOffset="1766" SrcFileId="2" StartOffset="1764"/>
<LocList>
<Loc EndOffset="1831" SrcFileId="2" StartOffset="1764"/>
</LocList>
<RootTerm CovItemId="C6" CovItemPrefix="DateTests.java" Intrnl_Id="303">
<OpTerm BooleanOpId="4" Intrnl_Id="304">
<BasicBoolTerm Intrnl_Id="305">
<LocList>
<Loc EndOffset="1785" SrcFileId="2" StartOffset="1769"/>
</LocList>
</BasicBoolTerm>
<LocList>
<Loc EndOffset="1769" SrcFileId="2" StartOffset="1768"/>
</LocList>
</OpTerm>
</RootTerm>
</CondStmnt>
<BasicStmnt CovItemId="S48" CovItemPrefix="DateTests.java" Intrnl_Id="306">
<LocList>
<Loc EndOffset="1854" SrcFileId="2" StartOffset="1837"/>
</LocList>
</BasicStmnt>
<BasicStmnt CovItemId="S49" CovItemPrefix="DateTests.java" Intrnl_Id="307">
<LocList>
<Loc EndOffset="1873" SrcFileId="2" StartOffset="1858"/>
</LocList>
</BasicStmnt>
<BasicStmnt CovItemId="S50" CovItemPrefix="DateTests.java" Intrnl_Id="308">
<LocList>
<Loc EndOffset="1892" SrcFileId="2" StartOffset="1877"/>
</LocList>
</BasicStmnt>
<CondStmnt CovItemId="S51" CovItemPrefix="DateTests.java" Intrnl_Id="309">
<Branch CovItemId="B13" CovItemPrefix="DateTests.java" Implct="false" Intrnl_Id="310">
<Cond/>
<LocList>
<Loc EndOffset="1937" SrcFileId="2" StartOffset="1923"/>
</LocList>
<StmntSeq Intrnl_Id="311">
<LocList>
<Loc EndOffset="1937" SrcFileId="2" StartOffset="1923"/>
</LocList>
<BasicStmnt CovItemId="S52" CovItemPrefix="DateTests.java" Intrnl_Id="312">
<LocList>
<Loc EndOffset="1937" SrcFileId="2" StartOffset="1923"/>
</LocList>
</BasicStmnt>
</StmntSeq>
</Branch>
<Branch CovItemId="B14" CovItemPrefix="DateTests.java" Implct="false" Intrnl_Id="313">
<Cond>
<Loc EndOffset="1945" SrcFileId="2" StartOffset="1941"/>
</Cond>
<LocList>
<Loc EndOffset="1963" SrcFileId="2" StartOffset="1950"/>
</LocList>
<StmntSeq Intrnl_Id="314">
<LocList>
<Loc EndOffset="1963" SrcFileId="2" StartOffset="1950"/>
</LocList>
<BasicStmnt CovItemId="S53" CovItemPrefix="DateTests.java" Intrnl_Id="315">
<LocList>
<Loc EndOffset="1963" SrcFileId="2" StartOffset="1950"/>
</LocList>
</BasicStmnt>
</StmntSeq>
</Branch>
<Keyword EndOffset="1898" SrcFileId="2" StartOffset="1896"/>
<LocList>
<Loc EndOffset="1963" SrcFileId="2" StartOffset="1896"/>
</LocList>
<RootTerm CovItemId="C7" CovItemPrefix="DateTests.java" Intrnl_Id="316">
<OpTerm BooleanOpId="4" Intrnl_Id="317">
<BasicBoolTerm Intrnl_Id="318">
<LocList>
<Loc EndOffset="1917" SrcFileId="2" StartOffset="1901"/>
</LocList>
</BasicBoolTerm>
<LocList>
<Loc EndOffset="1901" SrcFileId="2" StartOffset="1900"/>
</LocList>
</OpTerm>
</RootTerm>
</CondStmnt>
<BasicStmnt CovItemId="S54" CovItemPrefix="DateTests.java" Intrnl_Id="319">
<LocList>
<Loc EndOffset="1986" SrcFileId="2" StartOffset="1969"/>
</LocList>
</BasicStmnt>
<BasicStmnt CovItemId="S55" CovItemPrefix="DateTests.java" Intrnl_Id="320">
<LocList>
<Loc EndOffset="2005" SrcFileId="2" StartOffset="1990"/>
</LocList>
</BasicStmnt>
<BasicStmnt CovItemId="S56" CovItemPrefix="DateTests.java" Intrnl_Id="321">
<LocList>
<Loc EndOffset="2024" SrcFileId="2" StartOffset="2009"/>
</LocList>
</BasicStmnt>
<CondStmnt CovItemId="S57" CovItemPrefix="DateTests.java" Intrnl_Id="322">
<Branch CovItemId="B15" CovItemPrefix="DateTests.java" Implct="false" Intrnl_Id="323">
<Cond/>
<LocList>
<Loc EndOffset="2069" SrcFileId="2" StartOffset="2055"/>
</LocList>
<StmntSeq Intrnl_Id="324">
<LocList>
<Loc EndOffset="2069" SrcFileId="2" StartOffset="2055"/>
</LocList>
<BasicStmnt CovItemId="S58" CovItemPrefix="DateTests.java" Intrnl_Id="325">
<LocList>
<Loc EndOffset="2069" SrcFileId="2" StartOffset="2055"/>
</LocList>
</BasicStmnt>
</StmntSeq>
</Branch>
<Branch CovItemId="B16" CovItemPrefix="DateTests.java" Implct="false" Intrnl_Id="326">
<Cond>
<Loc EndOffset="2077" SrcFileId="2" StartOffset="2073"/>
</Cond>
<LocList>
<Loc EndOffset="2095" SrcFileId="2" StartOffset="2082"/>
</LocList>
<StmntSeq Intrnl_Id="327">
<LocList>
<Loc EndOffset="2095" SrcFileId="2" StartOffset="2082"/>
</LocList>
<BasicStmnt CovItemId="S59" CovItemPrefix="DateTests.java" Intrnl_Id="328">
<LocList>
<Loc EndOffset="2095" SrcFileId="2" StartOffset="2082"/>
</LocList>
</BasicStmnt>
</StmntSeq>
</Branch>
<Keyword EndOffset="2030" SrcFileId="2" StartOffset="2028"/>
<LocList>
<Loc EndOffset="2095" SrcFileId="2" StartOffset="2028"/>
</LocList>
<RootTerm CovItemId="C8" CovItemPrefix="DateTests.java" Intrnl_Id="329">
<OpTerm BooleanOpId="4" Intrnl_Id="330">
<BasicBoolTerm Intrnl_Id="331">
<LocList>
<Loc EndOffset="2049" SrcFileId="2" StartOffset="2033"/>
</LocList>
</BasicBoolTerm>
<LocList>
<Loc EndOffset="2033" SrcFileId="2" StartOffset="2032"/>
</LocList>
</OpTerm>
</RootTerm>
</CondStmnt>
<BasicStmnt CovItemId="S60" CovItemPrefix="DateTests.java" Intrnl_Id="332">
<LocList>
<Loc EndOffset="2118" SrcFileId="2" StartOffset="2101"/>
</LocList>
</BasicStmnt>
<BasicStmnt CovItemId="S61" CovItemPrefix="DateTests.java" Intrnl_Id="333">
<LocList>
<Loc EndOffset="2137" SrcFileId="2" StartOffset="2122"/>
</LocList>
</BasicStmnt>
<BasicStmnt CovItemId="S62" CovItemPrefix="DateTests.java" Intrnl_Id="334">
<LocList>
<Loc EndOffset="2156" SrcFileId="2" StartOffset="2141"/>
</LocList>
</BasicStmnt>
<CondStmnt CovItemId="S63" CovItemPrefix="DateTests.java" Intrnl_Id="335">
<Branch CovItemId="B17" CovItemPrefix="DateTests.java" Implct="false" Intrnl_Id="336">
<Cond/>
<LocList>
<Loc EndOffset="2201" SrcFileId="2" StartOffset="2187"/>
</LocList>
<StmntSeq Intrnl_Id="337">
<LocList>
<Loc EndOffset="2201" SrcFileId="2" StartOffset="2187"/>
</LocList>
<BasicStmnt CovItemId="S64" CovItemPrefix="DateTests.java" Intrnl_Id="338">
<LocList>
<Loc EndOffset="2201" SrcFileId="2" StartOffset="2187"/>
</LocList>
</BasicStmnt>
</StmntSeq>
</Branch>
<Branch CovItemId="B18" CovItemPrefix="DateTests.java" Implct="false" Intrnl_Id="339">
<Cond>
<Loc EndOffset="2209" SrcFileId="2" StartOffset="2205"/>
</Cond>
<LocList>
<Loc EndOffset="2227" SrcFileId="2" StartOffset="2214"/>
</LocList>
<StmntSeq Intrnl_Id="340">
<LocList>
<Loc EndOffset="2227" SrcFileId="2" StartOffset="2214"/>
</LocList>
<BasicStmnt CovItemId="S65" CovItemPrefix="DateTests.java" Intrnl_Id="341">
<LocList>
<Loc EndOffset="2227" SrcFileId="2" StartOffset="2214"/>
</LocList>
</BasicStmnt>
</StmntSeq>
</Branch>
<Keyword EndOffset="2162" SrcFileId="2" StartOffset="2160"/>
<LocList>
<Loc EndOffset="2227" SrcFileId="2" StartOffset="2160"/>
</LocList>
<RootTerm CovItemId="C9" CovItemPrefix="DateTests.java" Intrnl_Id="342">
<OpTerm BooleanOpId="4" Intrnl_Id="343">
<BasicBoolTerm Intrnl_Id="344">
<LocList>
<Loc EndOffset="2181" SrcFileId="2" StartOffset="2165"/>
</LocList>
</BasicBoolTerm>
<LocList>
<Loc EndOffset="2165" SrcFileId="2" StartOffset="2164"/>
</LocList>
</OpTerm>
</RootTerm>
</CondStmnt>
<BasicStmnt CovItemId="S66" CovItemPrefix="DateTests.java" Intrnl_Id="345">
<LocList>
<Loc EndOffset="2250" SrcFileId="2" StartOffset="2233"/>
</LocList>
</BasicStmnt>
<BasicStmnt CovItemId="S67" CovItemPrefix="DateTests.java" Intrnl_Id="346">
<LocList>
<Loc EndOffset="2269" SrcFileId="2" StartOffset="2254"/>
</LocList>
</BasicStmnt>
<BasicStmnt CovItemId="S68" CovItemPrefix="DateTests.java" Intrnl_Id="347">
<LocList>
<Loc EndOffset="2288" SrcFileId="2" StartOffset="2273"/>
</LocList>
</BasicStmnt>
<CondStmnt CovItemId="S69" CovItemPrefix="DateTests.java" Intrnl_Id="348">
<Branch CovItemId="B19" CovItemPrefix="DateTests.java" Implct="false" Intrnl_Id="349">
<Cond/>
<LocList>
<Loc EndOffset="2333" SrcFileId="2" StartOffset="2319"/>
</LocList>
<StmntSeq Intrnl_Id="350">
<LocList>
<Loc EndOffset="2333" SrcFileId="2" StartOffset="2319"/>
</LocList>
<BasicStmnt CovItemId="S70" CovItemPrefix="DateTests.java" Intrnl_Id="351">
<LocList>
<Loc EndOffset="2333" SrcFileId="2" StartOffset="2319"/>
</LocList>
</BasicStmnt>
</StmntSeq>
</Branch>
<Branch CovItemId="B20" CovItemPrefix="DateTests.java" Implct="false" Intrnl_Id="352">
<Cond>
<Loc EndOffset="2341" SrcFileId="2" StartOffset="2337"/>
</Cond>
<LocList>
<Loc EndOffset="2359" SrcFileId="2" StartOffset="2346"/>
</LocList>
<StmntSeq Intrnl_Id="353">
<LocList>
<Loc EndOffset="2359" SrcFileId="2" StartOffset="2346"/>
</LocList>
<BasicStmnt CovItemId="S71" CovItemPrefix="DateTests.java" Intrnl_Id="354">
<LocList>
<Loc EndOffset="2359" SrcFileId="2" StartOffset="2346"/>
</LocList>
</BasicStmnt>
</StmntSeq>
</Branch>
<Keyword EndOffset="2294" SrcFileId="2" StartOffset="2292"/>
<LocList>
<Loc EndOffset="2359" SrcFileId="2" StartOffset="2292"/>
</LocList>
<RootTerm CovItemId="C10" CovItemPrefix="DateTests.java" Intrnl_Id="355">
<OpTerm BooleanOpId="4" Intrnl_Id="356">
<BasicBoolTerm Intrnl_Id="357">
<LocList>
<Loc EndOffset="2313" SrcFileId="2" StartOffset="2297"/>
</LocList>
</BasicBoolTerm>
<LocList>
<Loc EndOffset="2297" SrcFileId="2" StartOffset="2296"/>
</LocList>
</OpTerm>
</RootTerm>
</CondStmnt>
</StmntSeq>
</HierarchyLvl>
</HierarchyLvl>
</HierarchyLvl>
</MASTRoot>
</TestSessionContainer>
