<?xml version="1.0" encoding="UTF-8"?><TestSessionContainer xmlns="http://www.codecover.org/xml/testsession-container" Date="1541515450180" TestSessionContainerId="a0d43b77-f883-4f8f-8c42-575d70d473f0" version="1.0">
<SrcFileList>
<SrcFile Content="import java.util.Arrays;&#13;&#10;import java.util.List;&#13;&#10;&#13;&#10;import org.apache.commons.lang.NumberUtils;&#13;&#10;&#13;&#10;public class Date {&#13;&#10;&#9;String y;&#13;&#10;&#9;String m;&#13;&#10;&#9;String d;&#13;&#10;&#9;private int year;&#13;&#10;&#9;private int month;&#13;&#10;&#9;private int date;&#13;&#10;&#9;private String tips = &quot;There are not numbers in your words!&quot;;&#13;&#10;&#9;private String Truee = &quot;It is legal.&quot;;&#13;&#10;&#9;private String Falsee = &quot;It is illegal.&quot;;&#13;&#10;&#9;&#13;&#10;&#9;public Date() {&#13;&#10;&#9;&#9;y = &quot;&quot;;&#13;&#10;&#9;&#9;m = &quot;&quot;;&#13;&#10;&#9;&#9;d = &quot;&quot;;&#13;&#10;&#9;&#9;year = 0;&#13;&#10;&#9;&#9;month = 0;&#13;&#10;&#9;&#9;date = 0;&#13;&#10;&#9;}&#13;&#10;&#9;&#13;&#10;&#9;public void getchary(String s)&#9;{&#13;&#10;&#9;&#9;this.y = s;&#13;&#10;&#9;}&#13;&#10;&#9;&#13;&#10;&#9;public void getcharm(String s) {&#13;&#10;&#9;&#9;this.m = s;&#13;&#10;&#9;}&#13;&#10;&#9;&#13;&#10;&#9;public void getchard(String s) {&#13;&#10;&#9;&#9;this.d = s;&#13;&#10;&#9;}&#13;&#10;&#9;&#13;&#10;&#9;public int getyear() {&#13;&#10;&#9;&#9;return this.year;&#13;&#10;&#9;}&#13;&#10;&#9;&#13;&#10;&#9;public int getmonth() {&#13;&#10;&#9;&#9;return this.month;&#13;&#10;&#9;}&#13;&#10;&#9;&#13;&#10;&#9;public int getdate() {&#13;&#10;&#9;&#9;return this.date;&#13;&#10;&#9;}&#13;&#10;&#9;&#13;&#10;&#9;public void setyear(int years) {&#13;&#10;&#9;&#9;this.year = years;&#13;&#10;&#9;}&#13;&#10;&#9;&#13;&#10;&#9;public void setmonth(int months) {&#13;&#10;&#9;&#9;this.month = months;&#13;&#10;&#9;}&#13;&#10;&#9;&#13;&#10;&#9;public void setdate(int dates) {&#13;&#10;&#9;&#9;this.date = dates;&#13;&#10;&#9;}&#13;&#10;&#9;&#13;&#10;&#9;public boolean IsLegal(String s) {&#13;&#10;&#9;&#9;NumberUtils num = new NumberUtils();&#13;&#10;&#9;&#9;return num.isDigits(s);&#13;&#10;&#9;}&#13;&#10;&#9;&#13;&#10;&#9;public int ConvertCharstoInteger(String s) {&#13;&#10;&#9;&#9;NumberUtils num = new NumberUtils();&#9;&#9;&#13;&#10;&#9;&#9;return num.stringToInt(s);&#9;&#9;&#13;&#10;&#9;}&#13;&#10;&#9;&#13;&#10;&#9;public boolean Convert() {&#13;&#10;&#9;&#9;if(IsLegal(y)&amp;&amp;IsLegal(m)&amp;&amp;IsLegal(d)) {&#13;&#10;&#9;&#9;this.year = this.ConvertCharstoInteger(y);&#13;&#10;&#9;&#9;this.month = this.ConvertCharstoInteger(m);&#13;&#10;&#9;&#9;this.date = this.ConvertCharstoInteger(d);&#13;&#10;&#9;&#9;return true;&#13;&#10;&#9;&#9;}&#13;&#10;&#9;&#9;else&#9;{&#13;&#10;&#9;&#9;&#9;this.gettips();&#13;&#10;&#9;&#9;&#9;return false;&#13;&#10;&#9;&#9;}&#13;&#10;&#9;}&#13;&#10;&#9;&#13;&#10;&#9;public boolean IsLeapYear() {&#13;&#10;&#9;&#9;if(this.year % 4 == 0) {&#13;&#10;&#9;&#9;&#9;if(this.year % 100 == 0) {&#9;&#9;&#9;&#13;&#10;&#9;&#9;&#9;&#9;if(this.year % 400 == 0)&#13;&#10;&#9;&#9;&#9;&#9;&#9;return true;&#13;&#10;&#9;&#9;&#9;&#9;else&#13;&#10;&#9;&#9;&#9;&#9;&#9;return true;&#13;&#10;&#9;&#9;&#9;&#9;&#9;//return false;&#9;&#9;&#9;&#9;//The Fault&#13;&#10;&#9;&#9;&#9;}&#13;&#10;&#9;&#9;&#9;else&#13;&#10;&#9;&#9;&#9;&#9;return true;&#9;&#9;&#9;&#9;&#13;&#10;&#9;&#9;}&#13;&#10;&#9;&#9;else&#13;&#10;&#9;&#9;&#9;return false;&#13;&#10;&#9;}&#13;&#10;&#9;&#13;&#10;&#9;public boolean IsLegalMonth() {&#13;&#10;&#9;&#9;if(this.month &gt;= 1 &amp;&amp; this.month &lt;= 12)&#13;&#10;&#9;&#9;&#9;return true;&#13;&#10;&#9;&#9;else&#13;&#10;&#9;&#9;&#9;return false;&#13;&#10;&#9;}&#13;&#10;&#9;&#13;&#10;&#9;public boolean IsLegalDate() {&#13;&#10;&#9;&#9;Integer [] big = new Integer[] {1, 3, 5, 7, 8, 10, 12};&#13;&#10;&#9;&#9;Integer [] small = new Integer [] {4, 6, 9, 11};&#13;&#10;&#9;&#9;Integer [] special = new Integer [] {2};   &#13;&#10;&#9;&#9;List&lt;Integer&gt; list = Arrays.asList(big);&#13;&#10;&#9;&#9;if(list.contains(this.month)) {&#13;&#10;&#9;&#9;&#9;if(this.date &gt;=1 &amp;&amp; this.date &lt;= 31)&#13;&#10;&#9;&#9;&#9;&#9;return true;&#13;&#10;&#9;&#9;&#9;else&#13;&#10;&#9;&#9;&#9;&#9;return false;&#13;&#10;&#9;&#9;}&#13;&#10;&#9;&#9;list = Arrays.asList(small);&#13;&#10;&#9;&#9;if(list.contains(this.month)) {&#13;&#10;&#9;&#9;&#9;if(this.date &gt;=1 &amp;&amp; this.date &lt;= 30)&#13;&#10;&#9;&#9;&#9;&#9;return true;&#13;&#10;&#9;&#9;&#9;else&#13;&#10;&#9;&#9;&#9;&#9;return false;&#13;&#10;&#9;&#9;}&#13;&#10;&#9;&#9;list = Arrays.asList(special);&#13;&#10;&#9;&#9;if(list.contains(this.month)) {&#13;&#10;&#9;&#9;&#9;if(IsLeapYear()) {&#13;&#10;&#9;&#9;&#9;&#9;if(this.date &gt;= 1 &amp;&amp; this.date &lt;= 29)&#13;&#10;&#9;&#9;&#9;&#9;&#9;return true;&#13;&#10;&#9;&#9;&#9;&#9;else&#13;&#10;&#9;&#9;&#9;&#9;&#9;return false;&#13;&#10;&#9;&#9;&#9;}&#13;&#10;&#9;&#9;&#9;else {&#13;&#10;&#9;&#9;&#9;&#9;if(this.date &gt;= 1 &amp;&amp; this.date &lt;= 28)&#13;&#10;&#9;&#9;&#9;&#9;&#9;return true;&#13;&#10;&#9;&#9;&#9;&#9;else&#13;&#10;&#9;&#9;&#9;&#9;&#9;return false;&#13;&#10;&#9;&#9;&#9;}&#13;&#10;&#9;&#9;}&#13;&#10;&#9;&#9;return false;&#13;&#10;&#9;}&#13;&#10;&#9;&#13;&#10;&#9;public void gettrue() {&#13;&#10;&#9;&#9;System.out.println(this.Truee);&#13;&#10;&#9;}&#13;&#10;&#9;&#13;&#10;&#9;public void getfalse() {&#13;&#10;&#9;&#9;System.out.println(this.Falsee);&#13;&#10;&#9;}&#13;&#10;&#9;&#13;&#10;&#9;public void gettips() {&#13;&#10;&#9;&#9;System.out.println(this.tips);&#13;&#10;&#9;}&#13;&#10;}&#13;&#10;" Filename="Date.java" Intrnl_Id="1"/>
<SrcFile Content="import static org.junit.jupiter.api.Assertions.*;&#13;&#10;&#13;&#10;import java.util.Arrays;&#13;&#10;import java.util.List;&#13;&#10;&#13;&#10;import org.apache.commons.lang.NumberUtils;&#13;&#10;import org.apache.commons.lang.StringUtils;&#13;&#10;import org.junit.jupiter.api.Test;&#13;&#10;&#13;&#10;class DateDriverTests {&#13;&#10;&#9;//The Driver part.&#13;&#10;&#9;@Test&#13;&#10;&#9;void drivertest() {&#9;&#9;&#9;//Driver A&#13;&#10;&#9;&#9;Date dd = new Date();&#13;&#10;&#9;&#9;dd.getchary(&quot;201X&quot;);&#13;&#10;&#9;&#9;dd.getcharm(&quot;12&quot;);&#13;&#10;&#9;&#9;dd.getchard(&quot;39&quot;);&#13;&#10;&#9;&#9;assert(!(dd.IsLegal(dd.y)&amp;&amp;dd.IsLegal(dd.m)&amp;&amp;dd.IsLegal(dd.d)));&#13;&#10;&#9;&#9;dd.getchary(&quot;20133&quot;);&#13;&#10;&#9;&#9;dd.getcharm(&quot;23&quot;);&#13;&#10;&#9;&#9;dd.getchard(&quot;  &quot;);&#13;&#10;&#9;&#9;assert(!(dd.IsLegal(dd.y)&amp;&amp;dd.IsLegal(dd.m)&amp;&amp;dd.IsLegal(dd.d)));&#13;&#10;&#9;}&#13;&#10;&#9;@Test&#13;&#10;&#9;void drivertest2() {&#9;&#9;//Driver B&#13;&#10;&#9;&#9;Date dd = new Date();&#13;&#10;&#9;&#9;dd.setyear(2012);&#13;&#10;&#9;&#9;assert(dd.IsLeapYear());&#13;&#10;&#9;&#9;dd.setyear(2014);&#13;&#10;&#9;&#9;assert(!dd.IsLeapYear());&#13;&#10;&#9;&#9;dd.setyear(2000);&#13;&#10;&#9;&#9;assert(dd.IsLeapYear());&#13;&#10;&#9;&#9;dd.setyear(1900);&#13;&#10;&#9;&#9;assert(dd.IsLeapYear());&#13;&#10;&#9;}&#13;&#10;&#9;@Test&#13;&#10;&#9;void drivertest3() {&#9;&#9;//Driver C&#13;&#10;&#9;&#9;NumberUtils num = new NumberUtils();&#13;&#10;&#9;&#9;String s = &quot;123&quot;;&#13;&#10;&#9;&#9;assert(num.isDigits(s));&#13;&#10;&#9;&#9;s = &quot;1X&quot;;&#13;&#10;&#9;&#9;assert(!num.isDigits(s));&#13;&#10;&#9;}&#13;&#10;&#9;@Test&#9;&#9;&#9;&#9;&#9;&#9;//Driver D  apache commons function isNumeric()&#13;&#10;&#9;void validdrivertest() {&#9;&#9;&#9;//the driver of the isNumeric(),also is the isDigits()&#13;&#10;&#9;&#9;String str = &quot;12345&quot;;&#9;&#9;&#9;//as the factor&#13;&#10;&#9;&#9;StringUtils str0 = new StringUtils();&#13;&#10;&#9;&#9;assert(str0.isNumeric(str));&#13;&#10;&#9;}&#13;&#10;}&#13;&#10;" Filename="DateDriverTests.java" Intrnl_Id="2"/>
<SrcFile Content="import static org.junit.jupiter.api.Assertions.*;&#13;&#10;&#13;&#10;import org.junit.jupiter.api.Test;&#13;&#10;&#13;&#10;class DateTests {&#13;&#10;&#9;public static void main() {&#13;&#10;//&#9;@org.junit.jupiter.api.Test&#13;&#10;//&#9;void test() { // test the IsLegal,also the isDigits.&#13;&#10;&#9;&#9;Date pp = new Date();&#13;&#10;&#9;&#9;String s = &quot;201X&quot;;&#13;&#10;&#9;&#9;if (!pp.IsLegal(s))&#13;&#10;&#9;&#9;&#9;pp.gettips();&#13;&#10;&#9;&#9;s = &quot;2018&quot;;&#13;&#10;&#9;&#9;assert (pp.IsLegal(s));&#13;&#10;//&#9;}&#13;&#10;&#13;&#10;//&#9;@org.junit.jupiter.api.Test&#13;&#10;//&#9;void test1() { // test the Convert&#13;&#10;//&#9;&#9;Date pp = new Date();&#13;&#10;&#9;&#9;pp.getchary(&quot;2018&quot;);&#13;&#10;&#9;&#9;pp.getcharm(&quot;0&quot;);&#13;&#10;&#9;&#9;pp.getchard(&quot;30&quot;);&#13;&#10;&#9;&#9;assert (pp.Convert());&#13;&#10;&#9;&#9;assert (pp.getyear() == 2018);&#13;&#10;&#9;&#9;assert (pp.getmonth() == 0);&#13;&#10;&#9;&#9;assert (pp.getdate() == 30);&#13;&#10;&#13;&#10;&#9;&#9;pp.getchary(&quot;2018&quot;);&#13;&#10;&#9;&#9;pp.getcharm(&quot;X&quot;);&#13;&#10;&#9;&#9;pp.getchard(&quot;30&quot;);&#13;&#10;&#9;&#9;if (!pp.Convert())&#13;&#10;&#9;&#9;&#9;;&#13;&#10;&#9;&#9;pp.gettips();&#13;&#10;//&#9;}&#13;&#10;&#13;&#10;//&#9;@org.junit.jupiter.api.Test&#13;&#10;//&#9;void test2() { // test the IsLeapYear&#13;&#10;//&#9;&#9;Date pp = new Date();&#13;&#10;&#9;&#9;pp.setyear(2018);&#13;&#10;&#9;&#9;assert (!pp.IsLeapYear());&#13;&#10;&#13;&#10;&#9;&#9;pp.setyear(1900);&#13;&#10;&#9;&#9;assert (pp.IsLeapYear()); // wrong test&#13;&#10;&#13;&#10;&#9;&#9;pp.setyear(2012);&#13;&#10;&#9;&#9;assert (pp.IsLeapYear());&#13;&#10;//&#9;}&#13;&#10;&#13;&#10;//&#9;@org.junit.jupiter.api.Test&#13;&#10;//&#9;void test3() { // test the IsLegalMonth&#13;&#10;//&#9;&#9;Date pp = new Date();&#13;&#10;&#9;&#9;pp.setmonth(0);&#13;&#10;&#9;&#9;assert (!pp.IsLegalMonth());&#13;&#10;&#13;&#10;&#9;&#9;pp.setmonth(12);&#13;&#10;&#9;&#9;assert (pp.IsLegalMonth());&#13;&#10;//&#9;}&#13;&#10;&#13;&#10;//&#9;@org.junit.jupiter.api.Test&#13;&#10;//&#9;void test4() { // test the IsLegalDate&#13;&#10;//&#9;&#9;Date pp = new Date();&#13;&#10;&#9;&#9;pp.setyear(2018);&#13;&#10;&#9;&#9;pp.setmonth(1);&#13;&#10;&#9;&#9;pp.setdate(32);&#13;&#10;&#9;&#9;if (!pp.IsLegalDate())&#13;&#10;&#9;&#9;&#9;pp.getfalse();&#13;&#10;&#9;&#9;else&#13;&#10;&#9;&#9;&#9;pp.gettrue();&#13;&#10;&#13;&#10;&#9;&#9;pp.setyear(2018);&#13;&#10;&#9;&#9;pp.setmonth(1);&#13;&#10;&#9;&#9;pp.setdate(25);&#13;&#10;&#9;&#9;if (!pp.IsLegalDate())&#13;&#10;&#9;&#9;&#9;pp.getfalse();&#13;&#10;&#9;&#9;else&#13;&#10;&#9;&#9;&#9;pp.gettrue();&#13;&#10;&#13;&#10;&#9;&#9;pp.setyear(2018);&#13;&#10;&#9;&#9;pp.setmonth(4);&#13;&#10;&#9;&#9;pp.setdate(31);&#13;&#10;&#9;&#9;if (!pp.IsLegalDate())&#13;&#10;&#9;&#9;&#9;pp.getfalse();&#13;&#10;&#9;&#9;else&#13;&#10;&#9;&#9;&#9;pp.gettrue();&#13;&#10;&#13;&#10;&#9;&#9;pp.setyear(2018);&#13;&#10;&#9;&#9;pp.setmonth(4);&#13;&#10;&#9;&#9;pp.setdate(20);&#13;&#10;&#9;&#9;if (!pp.IsLegalDate())&#13;&#10;&#9;&#9;&#9;pp.getfalse();&#13;&#10;&#9;&#9;else&#13;&#10;&#9;&#9;&#9;pp.gettrue();&#13;&#10;&#13;&#10;&#9;&#9;pp.setyear(2018);&#13;&#10;&#9;&#9;pp.setmonth(2);&#13;&#10;&#9;&#9;pp.setdate(29);&#13;&#10;&#9;&#9;if (!pp.IsLegalDate())&#13;&#10;&#9;&#9;&#9;pp.getfalse();&#13;&#10;&#9;&#9;else&#13;&#10;&#9;&#9;&#9;pp.gettrue();&#13;&#10;&#13;&#10;&#9;&#9;pp.setyear(2018);&#13;&#10;&#9;&#9;pp.setmonth(2);&#13;&#10;&#9;&#9;pp.setdate(28);&#13;&#10;&#9;&#9;if (!pp.IsLegalDate())&#13;&#10;&#9;&#9;&#9;pp.getfalse();&#13;&#10;&#9;&#9;else&#13;&#10;&#9;&#9;&#9;pp.gettrue();&#13;&#10;&#13;&#10;&#9;&#9;pp.setyear(2012);&#13;&#10;&#9;&#9;pp.setmonth(2);&#13;&#10;&#9;&#9;pp.setdate(29);&#13;&#10;&#9;&#9;if (!pp.IsLegalDate())&#13;&#10;&#9;&#9;&#9;pp.getfalse();&#13;&#10;&#9;&#9;else&#13;&#10;&#9;&#9;&#9;pp.gettrue();&#13;&#10;&#13;&#10;&#9;&#9;pp.setyear(2012);&#13;&#10;&#9;&#9;pp.setmonth(2);&#13;&#10;&#9;&#9;pp.setdate(30);&#13;&#10;&#9;&#9;if (!pp.IsLegalDate())&#13;&#10;&#9;&#9;&#9;pp.getfalse();&#13;&#10;&#9;&#9;else&#13;&#10;&#9;&#9;&#9;pp.gettrue();&#13;&#10;//&#9;}&#13;&#10;&#9;}&#13;&#10;}&#13;&#10;" Filename="DateTests.java" Intrnl_Id="3"/>
<SrcFile Content="import java.util.Scanner;&#13;&#10;&#13;&#10;public class Main_Lang {&#13;&#10;&#13;&#10;&#9;public static void main(String[] args) {&#13;&#10;&#9;&#9;// TODO Auto-generated method stub&#13;&#10;&#9;&#9;System.out.println(&quot;Please input the year:\n&quot;);&#13;&#10;&#9;&#9;Date dd = new Date();&#13;&#10;&#9;&#9;Scanner sc = new Scanner(System.in);&#13;&#10;&#9;&#9;dd.getchary(sc.nextLine());&#13;&#10;&#9;&#9;System.out.println(&quot;Please input the month:\n&quot;);&#13;&#10;&#9;&#9;dd.getcharm(sc.nextLine());&#13;&#10;&#9;&#9;System.out.println(&quot;Please input the date:\n&quot;);&#13;&#10;&#9;&#9;dd.getchard(sc.nextLine());&#13;&#10;&#9;&#9;sc.close();&#13;&#10;&#9;&#9;if(dd.Convert()) {&#13;&#10;&#9;&#9;&#9;if(dd.IsLegalMonth() &amp;&amp; dd.IsLegalDate())&#13;&#10;&#9;&#9;&#9;&#9;dd.gettrue();&#13;&#10;&#9;&#9;&#9;else&#13;&#10;&#9;&#9;&#9;&#9;dd.getfalse();&#13;&#10;&#9;&#9;}&#13;&#10;&#9;}&#13;&#10;}&#13;&#10;" Filename="Main_Lang.java" Intrnl_Id="4"/>
<SrcFile Content="import static org.junit.jupiter.api.Assertions.*;&#13;&#10;&#13;&#10;import java.util.Arrays;&#13;&#10;import java.util.List;&#13;&#10;&#13;&#10;import org.junit.jupiter.api.Test;&#13;&#10;&#13;&#10;class StubTests {&#13;&#10;&#9;//The Stub test. &#13;&#10;&#9;@Test&#13;&#10;&#9;void stubtest() {&#9;&#9;&#9;//Stub A&#13;&#10;&#9;&#9;Date dd = new Date();&#13;&#10;&#9;&#9;dd.getchary(&quot;2018&quot;);&#13;&#10;&#9;&#9;dd.getcharm(&quot;0&quot;);&#13;&#10;&#9;&#9;dd.getchard(&quot;2018&quot;);&#13;&#10;&#9;&#9;if(true) {&#13;&#10;&#9;&#9;dd.setyear(dd.ConvertCharstoInteger(dd.y));&#13;&#10;&#9;&#9;dd.setmonth(dd.ConvertCharstoInteger(dd.m));&#13;&#10;&#9;&#9;dd.setdate(dd.ConvertCharstoInteger(dd.d));&#13;&#10;&#9;&#9;assertEquals(dd.getyear(),2018);&#13;&#10;&#9;&#9;assertEquals(dd.getmonth(),0);&#13;&#10;&#9;&#9;assertEquals(dd.getdate(),2018);&#13;&#10;&#9;&#9;System.out.println(&quot;true&quot;);&#13;&#10;&#9;&#9;}&#13;&#10;&#9;&#9;else&#13;&#10;&#9;&#9;&#9;System.out.println(&quot;false&quot;);&#13;&#10;&#9;}&#13;&#10;&#9;@Test&#13;&#10;&#9;void stubtest2() {&#9;&#9;&#9;&#9;//Stub B&#13;&#10;&#9;&#9;Date dd = new Date();&#13;&#10;&#9;&#9;dd.setyear(2018);&#13;&#10;&#9;&#9;dd.setmonth(2);&#13;&#10;&#9;&#9;dd.setdate(29);&#13;&#10;&#9;&#9;Integer [] big = new Integer[] {1, 3, 5, 7, 8, 10, 12};&#13;&#10;&#9;&#9;Integer [] small = new Integer [] {4, 6, 9, 11};&#13;&#10;&#9;&#9;Integer [] special = new Integer [] {2};   &#13;&#10;&#9;&#9;List&lt;Integer&gt; list = Arrays.asList(big);&#13;&#10;&#9;&#9;if(list.contains(dd.getmonth())) {&#13;&#10;&#9;&#9;&#9;if(dd.getdate() &gt;=0 &amp;&amp; dd.getdate() &lt;= 31)&#13;&#10;&#9;&#9;&#9;&#9;System.out.println(&quot;true&quot;);&#13;&#10;&#9;&#9;&#9;else&#13;&#10;&#9;&#9;&#9;&#9;System.out.println(&quot;false&quot;);&#13;&#10;&#9;&#9;}&#13;&#10;&#9;&#9;list = Arrays.asList(small);&#13;&#10;&#9;&#9;if(list.contains(dd.getmonth())) {&#13;&#10;&#9;&#9;&#9;if(dd.getdate() &gt;=0 &amp;&amp; dd.getdate() &lt;= 30)&#13;&#10;&#9;&#9;&#9;&#9;System.out.println(&quot;true&quot;);&#13;&#10;&#9;&#9;&#9;else&#13;&#10;&#9;&#9;&#9;&#9;System.out.println(&quot;false&quot;);&#13;&#10;&#9;&#9;}&#13;&#10;&#9;&#9;list = Arrays.asList(special);&#13;&#10;&#9;&#9;if(list.contains(dd.getmonth())) {&#13;&#10;&#9;&#9;&#9;if(dd.IsLeapYear()) {&#13;&#10;&#9;&#9;&#9;&#9;if(dd.getdate() &gt;= 0 &amp;&amp; dd.getdate() &lt;= 29)&#13;&#10;&#9;&#9;&#9;&#9;&#9;System.out.println(&quot;true&quot;);&#13;&#10;&#9;&#9;&#9;&#9;else&#13;&#10;&#9;&#9;&#9;&#9;&#9;System.out.println(&quot;false&quot;);&#13;&#10;&#9;&#9;&#9;}&#13;&#10;&#9;&#9;&#9;else {&#13;&#10;&#9;&#9;&#9;&#9;if(dd.getdate() &gt;= 0 &amp;&amp; dd.getdate() &lt;= 28)&#13;&#10;&#9;&#9;&#9;&#9;&#9;System.out.println(&quot;true&quot;);&#13;&#10;&#9;&#9;&#9;&#9;else&#13;&#10;&#9;&#9;&#9;&#9;&#9;System.out.println(&quot;false&quot;);&#13;&#10;&#9;&#9;&#9;}&#13;&#10;&#9;&#9;}&#13;&#10;&#9;}&#13;&#10;&#9;@Test&#9;&#9;&#9;&#9;&#9;&#9;//Stub C&#13;&#10;&#9;void max_stubtest3() {&#9;&#9;&#9;//public static int max(final int... array)&#13;&#10;&#9;&#9;//validateArray(array)&#9;&#9;//Set the return value true. It means that the array is always valid.&#13;&#10;&#9;&#9;int [] array = {3,7,2,8,9,2,0,0};&#13;&#10;&#9;&#9;int max = array[0];&#13;&#10;        for (int j = 1; j &lt; array.length; j++) {&#13;&#10;            if (array[j] &gt; max) {&#13;&#10;                max = array[j];&#13;&#10;            }&#13;&#10;        }&#13;&#10;        assertEquals(max,9);&#13;&#10;&#9;}&#13;&#10;}&#13;&#10;" Filename="StubTests.java" Intrnl_Id="5"/>
</SrcFileList>
<CritList>
<CritListEntry Name="org.codecover.model.utils.criteria.LoopCoverage" PluginName="org.codecover"/>
<CritListEntry Name="org.codecover.model.utils.criteria.QMOCoverage" PluginName="org.codecover"/>
<CritListEntry Name="org.codecover.model.utils.criteria.ConditionCoverage" PluginName="org.codecover"/>
<CritListEntry Name="org.codecover.model.utils.criteria.BranchCoverage" PluginName="org.codecover"/>
<CritListEntry Name="org.codecover.model.utils.criteria.SynchronizedStatementCoverage" PluginName="org.codecover"/>
<CritListEntry Name="org.codecover.model.utils.criteria.StatementCoverage" PluginName="org.codecover"/>
</CritList>
<BoolOpList>
<BoolOp Arity="2" Intrnl_Id="6" Name="conditional and (&amp;&amp;)">
<BoolAssgnmntBoolMapList>
<MapEntry BoolAssgnmnt="02" Value="false"/>
<MapEntry BoolAssgnmnt="10" Value="false"/>
<MapEntry BoolAssgnmnt="11" Value="true"/>
</BoolAssgnmntBoolMapList>
</BoolOp>
<BoolOp Arity="1" Intrnl_Id="7" Name="not (!)">
<BoolAssgnmntBoolMapList>
<MapEntry BoolAssgnmnt="1" Value="false"/>
<MapEntry BoolAssgnmnt="0" Value="true"/>
</BoolAssgnmntBoolMapList>
</BoolOp>
</BoolOpList>
<HierarchyLvlTypeList>
<HierarchyLvlType EnglishName="method" IntrnlName="method" Intrnl_Id="8"/>
<HierarchyLvlType EnglishName="class" IntrnlName="class" Intrnl_Id="9"/>
<HierarchyLvlType EnglishName="default package" IntrnlName="default package" Intrnl_Id="10"/>
</HierarchyLvlTypeList>
<MASTRoot>
<HierarchyLvl HierarchyLvlId="224" HierarchyLvlTypeId="10" Intrnl_Id="11" Name="default package">
<Header/>
<LocList/>
<HierarchyLvl HierarchyLvlId="210" HierarchyLvlTypeId="9" Intrnl_Id="12" Name="Date">
<Header>
<Loc EndOffset="116" SrcFileId="1" StartOffset="99"/>
</Header>
<LocList>
<Loc EndOffset="2990" SrcFileId="1" StartOffset="99"/>
</LocList>
<StmntSeq Intrnl_Id="13">
<LocList>
<Loc EndOffset="279" SrcFileId="1" StartOffset="218"/>
<Loc EndOffset="320" SrcFileId="1" StartOffset="282"/>
<Loc EndOffset="364" SrcFileId="1" StartOffset="323"/>
</LocList>
<BasicStmnt CovItemId="S1" CovItemPrefix="Date.java" Intrnl_Id="14">
<LocList>
<Loc EndOffset="279" SrcFileId="1" StartOffset="218"/>
</LocList>
</BasicStmnt>
<BasicStmnt CovItemId="S2" CovItemPrefix="Date.java" Intrnl_Id="15">
<LocList>
<Loc EndOffset="320" SrcFileId="1" StartOffset="282"/>
</LocList>
</BasicStmnt>
<BasicStmnt CovItemId="S3" CovItemPrefix="Date.java" Intrnl_Id="16">
<LocList>
<Loc EndOffset="364" SrcFileId="1" StartOffset="323"/>
</LocList>
</BasicStmnt>
</StmntSeq>
<HierarchyLvl HierarchyLvlId="191" HierarchyLvlTypeId="8" Intrnl_Id="17" Name="Date">
<Header>
<Loc EndOffset="383" SrcFileId="1" StartOffset="370"/>
</Header>
<LocList>
<Loc EndOffset="462" SrcFileId="1" StartOffset="370"/>
</LocList>
<StmntSeq Intrnl_Id="18">
<LocList>
<Loc EndOffset="396" SrcFileId="1" StartOffset="389"/>
<Loc EndOffset="407" SrcFileId="1" StartOffset="400"/>
<Loc EndOffset="418" SrcFileId="1" StartOffset="411"/>
<Loc EndOffset="431" SrcFileId="1" StartOffset="422"/>
<Loc EndOffset="445" SrcFileId="1" StartOffset="435"/>
<Loc EndOffset="458" SrcFileId="1" StartOffset="449"/>
</LocList>
<BasicStmnt CovItemId="S4" CovItemPrefix="Date.java" Intrnl_Id="19">
<LocList>
<Loc EndOffset="396" SrcFileId="1" StartOffset="389"/>
</LocList>
</BasicStmnt>
<BasicStmnt CovItemId="S5" CovItemPrefix="Date.java" Intrnl_Id="20">
<LocList>
<Loc EndOffset="407" SrcFileId="1" StartOffset="400"/>
</LocList>
</BasicStmnt>
<BasicStmnt CovItemId="S6" CovItemPrefix="Date.java" Intrnl_Id="21">
<LocList>
<Loc EndOffset="418" SrcFileId="1" StartOffset="411"/>
</LocList>
</BasicStmnt>
<BasicStmnt CovItemId="S7" CovItemPrefix="Date.java" Intrnl_Id="22">
<LocList>
<Loc EndOffset="431" SrcFileId="1" StartOffset="422"/>
</LocList>
</BasicStmnt>
<BasicStmnt CovItemId="S8" CovItemPrefix="Date.java" Intrnl_Id="23">
<LocList>
<Loc EndOffset="445" SrcFileId="1" StartOffset="435"/>
</LocList>
</BasicStmnt>
<BasicStmnt CovItemId="S9" CovItemPrefix="Date.java" Intrnl_Id="24">
<LocList>
<Loc EndOffset="458" SrcFileId="1" StartOffset="449"/>
</LocList>
</BasicStmnt>
</StmntSeq>
</HierarchyLvl>
<HierarchyLvl HierarchyLvlId="192" HierarchyLvlTypeId="8" Intrnl_Id="25" Name="getchary">
<Header>
<Loc EndOffset="498" SrcFileId="1" StartOffset="468"/>
</Header>
<LocList>
<Loc EndOffset="519" SrcFileId="1" StartOffset="468"/>
</LocList>
<StmntSeq Intrnl_Id="26">
<LocList>
<Loc EndOffset="515" SrcFileId="1" StartOffset="504"/>
</LocList>
<BasicStmnt CovItemId="S10" CovItemPrefix="Date.java" Intrnl_Id="27">
<LocList>
<Loc EndOffset="515" SrcFileId="1" StartOffset="504"/>
</LocList>
</BasicStmnt>
</StmntSeq>
</HierarchyLvl>
<HierarchyLvl HierarchyLvlId="193" HierarchyLvlTypeId="8" Intrnl_Id="28" Name="getcharm">
<Header>
<Loc EndOffset="555" SrcFileId="1" StartOffset="525"/>
</Header>
<LocList>
<Loc EndOffset="576" SrcFileId="1" StartOffset="525"/>
</LocList>
<StmntSeq Intrnl_Id="29">
<LocList>
<Loc EndOffset="572" SrcFileId="1" StartOffset="561"/>
</LocList>
<BasicStmnt CovItemId="S11" CovItemPrefix="Date.java" Intrnl_Id="30">
<LocList>
<Loc EndOffset="572" SrcFileId="1" StartOffset="561"/>
</LocList>
</BasicStmnt>
</StmntSeq>
</HierarchyLvl>
<HierarchyLvl HierarchyLvlId="194" HierarchyLvlTypeId="8" Intrnl_Id="31" Name="getchard">
<Header>
<Loc EndOffset="612" SrcFileId="1" StartOffset="582"/>
</Header>
<LocList>
<Loc EndOffset="633" SrcFileId="1" StartOffset="582"/>
</LocList>
<StmntSeq Intrnl_Id="32">
<LocList>
<Loc EndOffset="629" SrcFileId="1" StartOffset="618"/>
</LocList>
<BasicStmnt CovItemId="S12" CovItemPrefix="Date.java" Intrnl_Id="33">
<LocList>
<Loc EndOffset="629" SrcFileId="1" StartOffset="618"/>
</LocList>
</BasicStmnt>
</StmntSeq>
</HierarchyLvl>
<HierarchyLvl HierarchyLvlId="195" HierarchyLvlTypeId="8" Intrnl_Id="34" Name="getyear">
<Header>
<Loc EndOffset="659" SrcFileId="1" StartOffset="639"/>
</Header>
<LocList>
<Loc EndOffset="686" SrcFileId="1" StartOffset="639"/>
</LocList>
<StmntSeq Intrnl_Id="35">
<LocList>
<Loc EndOffset="682" SrcFileId="1" StartOffset="665"/>
</LocList>
<BasicStmnt CovItemId="S13" CovItemPrefix="Date.java" Intrnl_Id="36">
<LocList>
<Loc EndOffset="682" SrcFileId="1" StartOffset="665"/>
</LocList>
</BasicStmnt>
</StmntSeq>
</HierarchyLvl>
<HierarchyLvl HierarchyLvlId="196" HierarchyLvlTypeId="8" Intrnl_Id="37" Name="getmonth">
<Header>
<Loc EndOffset="713" SrcFileId="1" StartOffset="692"/>
</Header>
<LocList>
<Loc EndOffset="741" SrcFileId="1" StartOffset="692"/>
</LocList>
<StmntSeq Intrnl_Id="38">
<LocList>
<Loc EndOffset="737" SrcFileId="1" StartOffset="719"/>
</LocList>
<BasicStmnt CovItemId="S14" CovItemPrefix="Date.java" Intrnl_Id="39">
<LocList>
<Loc EndOffset="737" SrcFileId="1" StartOffset="719"/>
</LocList>
</BasicStmnt>
</StmntSeq>
</HierarchyLvl>
<HierarchyLvl HierarchyLvlId="197" HierarchyLvlTypeId="8" Intrnl_Id="40" Name="getdate">
<Header>
<Loc EndOffset="767" SrcFileId="1" StartOffset="747"/>
</Header>
<LocList>
<Loc EndOffset="794" SrcFileId="1" StartOffset="747"/>
</LocList>
<StmntSeq Intrnl_Id="41">
<LocList>
<Loc EndOffset="790" SrcFileId="1" StartOffset="773"/>
</LocList>
<BasicStmnt CovItemId="S15" CovItemPrefix="Date.java" Intrnl_Id="42">
<LocList>
<Loc EndOffset="790" SrcFileId="1" StartOffset="773"/>
</LocList>
</BasicStmnt>
</StmntSeq>
</HierarchyLvl>
<HierarchyLvl HierarchyLvlId="198" HierarchyLvlTypeId="8" Intrnl_Id="43" Name="setyear">
<Header>
<Loc EndOffset="830" SrcFileId="1" StartOffset="800"/>
</Header>
<LocList>
<Loc EndOffset="858" SrcFileId="1" StartOffset="800"/>
</LocList>
<StmntSeq Intrnl_Id="44">
<LocList>
<Loc EndOffset="854" SrcFileId="1" StartOffset="836"/>
</LocList>
<BasicStmnt CovItemId="S16" CovItemPrefix="Date.java" Intrnl_Id="45">
<LocList>
<Loc EndOffset="854" SrcFileId="1" StartOffset="836"/>
</LocList>
</BasicStmnt>
</StmntSeq>
</HierarchyLvl>
<HierarchyLvl HierarchyLvlId="199" HierarchyLvlTypeId="8" Intrnl_Id="46" Name="setmonth">
<Header>
<Loc EndOffset="896" SrcFileId="1" StartOffset="864"/>
</Header>
<LocList>
<Loc EndOffset="926" SrcFileId="1" StartOffset="864"/>
</LocList>
<StmntSeq Intrnl_Id="47">
<LocList>
<Loc EndOffset="922" SrcFileId="1" StartOffset="902"/>
</LocList>
<BasicStmnt CovItemId="S17" CovItemPrefix="Date.java" Intrnl_Id="48">
<LocList>
<Loc EndOffset="922" SrcFileId="1" StartOffset="902"/>
</LocList>
</BasicStmnt>
</StmntSeq>
</HierarchyLvl>
<HierarchyLvl HierarchyLvlId="200" HierarchyLvlTypeId="8" Intrnl_Id="49" Name="setdate">
<Header>
<Loc EndOffset="962" SrcFileId="1" StartOffset="932"/>
</Header>
<LocList>
<Loc EndOffset="990" SrcFileId="1" StartOffset="932"/>
</LocList>
<StmntSeq Intrnl_Id="50">
<LocList>
<Loc EndOffset="986" SrcFileId="1" StartOffset="968"/>
</LocList>
<BasicStmnt CovItemId="S18" CovItemPrefix="Date.java" Intrnl_Id="51">
<LocList>
<Loc EndOffset="986" SrcFileId="1" StartOffset="968"/>
</LocList>
</BasicStmnt>
</StmntSeq>
</HierarchyLvl>
<HierarchyLvl HierarchyLvlId="201" HierarchyLvlTypeId="8" Intrnl_Id="52" Name="IsLegal">
<Header>
<Loc EndOffset="1028" SrcFileId="1" StartOffset="996"/>
</Header>
<LocList>
<Loc EndOffset="1101" SrcFileId="1" StartOffset="996"/>
</LocList>
<StmntSeq Intrnl_Id="53">
<LocList>
<Loc EndOffset="1070" SrcFileId="1" StartOffset="1034"/>
<Loc EndOffset="1097" SrcFileId="1" StartOffset="1074"/>
</LocList>
<BasicStmnt CovItemId="S19" CovItemPrefix="Date.java" Intrnl_Id="54">
<LocList>
<Loc EndOffset="1070" SrcFileId="1" StartOffset="1034"/>
</LocList>
</BasicStmnt>
<BasicStmnt CovItemId="S20" CovItemPrefix="Date.java" Intrnl_Id="55">
<LocList>
<Loc EndOffset="1097" SrcFileId="1" StartOffset="1074"/>
</LocList>
</BasicStmnt>
</StmntSeq>
</HierarchyLvl>
<HierarchyLvl HierarchyLvlId="202" HierarchyLvlTypeId="8" Intrnl_Id="56" Name="ConvertCharstoInteger">
<Header>
<Loc EndOffset="1149" SrcFileId="1" StartOffset="1107"/>
</Header>
<LocList>
<Loc EndOffset="1229" SrcFileId="1" StartOffset="1107"/>
</LocList>
<StmntSeq Intrnl_Id="57">
<LocList>
<Loc EndOffset="1191" SrcFileId="1" StartOffset="1155"/>
<Loc EndOffset="1223" SrcFileId="1" StartOffset="1197"/>
</LocList>
<BasicStmnt CovItemId="S21" CovItemPrefix="Date.java" Intrnl_Id="58">
<LocList>
<Loc EndOffset="1191" SrcFileId="1" StartOffset="1155"/>
</LocList>
</BasicStmnt>
<BasicStmnt CovItemId="S22" CovItemPrefix="Date.java" Intrnl_Id="59">
<LocList>
<Loc EndOffset="1223" SrcFileId="1" StartOffset="1197"/>
</LocList>
</BasicStmnt>
</StmntSeq>
</HierarchyLvl>
<HierarchyLvl HierarchyLvlId="203" HierarchyLvlTypeId="8" Intrnl_Id="60" Name="Convert">
<Header>
<Loc EndOffset="1259" SrcFileId="1" StartOffset="1235"/>
</Header>
<LocList>
<Loc EndOffset="1522" SrcFileId="1" StartOffset="1235"/>
</LocList>
<StmntSeq Intrnl_Id="61">
<LocList>
<Loc EndOffset="1518" SrcFileId="1" StartOffset="1265"/>
</LocList>
<CondStmnt CovItemId="S23" CovItemPrefix="Date.java" Intrnl_Id="62">
<Branch CovItemId="B1" CovItemPrefix="Date.java" Implct="false" Intrnl_Id="63">
<Cond/>
<LocList>
<Loc EndOffset="1465" SrcFileId="1" StartOffset="1304"/>
</LocList>
<StmntSeq Intrnl_Id="64">
<LocList>
<Loc EndOffset="1351" SrcFileId="1" StartOffset="1309"/>
<Loc EndOffset="1398" SrcFileId="1" StartOffset="1355"/>
<Loc EndOffset="1444" SrcFileId="1" StartOffset="1402"/>
<Loc EndOffset="1460" SrcFileId="1" StartOffset="1448"/>
</LocList>
<BasicStmnt CovItemId="S24" CovItemPrefix="Date.java" Intrnl_Id="65">
<LocList>
<Loc EndOffset="1351" SrcFileId="1" StartOffset="1309"/>
</LocList>
</BasicStmnt>
<BasicStmnt CovItemId="S25" CovItemPrefix="Date.java" Intrnl_Id="66">
<LocList>
<Loc EndOffset="1398" SrcFileId="1" StartOffset="1355"/>
</LocList>
</BasicStmnt>
<BasicStmnt CovItemId="S26" CovItemPrefix="Date.java" Intrnl_Id="67">
<LocList>
<Loc EndOffset="1444" SrcFileId="1" StartOffset="1402"/>
</LocList>
</BasicStmnt>
<BasicStmnt CovItemId="S27" CovItemPrefix="Date.java" Intrnl_Id="68">
<LocList>
<Loc EndOffset="1460" SrcFileId="1" StartOffset="1448"/>
</LocList>
</BasicStmnt>
</StmntSeq>
</Branch>
<Branch CovItemId="B2" CovItemPrefix="Date.java" Implct="false" Intrnl_Id="69">
<Cond>
<Loc EndOffset="1473" SrcFileId="1" StartOffset="1469"/>
</Cond>
<LocList>
<Loc EndOffset="1518" SrcFileId="1" StartOffset="1474"/>
</LocList>
<StmntSeq Intrnl_Id="70">
<LocList>
<Loc EndOffset="1495" SrcFileId="1" StartOffset="1480"/>
<Loc EndOffset="1513" SrcFileId="1" StartOffset="1500"/>
</LocList>
<BasicStmnt CovItemId="S28" CovItemPrefix="Date.java" Intrnl_Id="71">
<LocList>
<Loc EndOffset="1495" SrcFileId="1" StartOffset="1480"/>
</LocList>
</BasicStmnt>
<BasicStmnt CovItemId="S29" CovItemPrefix="Date.java" Intrnl_Id="72">
<LocList>
<Loc EndOffset="1513" SrcFileId="1" StartOffset="1500"/>
</LocList>
</BasicStmnt>
</StmntSeq>
</Branch>
<Keyword EndOffset="1267" SrcFileId="1" StartOffset="1265"/>
<LocList>
<Loc EndOffset="1518" SrcFileId="1" StartOffset="1265"/>
</LocList>
<RootTerm CovItemId="C1" CovItemPrefix="Date.java" Intrnl_Id="73">
<OpTerm BooleanOpId="6" Intrnl_Id="74">
<OpTerm BooleanOpId="6" Intrnl_Id="75">
<BasicBoolTerm Intrnl_Id="76">
<LocList>
<Loc EndOffset="1278" SrcFileId="1" StartOffset="1268"/>
</LocList>
</BasicBoolTerm>
<BasicBoolTerm Intrnl_Id="77">
<LocList>
<Loc EndOffset="1290" SrcFileId="1" StartOffset="1280"/>
</LocList>
</BasicBoolTerm>
<LocList>
<Loc EndOffset="1280" SrcFileId="1" StartOffset="1278"/>
</LocList>
</OpTerm>
<BasicBoolTerm Intrnl_Id="78">
<LocList>
<Loc EndOffset="1302" SrcFileId="1" StartOffset="1292"/>
</LocList>
</BasicBoolTerm>
<LocList>
<Loc EndOffset="1292" SrcFileId="1" StartOffset="1290"/>
</LocList>
</OpTerm>
</RootTerm>
</CondStmnt>
</StmntSeq>
</HierarchyLvl>
<HierarchyLvl HierarchyLvlId="204" HierarchyLvlTypeId="8" Intrnl_Id="79" Name="IsLeapYear">
<Header>
<Loc EndOffset="1555" SrcFileId="1" StartOffset="1528"/>
</Header>
<LocList>
<Loc EndOffset="1806" SrcFileId="1" StartOffset="1528"/>
</LocList>
<StmntSeq Intrnl_Id="80">
<LocList>
<Loc EndOffset="1802" SrcFileId="1" StartOffset="1561"/>
</LocList>
<CondStmnt CovItemId="S30" CovItemPrefix="Date.java" Intrnl_Id="81">
<Branch CovItemId="B3" CovItemPrefix="Date.java" Implct="false" Intrnl_Id="82">
<Cond/>
<LocList>
<Loc EndOffset="1776" SrcFileId="1" StartOffset="1584"/>
</LocList>
<StmntSeq Intrnl_Id="83">
<LocList>
<Loc EndOffset="1767" SrcFileId="1" StartOffset="1590"/>
</LocList>
<CondStmnt CovItemId="S31" CovItemPrefix="Date.java" Intrnl_Id="84">
<Branch CovItemId="B5" CovItemPrefix="Date.java" Implct="false" Intrnl_Id="85">
<Cond/>
<LocList>
<Loc EndOffset="1740" SrcFileId="1" StartOffset="1615"/>
</LocList>
<StmntSeq Intrnl_Id="86">
<LocList>
<Loc EndOffset="1697" SrcFileId="1" StartOffset="1625"/>
</LocList>
<CondStmnt CovItemId="S32" CovItemPrefix="Date.java" Intrnl_Id="87">
<Branch CovItemId="B7" CovItemPrefix="Date.java" Implct="false" Intrnl_Id="88">
<Cond/>
<LocList>
<Loc EndOffset="1668" SrcFileId="1" StartOffset="1656"/>
</LocList>
<StmntSeq Intrnl_Id="89">
<LocList>
<Loc EndOffset="1668" SrcFileId="1" StartOffset="1656"/>
</LocList>
<BasicStmnt CovItemId="S33" CovItemPrefix="Date.java" Intrnl_Id="90">
<LocList>
<Loc EndOffset="1668" SrcFileId="1" StartOffset="1656"/>
</LocList>
</BasicStmnt>
</StmntSeq>
</Branch>
<Branch CovItemId="B8" CovItemPrefix="Date.java" Implct="false" Intrnl_Id="91">
<Cond>
<Loc EndOffset="1678" SrcFileId="1" StartOffset="1674"/>
</Cond>
<LocList>
<Loc EndOffset="1697" SrcFileId="1" StartOffset="1685"/>
</LocList>
<StmntSeq Intrnl_Id="92">
<LocList>
<Loc EndOffset="1697" SrcFileId="1" StartOffset="1685"/>
</LocList>
<BasicStmnt CovItemId="S34" CovItemPrefix="Date.java" Intrnl_Id="93">
<LocList>
<Loc EndOffset="1697" SrcFileId="1" StartOffset="1685"/>
</LocList>
</BasicStmnt>
</StmntSeq>
</Branch>
<Keyword EndOffset="1627" SrcFileId="1" StartOffset="1625"/>
<LocList>
<Loc EndOffset="1697" SrcFileId="1" StartOffset="1625"/>
</LocList>
<RootTerm CovItemId="C4" CovItemPrefix="Date.java" Intrnl_Id="94">
<BasicBoolTerm Intrnl_Id="95">
<LocList>
<Loc EndOffset="1648" SrcFileId="1" StartOffset="1628"/>
</LocList>
</BasicBoolTerm>
</RootTerm>
</CondStmnt>
</StmntSeq>
</Branch>
<Branch CovItemId="B6" CovItemPrefix="Date.java" Implct="false" Intrnl_Id="96">
<Cond>
<Loc EndOffset="1749" SrcFileId="1" StartOffset="1745"/>
</Cond>
<LocList>
<Loc EndOffset="1767" SrcFileId="1" StartOffset="1755"/>
</LocList>
<StmntSeq Intrnl_Id="97">
<LocList>
<Loc EndOffset="1767" SrcFileId="1" StartOffset="1755"/>
</LocList>
<BasicStmnt CovItemId="S35" CovItemPrefix="Date.java" Intrnl_Id="98">
<LocList>
<Loc EndOffset="1767" SrcFileId="1" StartOffset="1755"/>
</LocList>
</BasicStmnt>
</StmntSeq>
</Branch>
<Keyword EndOffset="1592" SrcFileId="1" StartOffset="1590"/>
<LocList>
<Loc EndOffset="1767" SrcFileId="1" StartOffset="1590"/>
</LocList>
<RootTerm CovItemId="C3" CovItemPrefix="Date.java" Intrnl_Id="99">
<BasicBoolTerm Intrnl_Id="100">
<LocList>
<Loc EndOffset="1613" SrcFileId="1" StartOffset="1593"/>
</LocList>
</BasicBoolTerm>
</RootTerm>
</CondStmnt>
</StmntSeq>
</Branch>
<Branch CovItemId="B4" CovItemPrefix="Date.java" Implct="false" Intrnl_Id="101">
<Cond>
<Loc EndOffset="1784" SrcFileId="1" StartOffset="1780"/>
</Cond>
<LocList>
<Loc EndOffset="1802" SrcFileId="1" StartOffset="1789"/>
</LocList>
<StmntSeq Intrnl_Id="102">
<LocList>
<Loc EndOffset="1802" SrcFileId="1" StartOffset="1789"/>
</LocList>
<BasicStmnt CovItemId="S36" CovItemPrefix="Date.java" Intrnl_Id="103">
<LocList>
<Loc EndOffset="1802" SrcFileId="1" StartOffset="1789"/>
</LocList>
</BasicStmnt>
</StmntSeq>
</Branch>
<Keyword EndOffset="1563" SrcFileId="1" StartOffset="1561"/>
<LocList>
<Loc EndOffset="1802" SrcFileId="1" StartOffset="1561"/>
</LocList>
<RootTerm CovItemId="C2" CovItemPrefix="Date.java" Intrnl_Id="104">
<BasicBoolTerm Intrnl_Id="105">
<LocList>
<Loc EndOffset="1582" SrcFileId="1" StartOffset="1564"/>
</LocList>
</BasicBoolTerm>
</RootTerm>
</CondStmnt>
</StmntSeq>
</HierarchyLvl>
<HierarchyLvl HierarchyLvlId="205" HierarchyLvlTypeId="8" Intrnl_Id="106" Name="IsLegalMonth">
<Header>
<Loc EndOffset="1841" SrcFileId="1" StartOffset="1812"/>
</Header>
<LocList>
<Loc EndOffset="1933" SrcFileId="1" StartOffset="1812"/>
</LocList>
<StmntSeq Intrnl_Id="107">
<LocList>
<Loc EndOffset="1929" SrcFileId="1" StartOffset="1847"/>
</LocList>
<CondStmnt CovItemId="S37" CovItemPrefix="Date.java" Intrnl_Id="108">
<Branch CovItemId="B9" CovItemPrefix="Date.java" Implct="false" Intrnl_Id="109">
<Cond/>
<LocList>
<Loc EndOffset="1903" SrcFileId="1" StartOffset="1891"/>
</LocList>
<StmntSeq Intrnl_Id="110">
<LocList>
<Loc EndOffset="1903" SrcFileId="1" StartOffset="1891"/>
</LocList>
<BasicStmnt CovItemId="S38" CovItemPrefix="Date.java" Intrnl_Id="111">
<LocList>
<Loc EndOffset="1903" SrcFileId="1" StartOffset="1891"/>
</LocList>
</BasicStmnt>
</StmntSeq>
</Branch>
<Branch CovItemId="B10" CovItemPrefix="Date.java" Implct="false" Intrnl_Id="112">
<Cond>
<Loc EndOffset="1911" SrcFileId="1" StartOffset="1907"/>
</Cond>
<LocList>
<Loc EndOffset="1929" SrcFileId="1" StartOffset="1916"/>
</LocList>
<StmntSeq Intrnl_Id="113">
<LocList>
<Loc EndOffset="1929" SrcFileId="1" StartOffset="1916"/>
</LocList>
<BasicStmnt CovItemId="S39" CovItemPrefix="Date.java" Intrnl_Id="114">
<LocList>
<Loc EndOffset="1929" SrcFileId="1" StartOffset="1916"/>
</LocList>
</BasicStmnt>
</StmntSeq>
</Branch>
<Keyword EndOffset="1849" SrcFileId="1" StartOffset="1847"/>
<LocList>
<Loc EndOffset="1929" SrcFileId="1" StartOffset="1847"/>
</LocList>
<RootTerm CovItemId="C5" CovItemPrefix="Date.java" Intrnl_Id="115">
<OpTerm BooleanOpId="6" Intrnl_Id="116">
<BasicBoolTerm Intrnl_Id="117">
<LocList>
<Loc EndOffset="1865" SrcFileId="1" StartOffset="1850"/>
</LocList>
</BasicBoolTerm>
<BasicBoolTerm Intrnl_Id="118">
<LocList>
<Loc EndOffset="1885" SrcFileId="1" StartOffset="1869"/>
</LocList>
</BasicBoolTerm>
<LocList>
<Loc EndOffset="1868" SrcFileId="1" StartOffset="1866"/>
</LocList>
</OpTerm>
</RootTerm>
</CondStmnt>
</StmntSeq>
</HierarchyLvl>
<HierarchyLvl HierarchyLvlId="206" HierarchyLvlTypeId="8" Intrnl_Id="119" Name="IsLegalDate">
<Header>
<Loc EndOffset="1967" SrcFileId="1" StartOffset="1939"/>
</Header>
<LocList>
<Loc EndOffset="2782" SrcFileId="1" StartOffset="1939"/>
</LocList>
<StmntSeq Intrnl_Id="120">
<LocList>
<Loc EndOffset="2028" SrcFileId="1" StartOffset="1973"/>
<Loc EndOffset="2080" SrcFileId="1" StartOffset="2032"/>
<Loc EndOffset="2124" SrcFileId="1" StartOffset="2084"/>
<Loc EndOffset="2171" SrcFileId="1" StartOffset="2131"/>
<Loc EndOffset="2298" SrcFileId="1" StartOffset="2175"/>
<Loc EndOffset="2330" SrcFileId="1" StartOffset="2302"/>
<Loc EndOffset="2457" SrcFileId="1" StartOffset="2334"/>
<Loc EndOffset="2491" SrcFileId="1" StartOffset="2461"/>
<Loc EndOffset="2761" SrcFileId="1" StartOffset="2495"/>
<Loc EndOffset="2778" SrcFileId="1" StartOffset="2765"/>
</LocList>
<BasicStmnt CovItemId="S40" CovItemPrefix="Date.java" Intrnl_Id="121">
<LocList>
<Loc EndOffset="2028" SrcFileId="1" StartOffset="1973"/>
</LocList>
</BasicStmnt>
<BasicStmnt CovItemId="S41" CovItemPrefix="Date.java" Intrnl_Id="122">
<LocList>
<Loc EndOffset="2080" SrcFileId="1" StartOffset="2032"/>
</LocList>
</BasicStmnt>
<BasicStmnt CovItemId="S42" CovItemPrefix="Date.java" Intrnl_Id="123">
<LocList>
<Loc EndOffset="2124" SrcFileId="1" StartOffset="2084"/>
</LocList>
</BasicStmnt>
<BasicStmnt CovItemId="S43" CovItemPrefix="Date.java" Intrnl_Id="124">
<LocList>
<Loc EndOffset="2171" SrcFileId="1" StartOffset="2131"/>
</LocList>
</BasicStmnt>
<CondStmnt CovItemId="S44" CovItemPrefix="Date.java" Intrnl_Id="125">
<Branch CovItemId="B11" CovItemPrefix="Date.java" Implct="false" Intrnl_Id="126">
<Cond/>
<LocList>
<Loc EndOffset="2298" SrcFileId="1" StartOffset="2205"/>
</LocList>
<StmntSeq Intrnl_Id="127">
<LocList>
<Loc EndOffset="2293" SrcFileId="1" StartOffset="2211"/>
</LocList>
<CondStmnt CovItemId="S45" CovItemPrefix="Date.java" Intrnl_Id="128">
<Branch CovItemId="B13" CovItemPrefix="Date.java" Implct="false" Intrnl_Id="129">
<Cond/>
<LocList>
<Loc EndOffset="2265" SrcFileId="1" StartOffset="2253"/>
</LocList>
<StmntSeq Intrnl_Id="130">
<LocList>
<Loc EndOffset="2265" SrcFileId="1" StartOffset="2253"/>
</LocList>
<BasicStmnt CovItemId="S46" CovItemPrefix="Date.java" Intrnl_Id="131">
<LocList>
<Loc EndOffset="2265" SrcFileId="1" StartOffset="2253"/>
</LocList>
</BasicStmnt>
</StmntSeq>
</Branch>
<Branch CovItemId="B14" CovItemPrefix="Date.java" Implct="false" Intrnl_Id="132">
<Cond>
<Loc EndOffset="2274" SrcFileId="1" StartOffset="2270"/>
</Cond>
<LocList>
<Loc EndOffset="2293" SrcFileId="1" StartOffset="2280"/>
</LocList>
<StmntSeq Intrnl_Id="133">
<LocList>
<Loc EndOffset="2293" SrcFileId="1" StartOffset="2280"/>
</LocList>
<BasicStmnt CovItemId="S47" CovItemPrefix="Date.java" Intrnl_Id="134">
<LocList>
<Loc EndOffset="2293" SrcFileId="1" StartOffset="2280"/>
</LocList>
</BasicStmnt>
</StmntSeq>
</Branch>
<Keyword EndOffset="2213" SrcFileId="1" StartOffset="2211"/>
<LocList>
<Loc EndOffset="2293" SrcFileId="1" StartOffset="2211"/>
</LocList>
<RootTerm CovItemId="C7" CovItemPrefix="Date.java" Intrnl_Id="135">
<OpTerm BooleanOpId="6" Intrnl_Id="136">
<BasicBoolTerm Intrnl_Id="137">
<LocList>
<Loc EndOffset="2227" SrcFileId="1" StartOffset="2214"/>
</LocList>
</BasicBoolTerm>
<BasicBoolTerm Intrnl_Id="138">
<LocList>
<Loc EndOffset="2246" SrcFileId="1" StartOffset="2231"/>
</LocList>
</BasicBoolTerm>
<LocList>
<Loc EndOffset="2230" SrcFileId="1" StartOffset="2228"/>
</LocList>
</OpTerm>
</RootTerm>
</CondStmnt>
</StmntSeq>
</Branch>
<Branch CovItemId="B12" CovItemPrefix="Date.java" Implct="true" Intrnl_Id="139">
<Cond/>
<LocList/>
<StmntSeq Intrnl_Id="140">
<LocList/>
</StmntSeq>
</Branch>
<Keyword EndOffset="2177" SrcFileId="1" StartOffset="2175"/>
<LocList>
<Loc EndOffset="2298" SrcFileId="1" StartOffset="2175"/>
</LocList>
<RootTerm CovItemId="C6" CovItemPrefix="Date.java" Intrnl_Id="141">
<BasicBoolTerm Intrnl_Id="142">
<LocList>
<Loc EndOffset="2203" SrcFileId="1" StartOffset="2178"/>
</LocList>
</BasicBoolTerm>
</RootTerm>
</CondStmnt>
<BasicStmnt CovItemId="S48" CovItemPrefix="Date.java" Intrnl_Id="143">
<LocList>
<Loc EndOffset="2330" SrcFileId="1" StartOffset="2302"/>
</LocList>
</BasicStmnt>
<CondStmnt CovItemId="S49" CovItemPrefix="Date.java" Intrnl_Id="144">
<Branch CovItemId="B15" CovItemPrefix="Date.java" Implct="false" Intrnl_Id="145">
<Cond/>
<LocList>
<Loc EndOffset="2457" SrcFileId="1" StartOffset="2364"/>
</LocList>
<StmntSeq Intrnl_Id="146">
<LocList>
<Loc EndOffset="2452" SrcFileId="1" StartOffset="2370"/>
</LocList>
<CondStmnt CovItemId="S50" CovItemPrefix="Date.java" Intrnl_Id="147">
<Branch CovItemId="B17" CovItemPrefix="Date.java" Implct="false" Intrnl_Id="148">
<Cond/>
<LocList>
<Loc EndOffset="2424" SrcFileId="1" StartOffset="2412"/>
</LocList>
<StmntSeq Intrnl_Id="149">
<LocList>
<Loc EndOffset="2424" SrcFileId="1" StartOffset="2412"/>
</LocList>
<BasicStmnt CovItemId="S51" CovItemPrefix="Date.java" Intrnl_Id="150">
<LocList>
<Loc EndOffset="2424" SrcFileId="1" StartOffset="2412"/>
</LocList>
</BasicStmnt>
</StmntSeq>
</Branch>
<Branch CovItemId="B18" CovItemPrefix="Date.java" Implct="false" Intrnl_Id="151">
<Cond>
<Loc EndOffset="2433" SrcFileId="1" StartOffset="2429"/>
</Cond>
<LocList>
<Loc EndOffset="2452" SrcFileId="1" StartOffset="2439"/>
</LocList>
<StmntSeq Intrnl_Id="152">
<LocList>
<Loc EndOffset="2452" SrcFileId="1" StartOffset="2439"/>
</LocList>
<BasicStmnt CovItemId="S52" CovItemPrefix="Date.java" Intrnl_Id="153">
<LocList>
<Loc EndOffset="2452" SrcFileId="1" StartOffset="2439"/>
</LocList>
</BasicStmnt>
</StmntSeq>
</Branch>
<Keyword EndOffset="2372" SrcFileId="1" StartOffset="2370"/>
<LocList>
<Loc EndOffset="2452" SrcFileId="1" StartOffset="2370"/>
</LocList>
<RootTerm CovItemId="C9" CovItemPrefix="Date.java" Intrnl_Id="154">
<OpTerm BooleanOpId="6" Intrnl_Id="155">
<BasicBoolTerm Intrnl_Id="156">
<LocList>
<Loc EndOffset="2386" SrcFileId="1" StartOffset="2373"/>
</LocList>
</BasicBoolTerm>
<BasicBoolTerm Intrnl_Id="157">
<LocList>
<Loc EndOffset="2405" SrcFileId="1" StartOffset="2390"/>
</LocList>
</BasicBoolTerm>
<LocList>
<Loc EndOffset="2389" SrcFileId="1" StartOffset="2387"/>
</LocList>
</OpTerm>
</RootTerm>
</CondStmnt>
</StmntSeq>
</Branch>
<Branch CovItemId="B16" CovItemPrefix="Date.java" Implct="true" Intrnl_Id="158">
<Cond/>
<LocList/>
<StmntSeq Intrnl_Id="159">
<LocList/>
</StmntSeq>
</Branch>
<Keyword EndOffset="2336" SrcFileId="1" StartOffset="2334"/>
<LocList>
<Loc EndOffset="2457" SrcFileId="1" StartOffset="2334"/>
</LocList>
<RootTerm CovItemId="C8" CovItemPrefix="Date.java" Intrnl_Id="160">
<BasicBoolTerm Intrnl_Id="161">
<LocList>
<Loc EndOffset="2362" SrcFileId="1" StartOffset="2337"/>
</LocList>
</BasicBoolTerm>
</RootTerm>
</CondStmnt>
<BasicStmnt CovItemId="S53" CovItemPrefix="Date.java" Intrnl_Id="162">
<LocList>
<Loc EndOffset="2491" SrcFileId="1" StartOffset="2461"/>
</LocList>
</BasicStmnt>
<CondStmnt CovItemId="S54" CovItemPrefix="Date.java" Intrnl_Id="163">
<Branch CovItemId="B19" CovItemPrefix="Date.java" Implct="false" Intrnl_Id="164">
<Cond/>
<LocList>
<Loc EndOffset="2761" SrcFileId="1" StartOffset="2525"/>
</LocList>
<StmntSeq Intrnl_Id="165">
<LocList>
<Loc EndOffset="2756" SrcFileId="1" StartOffset="2531"/>
</LocList>
<CondStmnt CovItemId="S55" CovItemPrefix="Date.java" Intrnl_Id="166">
<Branch CovItemId="B21" CovItemPrefix="Date.java" Implct="false" Intrnl_Id="167">
<Cond/>
<LocList>
<Loc EndOffset="2647" SrcFileId="1" StartOffset="2548"/>
</LocList>
<StmntSeq Intrnl_Id="168">
<LocList>
<Loc EndOffset="2641" SrcFileId="1" StartOffset="2555"/>
</LocList>
<CondStmnt CovItemId="S56" CovItemPrefix="Date.java" Intrnl_Id="169">
<Branch CovItemId="B23" CovItemPrefix="Date.java" Implct="false" Intrnl_Id="170">
<Cond/>
<LocList>
<Loc EndOffset="2611" SrcFileId="1" StartOffset="2599"/>
</LocList>
<StmntSeq Intrnl_Id="171">
<LocList>
<Loc EndOffset="2611" SrcFileId="1" StartOffset="2599"/>
</LocList>
<BasicStmnt CovItemId="S57" CovItemPrefix="Date.java" Intrnl_Id="172">
<LocList>
<Loc EndOffset="2611" SrcFileId="1" StartOffset="2599"/>
</LocList>
</BasicStmnt>
</StmntSeq>
</Branch>
<Branch CovItemId="B24" CovItemPrefix="Date.java" Implct="false" Intrnl_Id="173">
<Cond>
<Loc EndOffset="2621" SrcFileId="1" StartOffset="2617"/>
</Cond>
<LocList>
<Loc EndOffset="2641" SrcFileId="1" StartOffset="2628"/>
</LocList>
<StmntSeq Intrnl_Id="174">
<LocList>
<Loc EndOffset="2641" SrcFileId="1" StartOffset="2628"/>
</LocList>
<BasicStmnt CovItemId="S58" CovItemPrefix="Date.java" Intrnl_Id="175">
<LocList>
<Loc EndOffset="2641" SrcFileId="1" StartOffset="2628"/>
</LocList>
</BasicStmnt>
</StmntSeq>
</Branch>
<Keyword EndOffset="2557" SrcFileId="1" StartOffset="2555"/>
<LocList>
<Loc EndOffset="2641" SrcFileId="1" StartOffset="2555"/>
</LocList>
<RootTerm CovItemId="C12" CovItemPrefix="Date.java" Intrnl_Id="176">
<OpTerm BooleanOpId="6" Intrnl_Id="177">
<BasicBoolTerm Intrnl_Id="178">
<LocList>
<Loc EndOffset="2572" SrcFileId="1" StartOffset="2558"/>
</LocList>
</BasicBoolTerm>
<BasicBoolTerm Intrnl_Id="179">
<LocList>
<Loc EndOffset="2591" SrcFileId="1" StartOffset="2576"/>
</LocList>
</BasicBoolTerm>
<LocList>
<Loc EndOffset="2575" SrcFileId="1" StartOffset="2573"/>
</LocList>
</OpTerm>
</RootTerm>
</CondStmnt>
</StmntSeq>
</Branch>
<Branch CovItemId="B22" CovItemPrefix="Date.java" Implct="false" Intrnl_Id="180">
<Cond>
<Loc EndOffset="2656" SrcFileId="1" StartOffset="2652"/>
</Cond>
<LocList>
<Loc EndOffset="2756" SrcFileId="1" StartOffset="2657"/>
</LocList>
<StmntSeq Intrnl_Id="181">
<LocList>
<Loc EndOffset="2750" SrcFileId="1" StartOffset="2664"/>
</LocList>
<CondStmnt CovItemId="S59" CovItemPrefix="Date.java" Intrnl_Id="182">
<Branch CovItemId="B25" CovItemPrefix="Date.java" Implct="false" Intrnl_Id="183">
<Cond/>
<LocList>
<Loc EndOffset="2720" SrcFileId="1" StartOffset="2708"/>
</LocList>
<StmntSeq Intrnl_Id="184">
<LocList>
<Loc EndOffset="2720" SrcFileId="1" StartOffset="2708"/>
</LocList>
<BasicStmnt CovItemId="S60" CovItemPrefix="Date.java" Intrnl_Id="185">
<LocList>
<Loc EndOffset="2720" SrcFileId="1" StartOffset="2708"/>
</LocList>
</BasicStmnt>
</StmntSeq>
</Branch>
<Branch CovItemId="B26" CovItemPrefix="Date.java" Implct="false" Intrnl_Id="186">
<Cond>
<Loc EndOffset="2730" SrcFileId="1" StartOffset="2726"/>
</Cond>
<LocList>
<Loc EndOffset="2750" SrcFileId="1" StartOffset="2737"/>
</LocList>
<StmntSeq Intrnl_Id="187">
<LocList>
<Loc EndOffset="2750" SrcFileId="1" StartOffset="2737"/>
</LocList>
<BasicStmnt CovItemId="S61" CovItemPrefix="Date.java" Intrnl_Id="188">
<LocList>
<Loc EndOffset="2750" SrcFileId="1" StartOffset="2737"/>
</LocList>
</BasicStmnt>
</StmntSeq>
</Branch>
<Keyword EndOffset="2666" SrcFileId="1" StartOffset="2664"/>
<LocList>
<Loc EndOffset="2750" SrcFileId="1" StartOffset="2664"/>
</LocList>
<RootTerm CovItemId="C13" CovItemPrefix="Date.java" Intrnl_Id="189">
<OpTerm BooleanOpId="6" Intrnl_Id="190">
<BasicBoolTerm Intrnl_Id="191">
<LocList>
<Loc EndOffset="2681" SrcFileId="1" StartOffset="2667"/>
</LocList>
</BasicBoolTerm>
<BasicBoolTerm Intrnl_Id="192">
<LocList>
<Loc EndOffset="2700" SrcFileId="1" StartOffset="2685"/>
</LocList>
</BasicBoolTerm>
<LocList>
<Loc EndOffset="2684" SrcFileId="1" StartOffset="2682"/>
</LocList>
</OpTerm>
</RootTerm>
</CondStmnt>
</StmntSeq>
</Branch>
<Keyword EndOffset="2533" SrcFileId="1" StartOffset="2531"/>
<LocList>
<Loc EndOffset="2756" SrcFileId="1" StartOffset="2531"/>
</LocList>
<RootTerm CovItemId="C11" CovItemPrefix="Date.java" Intrnl_Id="193">
<BasicBoolTerm Intrnl_Id="194">
<LocList>
<Loc EndOffset="2546" SrcFileId="1" StartOffset="2534"/>
</LocList>
</BasicBoolTerm>
</RootTerm>
</CondStmnt>
</StmntSeq>
</Branch>
<Branch CovItemId="B20" CovItemPrefix="Date.java" Implct="true" Intrnl_Id="195">
<Cond/>
<LocList/>
<StmntSeq Intrnl_Id="196">
<LocList/>
</StmntSeq>
</Branch>
<Keyword EndOffset="2497" SrcFileId="1" StartOffset="2495"/>
<LocList>
<Loc EndOffset="2761" SrcFileId="1" StartOffset="2495"/>
</LocList>
<RootTerm CovItemId="C10" CovItemPrefix="Date.java" Intrnl_Id="197">
<BasicBoolTerm Intrnl_Id="198">
<LocList>
<Loc EndOffset="2523" SrcFileId="1" StartOffset="2498"/>
</LocList>
</BasicBoolTerm>
</RootTerm>
</CondStmnt>
<BasicStmnt CovItemId="S62" CovItemPrefix="Date.java" Intrnl_Id="199">
<LocList>
<Loc EndOffset="2778" SrcFileId="1" StartOffset="2765"/>
</LocList>
</BasicStmnt>
</StmntSeq>
</HierarchyLvl>
<HierarchyLvl HierarchyLvlId="207" HierarchyLvlTypeId="8" Intrnl_Id="200" Name="gettrue">
<Header>
<Loc EndOffset="2809" SrcFileId="1" StartOffset="2788"/>
</Header>
<LocList>
<Loc EndOffset="2850" SrcFileId="1" StartOffset="2788"/>
</LocList>
<StmntSeq Intrnl_Id="201">
<LocList>
<Loc EndOffset="2846" SrcFileId="1" StartOffset="2815"/>
</LocList>
<BasicStmnt CovItemId="S63" CovItemPrefix="Date.java" Intrnl_Id="202">
<LocList>
<Loc EndOffset="2846" SrcFileId="1" StartOffset="2815"/>
</LocList>
</BasicStmnt>
</StmntSeq>
</HierarchyLvl>
<HierarchyLvl HierarchyLvlId="208" HierarchyLvlTypeId="8" Intrnl_Id="203" Name="getfalse">
<Header>
<Loc EndOffset="2878" SrcFileId="1" StartOffset="2856"/>
</Header>
<LocList>
<Loc EndOffset="2920" SrcFileId="1" StartOffset="2856"/>
</LocList>
<StmntSeq Intrnl_Id="204">
<LocList>
<Loc EndOffset="2916" SrcFileId="1" StartOffset="2884"/>
</LocList>
<BasicStmnt CovItemId="S64" CovItemPrefix="Date.java" Intrnl_Id="205">
<LocList>
<Loc EndOffset="2916" SrcFileId="1" StartOffset="2884"/>
</LocList>
</BasicStmnt>
</StmntSeq>
</HierarchyLvl>
<HierarchyLvl HierarchyLvlId="209" HierarchyLvlTypeId="8" Intrnl_Id="206" Name="gettips">
<Header>
<Loc EndOffset="2947" SrcFileId="1" StartOffset="2926"/>
</Header>
<LocList>
<Loc EndOffset="2987" SrcFileId="1" StartOffset="2926"/>
</LocList>
<StmntSeq Intrnl_Id="207">
<LocList>
<Loc EndOffset="2983" SrcFileId="1" StartOffset="2953"/>
</LocList>
<BasicStmnt CovItemId="S65" CovItemPrefix="Date.java" Intrnl_Id="208">
<LocList>
<Loc EndOffset="2983" SrcFileId="1" StartOffset="2953"/>
</LocList>
</BasicStmnt>
</StmntSeq>
</HierarchyLvl>
</HierarchyLvl>
<HierarchyLvl HierarchyLvlId="215" HierarchyLvlTypeId="9" Intrnl_Id="209" Name="DateDriverTests">
<Header>
<Loc EndOffset="254" SrcFileId="2" StartOffset="233"/>
</Header>
<LocList>
<Loc EndOffset="1337" SrcFileId="2" StartOffset="233"/>
</LocList>
<HierarchyLvl HierarchyLvlId="211" HierarchyLvlTypeId="8" Intrnl_Id="210" Name="drivertest">
<Header>
<Loc EndOffset="305" SrcFileId="2" StartOffset="280"/>
</Header>
<LocList>
<Loc EndOffset="622" SrcFileId="2" StartOffset="280"/>
</LocList>
<StmntSeq Intrnl_Id="211">
<LocList>
<Loc EndOffset="345" SrcFileId="2" StartOffset="324"/>
<Loc EndOffset="369" SrcFileId="2" StartOffset="349"/>
<Loc EndOffset="391" SrcFileId="2" StartOffset="373"/>
<Loc EndOffset="413" SrcFileId="2" StartOffset="395"/>
<Loc EndOffset="506" SrcFileId="2" StartOffset="485"/>
<Loc EndOffset="528" SrcFileId="2" StartOffset="510"/>
<Loc EndOffset="550" SrcFileId="2" StartOffset="532"/>
</LocList>
<BasicStmnt CovItemId="S1" CovItemPrefix="DateDriverTests.java" Intrnl_Id="212">
<LocList>
<Loc EndOffset="345" SrcFileId="2" StartOffset="324"/>
</LocList>
</BasicStmnt>
<BasicStmnt CovItemId="S2" CovItemPrefix="DateDriverTests.java" Intrnl_Id="213">
<LocList>
<Loc EndOffset="369" SrcFileId="2" StartOffset="349"/>
</LocList>
</BasicStmnt>
<BasicStmnt CovItemId="S3" CovItemPrefix="DateDriverTests.java" Intrnl_Id="214">
<LocList>
<Loc EndOffset="391" SrcFileId="2" StartOffset="373"/>
</LocList>
</BasicStmnt>
<BasicStmnt CovItemId="S4" CovItemPrefix="DateDriverTests.java" Intrnl_Id="215">
<LocList>
<Loc EndOffset="413" SrcFileId="2" StartOffset="395"/>
</LocList>
</BasicStmnt>
<BasicStmnt CovItemId="S5" CovItemPrefix="DateDriverTests.java" Intrnl_Id="216">
<LocList>
<Loc EndOffset="506" SrcFileId="2" StartOffset="485"/>
</LocList>
</BasicStmnt>
<BasicStmnt CovItemId="S6" CovItemPrefix="DateDriverTests.java" Intrnl_Id="217">
<LocList>
<Loc EndOffset="528" SrcFileId="2" StartOffset="510"/>
</LocList>
</BasicStmnt>
<BasicStmnt CovItemId="S7" CovItemPrefix="DateDriverTests.java" Intrnl_Id="218">
<LocList>
<Loc EndOffset="550" SrcFileId="2" StartOffset="532"/>
</LocList>
</BasicStmnt>
</StmntSeq>
</HierarchyLvl>
<HierarchyLvl HierarchyLvlId="212" HierarchyLvlTypeId="8" Intrnl_Id="219" Name="drivertest2">
<Header>
<Loc EndOffset="651" SrcFileId="2" StartOffset="625"/>
</Header>
<LocList>
<Loc EndOffset="891" SrcFileId="2" StartOffset="625"/>
</LocList>
<StmntSeq Intrnl_Id="220">
<LocList>
<Loc EndOffset="690" SrcFileId="2" StartOffset="669"/>
<Loc EndOffset="711" SrcFileId="2" StartOffset="694"/>
<Loc EndOffset="760" SrcFileId="2" StartOffset="743"/>
<Loc EndOffset="810" SrcFileId="2" StartOffset="793"/>
<Loc EndOffset="859" SrcFileId="2" StartOffset="842"/>
</LocList>
<BasicStmnt CovItemId="S8" CovItemPrefix="DateDriverTests.java" Intrnl_Id="221">
<LocList>
<Loc EndOffset="690" SrcFileId="2" StartOffset="669"/>
</LocList>
</BasicStmnt>
<BasicStmnt CovItemId="S9" CovItemPrefix="DateDriverTests.java" Intrnl_Id="222">
<LocList>
<Loc EndOffset="711" SrcFileId="2" StartOffset="694"/>
</LocList>
</BasicStmnt>
<BasicStmnt CovItemId="S10" CovItemPrefix="DateDriverTests.java" Intrnl_Id="223">
<LocList>
<Loc EndOffset="760" SrcFileId="2" StartOffset="743"/>
</LocList>
</BasicStmnt>
<BasicStmnt CovItemId="S11" CovItemPrefix="DateDriverTests.java" Intrnl_Id="224">
<LocList>
<Loc EndOffset="810" SrcFileId="2" StartOffset="793"/>
</LocList>
</BasicStmnt>
<BasicStmnt CovItemId="S12" CovItemPrefix="DateDriverTests.java" Intrnl_Id="225">
<LocList>
<Loc EndOffset="859" SrcFileId="2" StartOffset="842"/>
</LocList>
</BasicStmnt>
</StmntSeq>
</HierarchyLvl>
<HierarchyLvl HierarchyLvlId="213" HierarchyLvlTypeId="8" Intrnl_Id="226" Name="drivertest3">
<Header>
<Loc EndOffset="920" SrcFileId="2" StartOffset="894"/>
</Header>
<LocList>
<Loc EndOffset="1069" SrcFileId="2" StartOffset="894"/>
</LocList>
<StmntSeq Intrnl_Id="227">
<LocList>
<Loc EndOffset="974" SrcFileId="2" StartOffset="938"/>
<Loc EndOffset="995" SrcFileId="2" StartOffset="978"/>
<Loc EndOffset="1036" SrcFileId="2" StartOffset="1027"/>
</LocList>
<BasicStmnt CovItemId="S13" CovItemPrefix="DateDriverTests.java" Intrnl_Id="228">
<LocList>
<Loc EndOffset="974" SrcFileId="2" StartOffset="938"/>
</LocList>
</BasicStmnt>
<BasicStmnt CovItemId="S14" CovItemPrefix="DateDriverTests.java" Intrnl_Id="229">
<LocList>
<Loc EndOffset="995" SrcFileId="2" StartOffset="978"/>
</LocList>
</BasicStmnt>
<BasicStmnt CovItemId="S15" CovItemPrefix="DateDriverTests.java" Intrnl_Id="230">
<LocList>
<Loc EndOffset="1036" SrcFileId="2" StartOffset="1027"/>
</LocList>
</BasicStmnt>
</StmntSeq>
</HierarchyLvl>
<HierarchyLvl HierarchyLvlId="214" HierarchyLvlTypeId="8" Intrnl_Id="231" Name="validdrivertest">
<Header>
<Loc EndOffset="1155" SrcFileId="2" StartOffset="1072"/>
</Header>
<LocList>
<Loc EndOffset="1334" SrcFileId="2" StartOffset="1072"/>
</LocList>
<StmntSeq Intrnl_Id="232">
<LocList>
<Loc EndOffset="1239" SrcFileId="2" StartOffset="1218"/>
<Loc EndOffset="1298" SrcFileId="2" StartOffset="1261"/>
</LocList>
<BasicStmnt CovItemId="S16" CovItemPrefix="DateDriverTests.java" Intrnl_Id="233">
<LocList>
<Loc EndOffset="1239" SrcFileId="2" StartOffset="1218"/>
</LocList>
</BasicStmnt>
<BasicStmnt CovItemId="S17" CovItemPrefix="DateDriverTests.java" Intrnl_Id="234">
<LocList>
<Loc EndOffset="1298" SrcFileId="2" StartOffset="1261"/>
</LocList>
</BasicStmnt>
</StmntSeq>
</HierarchyLvl>
</HierarchyLvl>
<HierarchyLvl HierarchyLvlId="217" HierarchyLvlTypeId="9" Intrnl_Id="235" Name="DateTests">
<Header>
<Loc EndOffset="106" SrcFileId="3" StartOffset="91"/>
</Header>
<LocList>
<Loc EndOffset="2438" SrcFileId="3" StartOffset="91"/>
</LocList>
<HierarchyLvl HierarchyLvlId="216" HierarchyLvlTypeId="8" Intrnl_Id="236" Name="main">
<Header>
<Loc EndOffset="136" SrcFileId="3" StartOffset="111"/>
</Header>
<LocList>
<Loc EndOffset="2435" SrcFileId="3" StartOffset="111"/>
</LocList>
<StmntSeq Intrnl_Id="237">
<LocList>
<Loc EndOffset="252" SrcFileId="3" StartOffset="231"/>
<Loc EndOffset="274" SrcFileId="3" StartOffset="256"/>
<Loc EndOffset="315" SrcFileId="3" StartOffset="278"/>
<Loc EndOffset="330" SrcFileId="3" StartOffset="319"/>
<Loc EndOffset="487" SrcFileId="3" StartOffset="467"/>
<Loc EndOffset="508" SrcFileId="3" StartOffset="491"/>
<Loc EndOffset="530" SrcFileId="3" StartOffset="512"/>
<Loc EndOffset="680" SrcFileId="3" StartOffset="660"/>
<Loc EndOffset="701" SrcFileId="3" StartOffset="684"/>
<Loc EndOffset="723" SrcFileId="3" StartOffset="705"/>
<Loc EndOffset="751" SrcFileId="3" StartOffset="727"/>
<Loc EndOffset="768" SrcFileId="3" StartOffset="755"/>
<Loc EndOffset="898" SrcFileId="3" StartOffset="881"/>
<Loc EndOffset="951" SrcFileId="3" StartOffset="934"/>
<Loc EndOffset="1017" SrcFileId="3" StartOffset="1000"/>
<Loc EndOffset="1176" SrcFileId="3" StartOffset="1161"/>
<Loc EndOffset="1230" SrcFileId="3" StartOffset="1214"/>
<Loc EndOffset="1392" SrcFileId="3" StartOffset="1375"/>
<Loc EndOffset="1411" SrcFileId="3" StartOffset="1396"/>
<Loc EndOffset="1430" SrcFileId="3" StartOffset="1415"/>
<Loc EndOffset="1501" SrcFileId="3" StartOffset="1434"/>
<Loc EndOffset="1524" SrcFileId="3" StartOffset="1507"/>
<Loc EndOffset="1543" SrcFileId="3" StartOffset="1528"/>
<Loc EndOffset="1562" SrcFileId="3" StartOffset="1547"/>
<Loc EndOffset="1633" SrcFileId="3" StartOffset="1566"/>
<Loc EndOffset="1656" SrcFileId="3" StartOffset="1639"/>
<Loc EndOffset="1675" SrcFileId="3" StartOffset="1660"/>
<Loc EndOffset="1694" SrcFileId="3" StartOffset="1679"/>
<Loc EndOffset="1765" SrcFileId="3" StartOffset="1698"/>
<Loc EndOffset="1788" SrcFileId="3" StartOffset="1771"/>
<Loc EndOffset="1807" SrcFileId="3" StartOffset="1792"/>
<Loc EndOffset="1826" SrcFileId="3" StartOffset="1811"/>
<Loc EndOffset="1897" SrcFileId="3" StartOffset="1830"/>
<Loc EndOffset="1920" SrcFileId="3" StartOffset="1903"/>
<Loc EndOffset="1939" SrcFileId="3" StartOffset="1924"/>
<Loc EndOffset="1958" SrcFileId="3" StartOffset="1943"/>
<Loc EndOffset="2029" SrcFileId="3" StartOffset="1962"/>
<Loc EndOffset="2052" SrcFileId="3" StartOffset="2035"/>
<Loc EndOffset="2071" SrcFileId="3" StartOffset="2056"/>
<Loc EndOffset="2090" SrcFileId="3" StartOffset="2075"/>
<Loc EndOffset="2161" SrcFileId="3" StartOffset="2094"/>
<Loc EndOffset="2184" SrcFileId="3" StartOffset="2167"/>
<Loc EndOffset="2203" SrcFileId="3" StartOffset="2188"/>
<Loc EndOffset="2222" SrcFileId="3" StartOffset="2207"/>
<Loc EndOffset="2293" SrcFileId="3" StartOffset="2226"/>
<Loc EndOffset="2316" SrcFileId="3" StartOffset="2299"/>
<Loc EndOffset="2335" SrcFileId="3" StartOffset="2320"/>
<Loc EndOffset="2354" SrcFileId="3" StartOffset="2339"/>
<Loc EndOffset="2425" SrcFileId="3" StartOffset="2358"/>
</LocList>
<BasicStmnt CovItemId="S1" CovItemPrefix="DateTests.java" Intrnl_Id="238">
<LocList>
<Loc EndOffset="252" SrcFileId="3" StartOffset="231"/>
</LocList>
</BasicStmnt>
<BasicStmnt CovItemId="S2" CovItemPrefix="DateTests.java" Intrnl_Id="239">
<LocList>
<Loc EndOffset="274" SrcFileId="3" StartOffset="256"/>
</LocList>
</BasicStmnt>
<CondStmnt CovItemId="S3" CovItemPrefix="DateTests.java" Intrnl_Id="240">
<Branch CovItemId="B1" CovItemPrefix="DateTests.java" Implct="false" Intrnl_Id="241">
<Cond/>
<LocList>
<Loc EndOffset="315" SrcFileId="3" StartOffset="302"/>
</LocList>
<StmntSeq Intrnl_Id="242">
<LocList>
<Loc EndOffset="315" SrcFileId="3" StartOffset="302"/>
</LocList>
<BasicStmnt CovItemId="S4" CovItemPrefix="DateTests.java" Intrnl_Id="243">
<LocList>
<Loc EndOffset="315" SrcFileId="3" StartOffset="302"/>
</LocList>
</BasicStmnt>
</StmntSeq>
</Branch>
<Branch CovItemId="B2" CovItemPrefix="DateTests.java" Implct="true" Intrnl_Id="244">
<Cond/>
<LocList/>
<StmntSeq Intrnl_Id="245">
<LocList/>
</StmntSeq>
</Branch>
<Keyword EndOffset="280" SrcFileId="3" StartOffset="278"/>
<LocList>
<Loc EndOffset="315" SrcFileId="3" StartOffset="278"/>
</LocList>
<RootTerm CovItemId="C1" CovItemPrefix="DateTests.java" Intrnl_Id="246">
<OpTerm BooleanOpId="7" Intrnl_Id="247">
<BasicBoolTerm Intrnl_Id="248">
<LocList>
<Loc EndOffset="296" SrcFileId="3" StartOffset="283"/>
</LocList>
</BasicBoolTerm>
<LocList>
<Loc EndOffset="283" SrcFileId="3" StartOffset="282"/>
</LocList>
</OpTerm>
</RootTerm>
</CondStmnt>
<BasicStmnt CovItemId="S5" CovItemPrefix="DateTests.java" Intrnl_Id="249">
<LocList>
<Loc EndOffset="330" SrcFileId="3" StartOffset="319"/>
</LocList>
</BasicStmnt>
<BasicStmnt CovItemId="S6" CovItemPrefix="DateTests.java" Intrnl_Id="250">
<LocList>
<Loc EndOffset="487" SrcFileId="3" StartOffset="467"/>
</LocList>
</BasicStmnt>
<BasicStmnt CovItemId="S7" CovItemPrefix="DateTests.java" Intrnl_Id="251">
<LocList>
<Loc EndOffset="508" SrcFileId="3" StartOffset="491"/>
</LocList>
</BasicStmnt>
<BasicStmnt CovItemId="S8" CovItemPrefix="DateTests.java" Intrnl_Id="252">
<LocList>
<Loc EndOffset="530" SrcFileId="3" StartOffset="512"/>
</LocList>
</BasicStmnt>
<BasicStmnt CovItemId="S9" CovItemPrefix="DateTests.java" Intrnl_Id="253">
<LocList>
<Loc EndOffset="680" SrcFileId="3" StartOffset="660"/>
</LocList>
</BasicStmnt>
<BasicStmnt CovItemId="S10" CovItemPrefix="DateTests.java" Intrnl_Id="254">
<LocList>
<Loc EndOffset="701" SrcFileId="3" StartOffset="684"/>
</LocList>
</BasicStmnt>
<BasicStmnt CovItemId="S11" CovItemPrefix="DateTests.java" Intrnl_Id="255">
<LocList>
<Loc EndOffset="723" SrcFileId="3" StartOffset="705"/>
</LocList>
</BasicStmnt>
<CondStmnt CovItemId="S12" CovItemPrefix="DateTests.java" Intrnl_Id="256">
<Branch CovItemId="B3" CovItemPrefix="DateTests.java" Implct="false" Intrnl_Id="257">
<Cond/>
<LocList>
<Loc EndOffset="751" SrcFileId="3" StartOffset="750"/>
</LocList>
<StmntSeq Intrnl_Id="258">
<LocList>
<Loc EndOffset="751" SrcFileId="3" StartOffset="750"/>
</LocList>
<BasicStmnt CovItemId="S13" CovItemPrefix="DateTests.java" Intrnl_Id="259">
<LocList>
<Loc EndOffset="751" SrcFileId="3" StartOffset="750"/>
</LocList>
</BasicStmnt>
</StmntSeq>
</Branch>
<Branch CovItemId="B4" CovItemPrefix="DateTests.java" Implct="true" Intrnl_Id="260">
<Cond/>
<LocList/>
<StmntSeq Intrnl_Id="261">
<LocList/>
</StmntSeq>
</Branch>
<Keyword EndOffset="729" SrcFileId="3" StartOffset="727"/>
<LocList>
<Loc EndOffset="751" SrcFileId="3" StartOffset="727"/>
</LocList>
<RootTerm CovItemId="C2" CovItemPrefix="DateTests.java" Intrnl_Id="262">
<OpTerm BooleanOpId="7" Intrnl_Id="263">
<BasicBoolTerm Intrnl_Id="264">
<LocList>
<Loc EndOffset="744" SrcFileId="3" StartOffset="732"/>
</LocList>
</BasicBoolTerm>
<LocList>
<Loc EndOffset="732" SrcFileId="3" StartOffset="731"/>
</LocList>
</OpTerm>
</RootTerm>
</CondStmnt>
<BasicStmnt CovItemId="S14" CovItemPrefix="DateTests.java" Intrnl_Id="265">
<LocList>
<Loc EndOffset="768" SrcFileId="3" StartOffset="755"/>
</LocList>
</BasicStmnt>
<BasicStmnt CovItemId="S15" CovItemPrefix="DateTests.java" Intrnl_Id="266">
<LocList>
<Loc EndOffset="898" SrcFileId="3" StartOffset="881"/>
</LocList>
</BasicStmnt>
<BasicStmnt CovItemId="S16" CovItemPrefix="DateTests.java" Intrnl_Id="267">
<LocList>
<Loc EndOffset="951" SrcFileId="3" StartOffset="934"/>
</LocList>
</BasicStmnt>
<BasicStmnt CovItemId="S17" CovItemPrefix="DateTests.java" Intrnl_Id="268">
<LocList>
<Loc EndOffset="1017" SrcFileId="3" StartOffset="1000"/>
</LocList>
</BasicStmnt>
<BasicStmnt CovItemId="S18" CovItemPrefix="DateTests.java" Intrnl_Id="269">
<LocList>
<Loc EndOffset="1176" SrcFileId="3" StartOffset="1161"/>
</LocList>
</BasicStmnt>
<BasicStmnt CovItemId="S19" CovItemPrefix="DateTests.java" Intrnl_Id="270">
<LocList>
<Loc EndOffset="1230" SrcFileId="3" StartOffset="1214"/>
</LocList>
</BasicStmnt>
<BasicStmnt CovItemId="S20" CovItemPrefix="DateTests.java" Intrnl_Id="271">
<LocList>
<Loc EndOffset="1392" SrcFileId="3" StartOffset="1375"/>
</LocList>
</BasicStmnt>
<BasicStmnt CovItemId="S21" CovItemPrefix="DateTests.java" Intrnl_Id="272">
<LocList>
<Loc EndOffset="1411" SrcFileId="3" StartOffset="1396"/>
</LocList>
</BasicStmnt>
<BasicStmnt CovItemId="S22" CovItemPrefix="DateTests.java" Intrnl_Id="273">
<LocList>
<Loc EndOffset="1430" SrcFileId="3" StartOffset="1415"/>
</LocList>
</BasicStmnt>
<CondStmnt CovItemId="S23" CovItemPrefix="DateTests.java" Intrnl_Id="274">
<Branch CovItemId="B5" CovItemPrefix="DateTests.java" Implct="false" Intrnl_Id="275">
<Cond/>
<LocList>
<Loc EndOffset="1475" SrcFileId="3" StartOffset="1461"/>
</LocList>
<StmntSeq Intrnl_Id="276">
<LocList>
<Loc EndOffset="1475" SrcFileId="3" StartOffset="1461"/>
</LocList>
<BasicStmnt CovItemId="S24" CovItemPrefix="DateTests.java" Intrnl_Id="277">
<LocList>
<Loc EndOffset="1475" SrcFileId="3" StartOffset="1461"/>
</LocList>
</BasicStmnt>
</StmntSeq>
</Branch>
<Branch CovItemId="B6" CovItemPrefix="DateTests.java" Implct="false" Intrnl_Id="278">
<Cond>
<Loc EndOffset="1483" SrcFileId="3" StartOffset="1479"/>
</Cond>
<LocList>
<Loc EndOffset="1501" SrcFileId="3" StartOffset="1488"/>
</LocList>
<StmntSeq Intrnl_Id="279">
<LocList>
<Loc EndOffset="1501" SrcFileId="3" StartOffset="1488"/>
</LocList>
<BasicStmnt CovItemId="S25" CovItemPrefix="DateTests.java" Intrnl_Id="280">
<LocList>
<Loc EndOffset="1501" SrcFileId="3" StartOffset="1488"/>
</LocList>
</BasicStmnt>
</StmntSeq>
</Branch>
<Keyword EndOffset="1436" SrcFileId="3" StartOffset="1434"/>
<LocList>
<Loc EndOffset="1501" SrcFileId="3" StartOffset="1434"/>
</LocList>
<RootTerm CovItemId="C3" CovItemPrefix="DateTests.java" Intrnl_Id="281">
<OpTerm BooleanOpId="7" Intrnl_Id="282">
<BasicBoolTerm Intrnl_Id="283">
<LocList>
<Loc EndOffset="1455" SrcFileId="3" StartOffset="1439"/>
</LocList>
</BasicBoolTerm>
<LocList>
<Loc EndOffset="1439" SrcFileId="3" StartOffset="1438"/>
</LocList>
</OpTerm>
</RootTerm>
</CondStmnt>
<BasicStmnt CovItemId="S26" CovItemPrefix="DateTests.java" Intrnl_Id="284">
<LocList>
<Loc EndOffset="1524" SrcFileId="3" StartOffset="1507"/>
</LocList>
</BasicStmnt>
<BasicStmnt CovItemId="S27" CovItemPrefix="DateTests.java" Intrnl_Id="285">
<LocList>
<Loc EndOffset="1543" SrcFileId="3" StartOffset="1528"/>
</LocList>
</BasicStmnt>
<BasicStmnt CovItemId="S28" CovItemPrefix="DateTests.java" Intrnl_Id="286">
<LocList>
<Loc EndOffset="1562" SrcFileId="3" StartOffset="1547"/>
</LocList>
</BasicStmnt>
<CondStmnt CovItemId="S29" CovItemPrefix="DateTests.java" Intrnl_Id="287">
<Branch CovItemId="B7" CovItemPrefix="DateTests.java" Implct="false" Intrnl_Id="288">
<Cond/>
<LocList>
<Loc EndOffset="1607" SrcFileId="3" StartOffset="1593"/>
</LocList>
<StmntSeq Intrnl_Id="289">
<LocList>
<Loc EndOffset="1607" SrcFileId="3" StartOffset="1593"/>
</LocList>
<BasicStmnt CovItemId="S30" CovItemPrefix="DateTests.java" Intrnl_Id="290">
<LocList>
<Loc EndOffset="1607" SrcFileId="3" StartOffset="1593"/>
</LocList>
</BasicStmnt>
</StmntSeq>
</Branch>
<Branch CovItemId="B8" CovItemPrefix="DateTests.java" Implct="false" Intrnl_Id="291">
<Cond>
<Loc EndOffset="1615" SrcFileId="3" StartOffset="1611"/>
</Cond>
<LocList>
<Loc EndOffset="1633" SrcFileId="3" StartOffset="1620"/>
</LocList>
<StmntSeq Intrnl_Id="292">
<LocList>
<Loc EndOffset="1633" SrcFileId="3" StartOffset="1620"/>
</LocList>
<BasicStmnt CovItemId="S31" CovItemPrefix="DateTests.java" Intrnl_Id="293">
<LocList>
<Loc EndOffset="1633" SrcFileId="3" StartOffset="1620"/>
</LocList>
</BasicStmnt>
</StmntSeq>
</Branch>
<Keyword EndOffset="1568" SrcFileId="3" StartOffset="1566"/>
<LocList>
<Loc EndOffset="1633" SrcFileId="3" StartOffset="1566"/>
</LocList>
<RootTerm CovItemId="C4" CovItemPrefix="DateTests.java" Intrnl_Id="294">
<OpTerm BooleanOpId="7" Intrnl_Id="295">
<BasicBoolTerm Intrnl_Id="296">
<LocList>
<Loc EndOffset="1587" SrcFileId="3" StartOffset="1571"/>
</LocList>
</BasicBoolTerm>
<LocList>
<Loc EndOffset="1571" SrcFileId="3" StartOffset="1570"/>
</LocList>
</OpTerm>
</RootTerm>
</CondStmnt>
<BasicStmnt CovItemId="S32" CovItemPrefix="DateTests.java" Intrnl_Id="297">
<LocList>
<Loc EndOffset="1656" SrcFileId="3" StartOffset="1639"/>
</LocList>
</BasicStmnt>
<BasicStmnt CovItemId="S33" CovItemPrefix="DateTests.java" Intrnl_Id="298">
<LocList>
<Loc EndOffset="1675" SrcFileId="3" StartOffset="1660"/>
</LocList>
</BasicStmnt>
<BasicStmnt CovItemId="S34" CovItemPrefix="DateTests.java" Intrnl_Id="299">
<LocList>
<Loc EndOffset="1694" SrcFileId="3" StartOffset="1679"/>
</LocList>
</BasicStmnt>
<CondStmnt CovItemId="S35" CovItemPrefix="DateTests.java" Intrnl_Id="300">
<Branch CovItemId="B9" CovItemPrefix="DateTests.java" Implct="false" Intrnl_Id="301">
<Cond/>
<LocList>
<Loc EndOffset="1739" SrcFileId="3" StartOffset="1725"/>
</LocList>
<StmntSeq Intrnl_Id="302">
<LocList>
<Loc EndOffset="1739" SrcFileId="3" StartOffset="1725"/>
</LocList>
<BasicStmnt CovItemId="S36" CovItemPrefix="DateTests.java" Intrnl_Id="303">
<LocList>
<Loc EndOffset="1739" SrcFileId="3" StartOffset="1725"/>
</LocList>
</BasicStmnt>
</StmntSeq>
</Branch>
<Branch CovItemId="B10" CovItemPrefix="DateTests.java" Implct="false" Intrnl_Id="304">
<Cond>
<Loc EndOffset="1747" SrcFileId="3" StartOffset="1743"/>
</Cond>
<LocList>
<Loc EndOffset="1765" SrcFileId="3" StartOffset="1752"/>
</LocList>
<StmntSeq Intrnl_Id="305">
<LocList>
<Loc EndOffset="1765" SrcFileId="3" StartOffset="1752"/>
</LocList>
<BasicStmnt CovItemId="S37" CovItemPrefix="DateTests.java" Intrnl_Id="306">
<LocList>
<Loc EndOffset="1765" SrcFileId="3" StartOffset="1752"/>
</LocList>
</BasicStmnt>
</StmntSeq>
</Branch>
<Keyword EndOffset="1700" SrcFileId="3" StartOffset="1698"/>
<LocList>
<Loc EndOffset="1765" SrcFileId="3" StartOffset="1698"/>
</LocList>
<RootTerm CovItemId="C5" CovItemPrefix="DateTests.java" Intrnl_Id="307">
<OpTerm BooleanOpId="7" Intrnl_Id="308">
<BasicBoolTerm Intrnl_Id="309">
<LocList>
<Loc EndOffset="1719" SrcFileId="3" StartOffset="1703"/>
</LocList>
</BasicBoolTerm>
<LocList>
<Loc EndOffset="1703" SrcFileId="3" StartOffset="1702"/>
</LocList>
</OpTerm>
</RootTerm>
</CondStmnt>
<BasicStmnt CovItemId="S38" CovItemPrefix="DateTests.java" Intrnl_Id="310">
<LocList>
<Loc EndOffset="1788" SrcFileId="3" StartOffset="1771"/>
</LocList>
</BasicStmnt>
<BasicStmnt CovItemId="S39" CovItemPrefix="DateTests.java" Intrnl_Id="311">
<LocList>
<Loc EndOffset="1807" SrcFileId="3" StartOffset="1792"/>
</LocList>
</BasicStmnt>
<BasicStmnt CovItemId="S40" CovItemPrefix="DateTests.java" Intrnl_Id="312">
<LocList>
<Loc EndOffset="1826" SrcFileId="3" StartOffset="1811"/>
</LocList>
</BasicStmnt>
<CondStmnt CovItemId="S41" CovItemPrefix="DateTests.java" Intrnl_Id="313">
<Branch CovItemId="B11" CovItemPrefix="DateTests.java" Implct="false" Intrnl_Id="314">
<Cond/>
<LocList>
<Loc EndOffset="1871" SrcFileId="3" StartOffset="1857"/>
</LocList>
<StmntSeq Intrnl_Id="315">
<LocList>
<Loc EndOffset="1871" SrcFileId="3" StartOffset="1857"/>
</LocList>
<BasicStmnt CovItemId="S42" CovItemPrefix="DateTests.java" Intrnl_Id="316">
<LocList>
<Loc EndOffset="1871" SrcFileId="3" StartOffset="1857"/>
</LocList>
</BasicStmnt>
</StmntSeq>
</Branch>
<Branch CovItemId="B12" CovItemPrefix="DateTests.java" Implct="false" Intrnl_Id="317">
<Cond>
<Loc EndOffset="1879" SrcFileId="3" StartOffset="1875"/>
</Cond>
<LocList>
<Loc EndOffset="1897" SrcFileId="3" StartOffset="1884"/>
</LocList>
<StmntSeq Intrnl_Id="318">
<LocList>
<Loc EndOffset="1897" SrcFileId="3" StartOffset="1884"/>
</LocList>
<BasicStmnt CovItemId="S43" CovItemPrefix="DateTests.java" Intrnl_Id="319">
<LocList>
<Loc EndOffset="1897" SrcFileId="3" StartOffset="1884"/>
</LocList>
</BasicStmnt>
</StmntSeq>
</Branch>
<Keyword EndOffset="1832" SrcFileId="3" StartOffset="1830"/>
<LocList>
<Loc EndOffset="1897" SrcFileId="3" StartOffset="1830"/>
</LocList>
<RootTerm CovItemId="C6" CovItemPrefix="DateTests.java" Intrnl_Id="320">
<OpTerm BooleanOpId="7" Intrnl_Id="321">
<BasicBoolTerm Intrnl_Id="322">
<LocList>
<Loc EndOffset="1851" SrcFileId="3" StartOffset="1835"/>
</LocList>
</BasicBoolTerm>
<LocList>
<Loc EndOffset="1835" SrcFileId="3" StartOffset="1834"/>
</LocList>
</OpTerm>
</RootTerm>
</CondStmnt>
<BasicStmnt CovItemId="S44" CovItemPrefix="DateTests.java" Intrnl_Id="323">
<LocList>
<Loc EndOffset="1920" SrcFileId="3" StartOffset="1903"/>
</LocList>
</BasicStmnt>
<BasicStmnt CovItemId="S45" CovItemPrefix="DateTests.java" Intrnl_Id="324">
<LocList>
<Loc EndOffset="1939" SrcFileId="3" StartOffset="1924"/>
</LocList>
</BasicStmnt>
<BasicStmnt CovItemId="S46" CovItemPrefix="DateTests.java" Intrnl_Id="325">
<LocList>
<Loc EndOffset="1958" SrcFileId="3" StartOffset="1943"/>
</LocList>
</BasicStmnt>
<CondStmnt CovItemId="S47" CovItemPrefix="DateTests.java" Intrnl_Id="326">
<Branch CovItemId="B13" CovItemPrefix="DateTests.java" Implct="false" Intrnl_Id="327">
<Cond/>
<LocList>
<Loc EndOffset="2003" SrcFileId="3" StartOffset="1989"/>
</LocList>
<StmntSeq Intrnl_Id="328">
<LocList>
<Loc EndOffset="2003" SrcFileId="3" StartOffset="1989"/>
</LocList>
<BasicStmnt CovItemId="S48" CovItemPrefix="DateTests.java" Intrnl_Id="329">
<LocList>
<Loc EndOffset="2003" SrcFileId="3" StartOffset="1989"/>
</LocList>
</BasicStmnt>
</StmntSeq>
</Branch>
<Branch CovItemId="B14" CovItemPrefix="DateTests.java" Implct="false" Intrnl_Id="330">
<Cond>
<Loc EndOffset="2011" SrcFileId="3" StartOffset="2007"/>
</Cond>
<LocList>
<Loc EndOffset="2029" SrcFileId="3" StartOffset="2016"/>
</LocList>
<StmntSeq Intrnl_Id="331">
<LocList>
<Loc EndOffset="2029" SrcFileId="3" StartOffset="2016"/>
</LocList>
<BasicStmnt CovItemId="S49" CovItemPrefix="DateTests.java" Intrnl_Id="332">
<LocList>
<Loc EndOffset="2029" SrcFileId="3" StartOffset="2016"/>
</LocList>
</BasicStmnt>
</StmntSeq>
</Branch>
<Keyword EndOffset="1964" SrcFileId="3" StartOffset="1962"/>
<LocList>
<Loc EndOffset="2029" SrcFileId="3" StartOffset="1962"/>
</LocList>
<RootTerm CovItemId="C7" CovItemPrefix="DateTests.java" Intrnl_Id="333">
<OpTerm BooleanOpId="7" Intrnl_Id="334">
<BasicBoolTerm Intrnl_Id="335">
<LocList>
<Loc EndOffset="1983" SrcFileId="3" StartOffset="1967"/>
</LocList>
</BasicBoolTerm>
<LocList>
<Loc EndOffset="1967" SrcFileId="3" StartOffset="1966"/>
</LocList>
</OpTerm>
</RootTerm>
</CondStmnt>
<BasicStmnt CovItemId="S50" CovItemPrefix="DateTests.java" Intrnl_Id="336">
<LocList>
<Loc EndOffset="2052" SrcFileId="3" StartOffset="2035"/>
</LocList>
</BasicStmnt>
<BasicStmnt CovItemId="S51" CovItemPrefix="DateTests.java" Intrnl_Id="337">
<LocList>
<Loc EndOffset="2071" SrcFileId="3" StartOffset="2056"/>
</LocList>
</BasicStmnt>
<BasicStmnt CovItemId="S52" CovItemPrefix="DateTests.java" Intrnl_Id="338">
<LocList>
<Loc EndOffset="2090" SrcFileId="3" StartOffset="2075"/>
</LocList>
</BasicStmnt>
<CondStmnt CovItemId="S53" CovItemPrefix="DateTests.java" Intrnl_Id="339">
<Branch CovItemId="B15" CovItemPrefix="DateTests.java" Implct="false" Intrnl_Id="340">
<Cond/>
<LocList>
<Loc EndOffset="2135" SrcFileId="3" StartOffset="2121"/>
</LocList>
<StmntSeq Intrnl_Id="341">
<LocList>
<Loc EndOffset="2135" SrcFileId="3" StartOffset="2121"/>
</LocList>
<BasicStmnt CovItemId="S54" CovItemPrefix="DateTests.java" Intrnl_Id="342">
<LocList>
<Loc EndOffset="2135" SrcFileId="3" StartOffset="2121"/>
</LocList>
</BasicStmnt>
</StmntSeq>
</Branch>
<Branch CovItemId="B16" CovItemPrefix="DateTests.java" Implct="false" Intrnl_Id="343">
<Cond>
<Loc EndOffset="2143" SrcFileId="3" StartOffset="2139"/>
</Cond>
<LocList>
<Loc EndOffset="2161" SrcFileId="3" StartOffset="2148"/>
</LocList>
<StmntSeq Intrnl_Id="344">
<LocList>
<Loc EndOffset="2161" SrcFileId="3" StartOffset="2148"/>
</LocList>
<BasicStmnt CovItemId="S55" CovItemPrefix="DateTests.java" Intrnl_Id="345">
<LocList>
<Loc EndOffset="2161" SrcFileId="3" StartOffset="2148"/>
</LocList>
</BasicStmnt>
</StmntSeq>
</Branch>
<Keyword EndOffset="2096" SrcFileId="3" StartOffset="2094"/>
<LocList>
<Loc EndOffset="2161" SrcFileId="3" StartOffset="2094"/>
</LocList>
<RootTerm CovItemId="C8" CovItemPrefix="DateTests.java" Intrnl_Id="346">
<OpTerm BooleanOpId="7" Intrnl_Id="347">
<BasicBoolTerm Intrnl_Id="348">
<LocList>
<Loc EndOffset="2115" SrcFileId="3" StartOffset="2099"/>
</LocList>
</BasicBoolTerm>
<LocList>
<Loc EndOffset="2099" SrcFileId="3" StartOffset="2098"/>
</LocList>
</OpTerm>
</RootTerm>
</CondStmnt>
<BasicStmnt CovItemId="S56" CovItemPrefix="DateTests.java" Intrnl_Id="349">
<LocList>
<Loc EndOffset="2184" SrcFileId="3" StartOffset="2167"/>
</LocList>
</BasicStmnt>
<BasicStmnt CovItemId="S57" CovItemPrefix="DateTests.java" Intrnl_Id="350">
<LocList>
<Loc EndOffset="2203" SrcFileId="3" StartOffset="2188"/>
</LocList>
</BasicStmnt>
<BasicStmnt CovItemId="S58" CovItemPrefix="DateTests.java" Intrnl_Id="351">
<LocList>
<Loc EndOffset="2222" SrcFileId="3" StartOffset="2207"/>
</LocList>
</BasicStmnt>
<CondStmnt CovItemId="S59" CovItemPrefix="DateTests.java" Intrnl_Id="352">
<Branch CovItemId="B17" CovItemPrefix="DateTests.java" Implct="false" Intrnl_Id="353">
<Cond/>
<LocList>
<Loc EndOffset="2267" SrcFileId="3" StartOffset="2253"/>
</LocList>
<StmntSeq Intrnl_Id="354">
<LocList>
<Loc EndOffset="2267" SrcFileId="3" StartOffset="2253"/>
</LocList>
<BasicStmnt CovItemId="S60" CovItemPrefix="DateTests.java" Intrnl_Id="355">
<LocList>
<Loc EndOffset="2267" SrcFileId="3" StartOffset="2253"/>
</LocList>
</BasicStmnt>
</StmntSeq>
</Branch>
<Branch CovItemId="B18" CovItemPrefix="DateTests.java" Implct="false" Intrnl_Id="356">
<Cond>
<Loc EndOffset="2275" SrcFileId="3" StartOffset="2271"/>
</Cond>
<LocList>
<Loc EndOffset="2293" SrcFileId="3" StartOffset="2280"/>
</LocList>
<StmntSeq Intrnl_Id="357">
<LocList>
<Loc EndOffset="2293" SrcFileId="3" StartOffset="2280"/>
</LocList>
<BasicStmnt CovItemId="S61" CovItemPrefix="DateTests.java" Intrnl_Id="358">
<LocList>
<Loc EndOffset="2293" SrcFileId="3" StartOffset="2280"/>
</LocList>
</BasicStmnt>
</StmntSeq>
</Branch>
<Keyword EndOffset="2228" SrcFileId="3" StartOffset="2226"/>
<LocList>
<Loc EndOffset="2293" SrcFileId="3" StartOffset="2226"/>
</LocList>
<RootTerm CovItemId="C9" CovItemPrefix="DateTests.java" Intrnl_Id="359">
<OpTerm BooleanOpId="7" Intrnl_Id="360">
<BasicBoolTerm Intrnl_Id="361">
<LocList>
<Loc EndOffset="2247" SrcFileId="3" StartOffset="2231"/>
</LocList>
</BasicBoolTerm>
<LocList>
<Loc EndOffset="2231" SrcFileId="3" StartOffset="2230"/>
</LocList>
</OpTerm>
</RootTerm>
</CondStmnt>
<BasicStmnt CovItemId="S62" CovItemPrefix="DateTests.java" Intrnl_Id="362">
<LocList>
<Loc EndOffset="2316" SrcFileId="3" StartOffset="2299"/>
</LocList>
</BasicStmnt>
<BasicStmnt CovItemId="S63" CovItemPrefix="DateTests.java" Intrnl_Id="363">
<LocList>
<Loc EndOffset="2335" SrcFileId="3" StartOffset="2320"/>
</LocList>
</BasicStmnt>
<BasicStmnt CovItemId="S64" CovItemPrefix="DateTests.java" Intrnl_Id="364">
<LocList>
<Loc EndOffset="2354" SrcFileId="3" StartOffset="2339"/>
</LocList>
</BasicStmnt>
<CondStmnt CovItemId="S65" CovItemPrefix="DateTests.java" Intrnl_Id="365">
<Branch CovItemId="B19" CovItemPrefix="DateTests.java" Implct="false" Intrnl_Id="366">
<Cond/>
<LocList>
<Loc EndOffset="2399" SrcFileId="3" StartOffset="2385"/>
</LocList>
<StmntSeq Intrnl_Id="367">
<LocList>
<Loc EndOffset="2399" SrcFileId="3" StartOffset="2385"/>
</LocList>
<BasicStmnt CovItemId="S66" CovItemPrefix="DateTests.java" Intrnl_Id="368">
<LocList>
<Loc EndOffset="2399" SrcFileId="3" StartOffset="2385"/>
</LocList>
</BasicStmnt>
</StmntSeq>
</Branch>
<Branch CovItemId="B20" CovItemPrefix="DateTests.java" Implct="false" Intrnl_Id="369">
<Cond>
<Loc EndOffset="2407" SrcFileId="3" StartOffset="2403"/>
</Cond>
<LocList>
<Loc EndOffset="2425" SrcFileId="3" StartOffset="2412"/>
</LocList>
<StmntSeq Intrnl_Id="370">
<LocList>
<Loc EndOffset="2425" SrcFileId="3" StartOffset="2412"/>
</LocList>
<BasicStmnt CovItemId="S67" CovItemPrefix="DateTests.java" Intrnl_Id="371">
<LocList>
<Loc EndOffset="2425" SrcFileId="3" StartOffset="2412"/>
</LocList>
</BasicStmnt>
</StmntSeq>
</Branch>
<Keyword EndOffset="2360" SrcFileId="3" StartOffset="2358"/>
<LocList>
<Loc EndOffset="2425" SrcFileId="3" StartOffset="2358"/>
</LocList>
<RootTerm CovItemId="C10" CovItemPrefix="DateTests.java" Intrnl_Id="372">
<OpTerm BooleanOpId="7" Intrnl_Id="373">
<BasicBoolTerm Intrnl_Id="374">
<LocList>
<Loc EndOffset="2379" SrcFileId="3" StartOffset="2363"/>
</LocList>
</BasicBoolTerm>
<LocList>
<Loc EndOffset="2363" SrcFileId="3" StartOffset="2362"/>
</LocList>
</OpTerm>
</RootTerm>
</CondStmnt>
</StmntSeq>
</HierarchyLvl>
</HierarchyLvl>
<HierarchyLvl HierarchyLvlId="219" HierarchyLvlTypeId="9" Intrnl_Id="375" Name="Main_Lang">
<Header>
<Loc EndOffset="51" SrcFileId="4" StartOffset="29"/>
</Header>
<LocList>
<Loc EndOffset="591" SrcFileId="4" StartOffset="29"/>
</LocList>
<HierarchyLvl HierarchyLvlId="218" HierarchyLvlTypeId="8" Intrnl_Id="376" Name="main">
<Header>
<Loc EndOffset="96" SrcFileId="4" StartOffset="58"/>
</Header>
<LocList>
<Loc EndOffset="588" SrcFileId="4" StartOffset="58"/>
</LocList>
<StmntSeq Intrnl_Id="377">
<LocList>
<Loc EndOffset="187" SrcFileId="4" StartOffset="140"/>
<Loc EndOffset="212" SrcFileId="4" StartOffset="191"/>
<Loc EndOffset="252" SrcFileId="4" StartOffset="216"/>
<Loc EndOffset="283" SrcFileId="4" StartOffset="256"/>
<Loc EndOffset="335" SrcFileId="4" StartOffset="287"/>
<Loc EndOffset="366" SrcFileId="4" StartOffset="339"/>
<Loc EndOffset="417" SrcFileId="4" StartOffset="370"/>
<Loc EndOffset="448" SrcFileId="4" StartOffset="421"/>
<Loc EndOffset="463" SrcFileId="4" StartOffset="452"/>
<Loc EndOffset="584" SrcFileId="4" StartOffset="467"/>
</LocList>
<BasicStmnt CovItemId="S1" CovItemPrefix="Main_Lang.java" Intrnl_Id="378">
<LocList>
<Loc EndOffset="187" SrcFileId="4" StartOffset="140"/>
</LocList>
</BasicStmnt>
<BasicStmnt CovItemId="S2" CovItemPrefix="Main_Lang.java" Intrnl_Id="379">
<LocList>
<Loc EndOffset="212" SrcFileId="4" StartOffset="191"/>
</LocList>
</BasicStmnt>
<BasicStmnt CovItemId="S3" CovItemPrefix="Main_Lang.java" Intrnl_Id="380">
<LocList>
<Loc EndOffset="252" SrcFileId="4" StartOffset="216"/>
</LocList>
</BasicStmnt>
<BasicStmnt CovItemId="S4" CovItemPrefix="Main_Lang.java" Intrnl_Id="381">
<LocList>
<Loc EndOffset="283" SrcFileId="4" StartOffset="256"/>
</LocList>
</BasicStmnt>
<BasicStmnt CovItemId="S5" CovItemPrefix="Main_Lang.java" Intrnl_Id="382">
<LocList>
<Loc EndOffset="335" SrcFileId="4" StartOffset="287"/>
</LocList>
</BasicStmnt>
<BasicStmnt CovItemId="S6" CovItemPrefix="Main_Lang.java" Intrnl_Id="383">
<LocList>
<Loc EndOffset="366" SrcFileId="4" StartOffset="339"/>
</LocList>
</BasicStmnt>
<BasicStmnt CovItemId="S7" CovItemPrefix="Main_Lang.java" Intrnl_Id="384">
<LocList>
<Loc EndOffset="417" SrcFileId="4" StartOffset="370"/>
</LocList>
</BasicStmnt>
<BasicStmnt CovItemId="S8" CovItemPrefix="Main_Lang.java" Intrnl_Id="385">
<LocList>
<Loc EndOffset="448" SrcFileId="4" StartOffset="421"/>
</LocList>
</BasicStmnt>
<BasicStmnt CovItemId="S9" CovItemPrefix="Main_Lang.java" Intrnl_Id="386">
<LocList>
<Loc EndOffset="463" SrcFileId="4" StartOffset="452"/>
</LocList>
</BasicStmnt>
<CondStmnt CovItemId="S10" CovItemPrefix="Main_Lang.java" Intrnl_Id="387">
<Branch CovItemId="B1" CovItemPrefix="Main_Lang.java" Implct="false" Intrnl_Id="388">
<Cond/>
<LocList>
<Loc EndOffset="584" SrcFileId="4" StartOffset="484"/>
</LocList>
<StmntSeq Intrnl_Id="389">
<LocList>
<Loc EndOffset="579" SrcFileId="4" StartOffset="490"/>
</LocList>
<CondStmnt CovItemId="S11" CovItemPrefix="Main_Lang.java" Intrnl_Id="390">
<Branch CovItemId="B3" CovItemPrefix="Main_Lang.java" Implct="false" Intrnl_Id="391">
<Cond/>
<LocList>
<Loc EndOffset="550" SrcFileId="4" StartOffset="537"/>
</LocList>
<StmntSeq Intrnl_Id="392">
<LocList>
<Loc EndOffset="550" SrcFileId="4" StartOffset="537"/>
</LocList>
<BasicStmnt CovItemId="S12" CovItemPrefix="Main_Lang.java" Intrnl_Id="393">
<LocList>
<Loc EndOffset="550" SrcFileId="4" StartOffset="537"/>
</LocList>
</BasicStmnt>
</StmntSeq>
</Branch>
<Branch CovItemId="B4" CovItemPrefix="Main_Lang.java" Implct="false" Intrnl_Id="394">
<Cond>
<Loc EndOffset="559" SrcFileId="4" StartOffset="555"/>
</Cond>
<LocList>
<Loc EndOffset="579" SrcFileId="4" StartOffset="565"/>
</LocList>
<StmntSeq Intrnl_Id="395">
<LocList>
<Loc EndOffset="579" SrcFileId="4" StartOffset="565"/>
</LocList>
<BasicStmnt CovItemId="S13" CovItemPrefix="Main_Lang.java" Intrnl_Id="396">
<LocList>
<Loc EndOffset="579" SrcFileId="4" StartOffset="565"/>
</LocList>
</BasicStmnt>
</StmntSeq>
</Branch>
<Keyword EndOffset="492" SrcFileId="4" StartOffset="490"/>
<LocList>
<Loc EndOffset="579" SrcFileId="4" StartOffset="490"/>
</LocList>
<RootTerm CovItemId="C2" CovItemPrefix="Main_Lang.java" Intrnl_Id="397">
<OpTerm BooleanOpId="6" Intrnl_Id="398">
<BasicBoolTerm Intrnl_Id="399">
<LocList>
<Loc EndOffset="510" SrcFileId="4" StartOffset="493"/>
</LocList>
</BasicBoolTerm>
<BasicBoolTerm Intrnl_Id="400">
<LocList>
<Loc EndOffset="530" SrcFileId="4" StartOffset="514"/>
</LocList>
</BasicBoolTerm>
<LocList>
<Loc EndOffset="513" SrcFileId="4" StartOffset="511"/>
</LocList>
</OpTerm>
</RootTerm>
</CondStmnt>
</StmntSeq>
</Branch>
<Branch CovItemId="B2" CovItemPrefix="Main_Lang.java" Implct="true" Intrnl_Id="401">
<Cond/>
<LocList/>
<StmntSeq Intrnl_Id="402">
<LocList/>
</StmntSeq>
</Branch>
<Keyword EndOffset="469" SrcFileId="4" StartOffset="467"/>
<LocList>
<Loc EndOffset="584" SrcFileId="4" StartOffset="467"/>
</LocList>
<RootTerm CovItemId="C1" CovItemPrefix="Main_Lang.java" Intrnl_Id="403">
<BasicBoolTerm Intrnl_Id="404">
<LocList>
<Loc EndOffset="482" SrcFileId="4" StartOffset="470"/>
</LocList>
</BasicBoolTerm>
</RootTerm>
</CondStmnt>
</StmntSeq>
</HierarchyLvl>
</HierarchyLvl>
<HierarchyLvl HierarchyLvlId="223" HierarchyLvlTypeId="9" Intrnl_Id="405" Name="StubTests">
<Header>
<Loc EndOffset="158" SrcFileId="5" StartOffset="143"/>
</Header>
<LocList>
<Loc EndOffset="2164" SrcFileId="5" StartOffset="143"/>
</LocList>
<HierarchyLvl HierarchyLvlId="220" HierarchyLvlTypeId="8" Intrnl_Id="406" Name="stubtest">
<Header>
<Loc EndOffset="206" SrcFileId="5" StartOffset="183"/>
</Header>
<LocList>
<Loc EndOffset="656" SrcFileId="5" StartOffset="183"/>
</LocList>
<StmntSeq Intrnl_Id="407">
<LocList>
<Loc EndOffset="244" SrcFileId="5" StartOffset="223"/>
<Loc EndOffset="268" SrcFileId="5" StartOffset="248"/>
<Loc EndOffset="289" SrcFileId="5" StartOffset="272"/>
<Loc EndOffset="313" SrcFileId="5" StartOffset="293"/>
<Loc EndOffset="652" SrcFileId="5" StartOffset="317"/>
</LocList>
<BasicStmnt CovItemId="S1" CovItemPrefix="StubTests.java" Intrnl_Id="408">
<LocList>
<Loc EndOffset="244" SrcFileId="5" StartOffset="223"/>
</LocList>
</BasicStmnt>
<BasicStmnt CovItemId="S2" CovItemPrefix="StubTests.java" Intrnl_Id="409">
<LocList>
<Loc EndOffset="268" SrcFileId="5" StartOffset="248"/>
</LocList>
</BasicStmnt>
<BasicStmnt CovItemId="S3" CovItemPrefix="StubTests.java" Intrnl_Id="410">
<LocList>
<Loc EndOffset="289" SrcFileId="5" StartOffset="272"/>
</LocList>
</BasicStmnt>
<BasicStmnt CovItemId="S4" CovItemPrefix="StubTests.java" Intrnl_Id="411">
<LocList>
<Loc EndOffset="313" SrcFileId="5" StartOffset="293"/>
</LocList>
</BasicStmnt>
<CondStmnt CovItemId="S5" CovItemPrefix="StubTests.java" Intrnl_Id="412">
<Branch CovItemId="B1" CovItemPrefix="StubTests.java" Implct="false" Intrnl_Id="413">
<Cond/>
<LocList>
<Loc EndOffset="611" SrcFileId="5" StartOffset="326"/>
</LocList>
<StmntSeq Intrnl_Id="414">
<LocList>
<Loc EndOffset="374" SrcFileId="5" StartOffset="331"/>
<Loc EndOffset="422" SrcFileId="5" StartOffset="378"/>
<Loc EndOffset="469" SrcFileId="5" StartOffset="426"/>
<Loc EndOffset="505" SrcFileId="5" StartOffset="473"/>
<Loc EndOffset="539" SrcFileId="5" StartOffset="509"/>
<Loc EndOffset="575" SrcFileId="5" StartOffset="543"/>
<Loc EndOffset="606" SrcFileId="5" StartOffset="579"/>
</LocList>
<BasicStmnt CovItemId="S6" CovItemPrefix="StubTests.java" Intrnl_Id="415">
<LocList>
<Loc EndOffset="374" SrcFileId="5" StartOffset="331"/>
</LocList>
</BasicStmnt>
<BasicStmnt CovItemId="S7" CovItemPrefix="StubTests.java" Intrnl_Id="416">
<LocList>
<Loc EndOffset="422" SrcFileId="5" StartOffset="378"/>
</LocList>
</BasicStmnt>
<BasicStmnt CovItemId="S8" CovItemPrefix="StubTests.java" Intrnl_Id="417">
<LocList>
<Loc EndOffset="469" SrcFileId="5" StartOffset="426"/>
</LocList>
</BasicStmnt>
<BasicStmnt CovItemId="S9" CovItemPrefix="StubTests.java" Intrnl_Id="418">
<LocList>
<Loc EndOffset="505" SrcFileId="5" StartOffset="473"/>
</LocList>
</BasicStmnt>
<BasicStmnt CovItemId="S10" CovItemPrefix="StubTests.java" Intrnl_Id="419">
<LocList>
<Loc EndOffset="539" SrcFileId="5" StartOffset="509"/>
</LocList>
</BasicStmnt>
<BasicStmnt CovItemId="S11" CovItemPrefix="StubTests.java" Intrnl_Id="420">
<LocList>
<Loc EndOffset="575" SrcFileId="5" StartOffset="543"/>
</LocList>
</BasicStmnt>
<BasicStmnt CovItemId="S12" CovItemPrefix="StubTests.java" Intrnl_Id="421">
<LocList>
<Loc EndOffset="606" SrcFileId="5" StartOffset="579"/>
</LocList>
</BasicStmnt>
</StmntSeq>
</Branch>
<Branch CovItemId="B2" CovItemPrefix="StubTests.java" Implct="false" Intrnl_Id="422">
<Cond>
<Loc EndOffset="619" SrcFileId="5" StartOffset="615"/>
</Cond>
<LocList>
<Loc EndOffset="652" SrcFileId="5" StartOffset="624"/>
</LocList>
<StmntSeq Intrnl_Id="423">
<LocList>
<Loc EndOffset="652" SrcFileId="5" StartOffset="624"/>
</LocList>
<BasicStmnt CovItemId="S13" CovItemPrefix="StubTests.java" Intrnl_Id="424">
<LocList>
<Loc EndOffset="652" SrcFileId="5" StartOffset="624"/>
</LocList>
</BasicStmnt>
</StmntSeq>
</Branch>
<Keyword EndOffset="319" SrcFileId="5" StartOffset="317"/>
<LocList>
<Loc EndOffset="652" SrcFileId="5" StartOffset="317"/>
</LocList>
</CondStmnt>
</StmntSeq>
</HierarchyLvl>
<HierarchyLvl HierarchyLvlId="221" HierarchyLvlTypeId="8" Intrnl_Id="425" Name="stubtest2">
<Header>
<Loc EndOffset="683" SrcFileId="5" StartOffset="659"/>
</Header>
<LocList>
<Loc EndOffset="1733" SrcFileId="5" StartOffset="659"/>
</LocList>
<StmntSeq Intrnl_Id="426">
<LocList>
<Loc EndOffset="722" SrcFileId="5" StartOffset="701"/>
<Loc EndOffset="743" SrcFileId="5" StartOffset="726"/>
<Loc EndOffset="762" SrcFileId="5" StartOffset="747"/>
<Loc EndOffset="781" SrcFileId="5" StartOffset="766"/>
<Loc EndOffset="840" SrcFileId="5" StartOffset="785"/>
<Loc EndOffset="892" SrcFileId="5" StartOffset="844"/>
<Loc EndOffset="936" SrcFileId="5" StartOffset="896"/>
<Loc EndOffset="983" SrcFileId="5" StartOffset="943"/>
<Loc EndOffset="1149" SrcFileId="5" StartOffset="987"/>
<Loc EndOffset="1181" SrcFileId="5" StartOffset="1153"/>
<Loc EndOffset="1347" SrcFileId="5" StartOffset="1185"/>
<Loc EndOffset="1381" SrcFileId="5" StartOffset="1351"/>
<Loc EndOffset="1729" SrcFileId="5" StartOffset="1385"/>
</LocList>
<BasicStmnt CovItemId="S14" CovItemPrefix="StubTests.java" Intrnl_Id="427">
<LocList>
<Loc EndOffset="722" SrcFileId="5" StartOffset="701"/>
</LocList>
</BasicStmnt>
<BasicStmnt CovItemId="S15" CovItemPrefix="StubTests.java" Intrnl_Id="428">
<LocList>
<Loc EndOffset="743" SrcFileId="5" StartOffset="726"/>
</LocList>
</BasicStmnt>
<BasicStmnt CovItemId="S16" CovItemPrefix="StubTests.java" Intrnl_Id="429">
<LocList>
<Loc EndOffset="762" SrcFileId="5" StartOffset="747"/>
</LocList>
</BasicStmnt>
<BasicStmnt CovItemId="S17" CovItemPrefix="StubTests.java" Intrnl_Id="430">
<LocList>
<Loc EndOffset="781" SrcFileId="5" StartOffset="766"/>
</LocList>
</BasicStmnt>
<BasicStmnt CovItemId="S18" CovItemPrefix="StubTests.java" Intrnl_Id="431">
<LocList>
<Loc EndOffset="840" SrcFileId="5" StartOffset="785"/>
</LocList>
</BasicStmnt>
<BasicStmnt CovItemId="S19" CovItemPrefix="StubTests.java" Intrnl_Id="432">
<LocList>
<Loc EndOffset="892" SrcFileId="5" StartOffset="844"/>
</LocList>
</BasicStmnt>
<BasicStmnt CovItemId="S20" CovItemPrefix="StubTests.java" Intrnl_Id="433">
<LocList>
<Loc EndOffset="936" SrcFileId="5" StartOffset="896"/>
</LocList>
</BasicStmnt>
<BasicStmnt CovItemId="S21" CovItemPrefix="StubTests.java" Intrnl_Id="434">
<LocList>
<Loc EndOffset="983" SrcFileId="5" StartOffset="943"/>
</LocList>
</BasicStmnt>
<CondStmnt CovItemId="S22" CovItemPrefix="StubTests.java" Intrnl_Id="435">
<Branch CovItemId="B3" CovItemPrefix="StubTests.java" Implct="false" Intrnl_Id="436">
<Cond/>
<LocList>
<Loc EndOffset="1149" SrcFileId="5" StartOffset="1020"/>
</LocList>
<StmntSeq Intrnl_Id="437">
<LocList>
<Loc EndOffset="1144" SrcFileId="5" StartOffset="1026"/>
</LocList>
<CondStmnt CovItemId="S23" CovItemPrefix="StubTests.java" Intrnl_Id="438">
<Branch CovItemId="B5" CovItemPrefix="StubTests.java" Implct="false" Intrnl_Id="439">
<Cond/>
<LocList>
<Loc EndOffset="1101" SrcFileId="5" StartOffset="1074"/>
</LocList>
<StmntSeq Intrnl_Id="440">
<LocList>
<Loc EndOffset="1101" SrcFileId="5" StartOffset="1074"/>
</LocList>
<BasicStmnt CovItemId="S24" CovItemPrefix="StubTests.java" Intrnl_Id="441">
<LocList>
<Loc EndOffset="1101" SrcFileId="5" StartOffset="1074"/>
</LocList>
</BasicStmnt>
</StmntSeq>
</Branch>
<Branch CovItemId="B6" CovItemPrefix="StubTests.java" Implct="false" Intrnl_Id="442">
<Cond>
<Loc EndOffset="1110" SrcFileId="5" StartOffset="1106"/>
</Cond>
<LocList>
<Loc EndOffset="1144" SrcFileId="5" StartOffset="1116"/>
</LocList>
<StmntSeq Intrnl_Id="443">
<LocList>
<Loc EndOffset="1144" SrcFileId="5" StartOffset="1116"/>
</LocList>
<BasicStmnt CovItemId="S25" CovItemPrefix="StubTests.java" Intrnl_Id="444">
<LocList>
<Loc EndOffset="1144" SrcFileId="5" StartOffset="1116"/>
</LocList>
</BasicStmnt>
</StmntSeq>
</Branch>
<Keyword EndOffset="1028" SrcFileId="5" StartOffset="1026"/>
<LocList>
<Loc EndOffset="1144" SrcFileId="5" StartOffset="1026"/>
</LocList>
<RootTerm CovItemId="C3" CovItemPrefix="StubTests.java" Intrnl_Id="445">
<OpTerm BooleanOpId="6" Intrnl_Id="446">
<BasicBoolTerm Intrnl_Id="447">
<LocList>
<Loc EndOffset="1045" SrcFileId="5" StartOffset="1029"/>
</LocList>
</BasicBoolTerm>
<BasicBoolTerm Intrnl_Id="448">
<LocList>
<Loc EndOffset="1067" SrcFileId="5" StartOffset="1049"/>
</LocList>
</BasicBoolTerm>
<LocList>
<Loc EndOffset="1048" SrcFileId="5" StartOffset="1046"/>
</LocList>
</OpTerm>
</RootTerm>
</CondStmnt>
</StmntSeq>
</Branch>
<Branch CovItemId="B4" CovItemPrefix="StubTests.java" Implct="true" Intrnl_Id="449">
<Cond/>
<LocList/>
<StmntSeq Intrnl_Id="450">
<LocList/>
</StmntSeq>
</Branch>
<Keyword EndOffset="989" SrcFileId="5" StartOffset="987"/>
<LocList>
<Loc EndOffset="1149" SrcFileId="5" StartOffset="987"/>
</LocList>
<RootTerm CovItemId="C2" CovItemPrefix="StubTests.java" Intrnl_Id="451">
<BasicBoolTerm Intrnl_Id="452">
<LocList>
<Loc EndOffset="1018" SrcFileId="5" StartOffset="990"/>
</LocList>
</BasicBoolTerm>
</RootTerm>
</CondStmnt>
<BasicStmnt CovItemId="S26" CovItemPrefix="StubTests.java" Intrnl_Id="453">
<LocList>
<Loc EndOffset="1181" SrcFileId="5" StartOffset="1153"/>
</LocList>
</BasicStmnt>
<CondStmnt CovItemId="S27" CovItemPrefix="StubTests.java" Intrnl_Id="454">
<Branch CovItemId="B7" CovItemPrefix="StubTests.java" Implct="false" Intrnl_Id="455">
<Cond/>
<LocList>
<Loc EndOffset="1347" SrcFileId="5" StartOffset="1218"/>
</LocList>
<StmntSeq Intrnl_Id="456">
<LocList>
<Loc EndOffset="1342" SrcFileId="5" StartOffset="1224"/>
</LocList>
<CondStmnt CovItemId="S28" CovItemPrefix="StubTests.java" Intrnl_Id="457">
<Branch CovItemId="B9" CovItemPrefix="StubTests.java" Implct="false" Intrnl_Id="458">
<Cond/>
<LocList>
<Loc EndOffset="1299" SrcFileId="5" StartOffset="1272"/>
</LocList>
<StmntSeq Intrnl_Id="459">
<LocList>
<Loc EndOffset="1299" SrcFileId="5" StartOffset="1272"/>
</LocList>
<BasicStmnt CovItemId="S29" CovItemPrefix="StubTests.java" Intrnl_Id="460">
<LocList>
<Loc EndOffset="1299" SrcFileId="5" StartOffset="1272"/>
</LocList>
</BasicStmnt>
</StmntSeq>
</Branch>
<Branch CovItemId="B10" CovItemPrefix="StubTests.java" Implct="false" Intrnl_Id="461">
<Cond>
<Loc EndOffset="1308" SrcFileId="5" StartOffset="1304"/>
</Cond>
<LocList>
<Loc EndOffset="1342" SrcFileId="5" StartOffset="1314"/>
</LocList>
<StmntSeq Intrnl_Id="462">
<LocList>
<Loc EndOffset="1342" SrcFileId="5" StartOffset="1314"/>
</LocList>
<BasicStmnt CovItemId="S30" CovItemPrefix="StubTests.java" Intrnl_Id="463">
<LocList>
<Loc EndOffset="1342" SrcFileId="5" StartOffset="1314"/>
</LocList>
</BasicStmnt>
</StmntSeq>
</Branch>
<Keyword EndOffset="1226" SrcFileId="5" StartOffset="1224"/>
<LocList>
<Loc EndOffset="1342" SrcFileId="5" StartOffset="1224"/>
</LocList>
<RootTerm CovItemId="C5" CovItemPrefix="StubTests.java" Intrnl_Id="464">
<OpTerm BooleanOpId="6" Intrnl_Id="465">
<BasicBoolTerm Intrnl_Id="466">
<LocList>
<Loc EndOffset="1243" SrcFileId="5" StartOffset="1227"/>
</LocList>
</BasicBoolTerm>
<BasicBoolTerm Intrnl_Id="467">
<LocList>
<Loc EndOffset="1265" SrcFileId="5" StartOffset="1247"/>
</LocList>
</BasicBoolTerm>
<LocList>
<Loc EndOffset="1246" SrcFileId="5" StartOffset="1244"/>
</LocList>
</OpTerm>
</RootTerm>
</CondStmnt>
</StmntSeq>
</Branch>
<Branch CovItemId="B8" CovItemPrefix="StubTests.java" Implct="true" Intrnl_Id="468">
<Cond/>
<LocList/>
<StmntSeq Intrnl_Id="469">
<LocList/>
</StmntSeq>
</Branch>
<Keyword EndOffset="1187" SrcFileId="5" StartOffset="1185"/>
<LocList>
<Loc EndOffset="1347" SrcFileId="5" StartOffset="1185"/>
</LocList>
<RootTerm CovItemId="C4" CovItemPrefix="StubTests.java" Intrnl_Id="470">
<BasicBoolTerm Intrnl_Id="471">
<LocList>
<Loc EndOffset="1216" SrcFileId="5" StartOffset="1188"/>
</LocList>
</BasicBoolTerm>
</RootTerm>
</CondStmnt>
<BasicStmnt CovItemId="S31" CovItemPrefix="StubTests.java" Intrnl_Id="472">
<LocList>
<Loc EndOffset="1381" SrcFileId="5" StartOffset="1351"/>
</LocList>
</BasicStmnt>
<CondStmnt CovItemId="S32" CovItemPrefix="StubTests.java" Intrnl_Id="473">
<Branch CovItemId="B11" CovItemPrefix="StubTests.java" Implct="false" Intrnl_Id="474">
<Cond/>
<LocList>
<Loc EndOffset="1729" SrcFileId="5" StartOffset="1418"/>
</LocList>
<StmntSeq Intrnl_Id="475">
<LocList>
<Loc EndOffset="1724" SrcFileId="5" StartOffset="1424"/>
</LocList>
<CondStmnt CovItemId="S33" CovItemPrefix="StubTests.java" Intrnl_Id="476">
<Branch CovItemId="B13" CovItemPrefix="StubTests.java" Implct="false" Intrnl_Id="477">
<Cond/>
<LocList>
<Loc EndOffset="1579" SrcFileId="5" StartOffset="1444"/>
</LocList>
<StmntSeq Intrnl_Id="478">
<LocList>
<Loc EndOffset="1573" SrcFileId="5" StartOffset="1451"/>
</LocList>
<CondStmnt CovItemId="S34" CovItemPrefix="StubTests.java" Intrnl_Id="479">
<Branch CovItemId="B15" CovItemPrefix="StubTests.java" Implct="false" Intrnl_Id="480">
<Cond/>
<LocList>
<Loc EndOffset="1528" SrcFileId="5" StartOffset="1501"/>
</LocList>
<StmntSeq Intrnl_Id="481">
<LocList>
<Loc EndOffset="1528" SrcFileId="5" StartOffset="1501"/>
</LocList>
<BasicStmnt CovItemId="S35" CovItemPrefix="StubTests.java" Intrnl_Id="482">
<LocList>
<Loc EndOffset="1528" SrcFileId="5" StartOffset="1501"/>
</LocList>
</BasicStmnt>
</StmntSeq>
</Branch>
<Branch CovItemId="B16" CovItemPrefix="StubTests.java" Implct="false" Intrnl_Id="483">
<Cond>
<Loc EndOffset="1538" SrcFileId="5" StartOffset="1534"/>
</Cond>
<LocList>
<Loc EndOffset="1573" SrcFileId="5" StartOffset="1545"/>
</LocList>
<StmntSeq Intrnl_Id="484">
<LocList>
<Loc EndOffset="1573" SrcFileId="5" StartOffset="1545"/>
</LocList>
<BasicStmnt CovItemId="S36" CovItemPrefix="StubTests.java" Intrnl_Id="485">
<LocList>
<Loc EndOffset="1573" SrcFileId="5" StartOffset="1545"/>
</LocList>
</BasicStmnt>
</StmntSeq>
</Branch>
<Keyword EndOffset="1453" SrcFileId="5" StartOffset="1451"/>
<LocList>
<Loc EndOffset="1573" SrcFileId="5" StartOffset="1451"/>
</LocList>
<RootTerm CovItemId="C8" CovItemPrefix="StubTests.java" Intrnl_Id="486">
<OpTerm BooleanOpId="6" Intrnl_Id="487">
<BasicBoolTerm Intrnl_Id="488">
<LocList>
<Loc EndOffset="1471" SrcFileId="5" StartOffset="1454"/>
</LocList>
</BasicBoolTerm>
<BasicBoolTerm Intrnl_Id="489">
<LocList>
<Loc EndOffset="1493" SrcFileId="5" StartOffset="1475"/>
</LocList>
</BasicBoolTerm>
<LocList>
<Loc EndOffset="1474" SrcFileId="5" StartOffset="1472"/>
</LocList>
</OpTerm>
</RootTerm>
</CondStmnt>
</StmntSeq>
</Branch>
<Branch CovItemId="B14" CovItemPrefix="StubTests.java" Implct="false" Intrnl_Id="490">
<Cond>
<Loc EndOffset="1588" SrcFileId="5" StartOffset="1584"/>
</Cond>
<LocList>
<Loc EndOffset="1724" SrcFileId="5" StartOffset="1589"/>
</LocList>
<StmntSeq Intrnl_Id="491">
<LocList>
<Loc EndOffset="1718" SrcFileId="5" StartOffset="1596"/>
</LocList>
<CondStmnt CovItemId="S37" CovItemPrefix="StubTests.java" Intrnl_Id="492">
<Branch CovItemId="B17" CovItemPrefix="StubTests.java" Implct="false" Intrnl_Id="493">
<Cond/>
<LocList>
<Loc EndOffset="1673" SrcFileId="5" StartOffset="1646"/>
</LocList>
<StmntSeq Intrnl_Id="494">
<LocList>
<Loc EndOffset="1673" SrcFileId="5" StartOffset="1646"/>
</LocList>
<BasicStmnt CovItemId="S38" CovItemPrefix="StubTests.java" Intrnl_Id="495">
<LocList>
<Loc EndOffset="1673" SrcFileId="5" StartOffset="1646"/>
</LocList>
</BasicStmnt>
</StmntSeq>
</Branch>
<Branch CovItemId="B18" CovItemPrefix="StubTests.java" Implct="false" Intrnl_Id="496">
<Cond>
<Loc EndOffset="1683" SrcFileId="5" StartOffset="1679"/>
</Cond>
<LocList>
<Loc EndOffset="1718" SrcFileId="5" StartOffset="1690"/>
</LocList>
<StmntSeq Intrnl_Id="497">
<LocList>
<Loc EndOffset="1718" SrcFileId="5" StartOffset="1690"/>
</LocList>
<BasicStmnt CovItemId="S39" CovItemPrefix="StubTests.java" Intrnl_Id="498">
<LocList>
<Loc EndOffset="1718" SrcFileId="5" StartOffset="1690"/>
</LocList>
</BasicStmnt>
</StmntSeq>
</Branch>
<Keyword EndOffset="1598" SrcFileId="5" StartOffset="1596"/>
<LocList>
<Loc EndOffset="1718" SrcFileId="5" StartOffset="1596"/>
</LocList>
<RootTerm CovItemId="C9" CovItemPrefix="StubTests.java" Intrnl_Id="499">
<OpTerm BooleanOpId="6" Intrnl_Id="500">
<BasicBoolTerm Intrnl_Id="501">
<LocList>
<Loc EndOffset="1616" SrcFileId="5" StartOffset="1599"/>
</LocList>
</BasicBoolTerm>
<BasicBoolTerm Intrnl_Id="502">
<LocList>
<Loc EndOffset="1638" SrcFileId="5" StartOffset="1620"/>
</LocList>
</BasicBoolTerm>
<LocList>
<Loc EndOffset="1619" SrcFileId="5" StartOffset="1617"/>
</LocList>
</OpTerm>
</RootTerm>
</CondStmnt>
</StmntSeq>
</Branch>
<Keyword EndOffset="1426" SrcFileId="5" StartOffset="1424"/>
<LocList>
<Loc EndOffset="1724" SrcFileId="5" StartOffset="1424"/>
</LocList>
<RootTerm CovItemId="C7" CovItemPrefix="StubTests.java" Intrnl_Id="503">
<BasicBoolTerm Intrnl_Id="504">
<LocList>
<Loc EndOffset="1442" SrcFileId="5" StartOffset="1427"/>
</LocList>
</BasicBoolTerm>
</RootTerm>
</CondStmnt>
</StmntSeq>
</Branch>
<Branch CovItemId="B12" CovItemPrefix="StubTests.java" Implct="true" Intrnl_Id="505">
<Cond/>
<LocList/>
<StmntSeq Intrnl_Id="506">
<LocList/>
</StmntSeq>
</Branch>
<Keyword EndOffset="1387" SrcFileId="5" StartOffset="1385"/>
<LocList>
<Loc EndOffset="1729" SrcFileId="5" StartOffset="1385"/>
</LocList>
<RootTerm CovItemId="C6" CovItemPrefix="StubTests.java" Intrnl_Id="507">
<BasicBoolTerm Intrnl_Id="508">
<LocList>
<Loc EndOffset="1416" SrcFileId="5" StartOffset="1388"/>
</LocList>
</BasicBoolTerm>
</RootTerm>
</CondStmnt>
</StmntSeq>
</HierarchyLvl>
<HierarchyLvl HierarchyLvlId="222" HierarchyLvlTypeId="8" Intrnl_Id="509" Name="max_stubtest3">
<Header>
<Loc EndOffset="1778" SrcFileId="5" StartOffset="1736"/>
</Header>
<LocList>
<Loc EndOffset="2161" SrcFileId="5" StartOffset="1736"/>
</LocList>
<StmntSeq Intrnl_Id="510">
<LocList>
<Loc EndOffset="1960" SrcFileId="5" StartOffset="1927"/>
<Loc EndOffset="1983" SrcFileId="5" StartOffset="1964"/>
<Loc EndOffset="2127" SrcFileId="5" StartOffset="1993"/>
<Loc EndOffset="2157" SrcFileId="5" StartOffset="2137"/>
</LocList>
<BasicStmnt CovItemId="S40" CovItemPrefix="StubTests.java" Intrnl_Id="511">
<LocList>
<Loc EndOffset="1960" SrcFileId="5" StartOffset="1927"/>
</LocList>
</BasicStmnt>
<BasicStmnt CovItemId="S41" CovItemPrefix="StubTests.java" Intrnl_Id="512">
<LocList>
<Loc EndOffset="1983" SrcFileId="5" StartOffset="1964"/>
</LocList>
</BasicStmnt>
<LoopStmnt CovItemId="S42" CovItemPrefix="StubTests.java" Intrnl_Id="513" MltplExecId="L1-2" MltplExecPrefix="StubTests.java" NvrExecId="L1-0" NvrExecPrefix="StubTests.java" OnceExecutedId="L1-1" OnceExecutedPrefix="StubTests.java" OptBodyExec="true">
<StmntSeq Intrnl_Id="514">
<LocList>
<Loc EndOffset="2116" SrcFileId="5" StartOffset="2047"/>
</LocList>
<CondStmnt CovItemId="S43" CovItemPrefix="StubTests.java" Intrnl_Id="515">
<Branch CovItemId="B19" CovItemPrefix="StubTests.java" Implct="false" Intrnl_Id="516">
<Cond/>
<LocList>
<Loc EndOffset="2116" SrcFileId="5" StartOffset="2067"/>
</LocList>
<StmntSeq Intrnl_Id="517">
<LocList>
<Loc EndOffset="2101" SrcFileId="5" StartOffset="2086"/>
</LocList>
<BasicStmnt CovItemId="S44" CovItemPrefix="StubTests.java" Intrnl_Id="518">
<LocList>
<Loc EndOffset="2101" SrcFileId="5" StartOffset="2086"/>
</LocList>
</BasicStmnt>
</StmntSeq>
</Branch>
<Branch CovItemId="B20" CovItemPrefix="StubTests.java" Implct="true" Intrnl_Id="519">
<Cond/>
<LocList/>
<StmntSeq Intrnl_Id="520">
<LocList/>
</StmntSeq>
</Branch>
<Keyword EndOffset="2049" SrcFileId="5" StartOffset="2047"/>
<LocList>
<Loc EndOffset="2116" SrcFileId="5" StartOffset="2047"/>
</LocList>
<RootTerm CovItemId="C11" CovItemPrefix="StubTests.java" Intrnl_Id="521">
<BasicBoolTerm Intrnl_Id="522">
<LocList>
<Loc EndOffset="2065" SrcFileId="5" StartOffset="2051"/>
</LocList>
</BasicBoolTerm>
</RootTerm>
</CondStmnt>
</StmntSeq>
<Keyword EndOffset="1996" SrcFileId="5" StartOffset="1993"/>
<LocList>
<Loc EndOffset="2127" SrcFileId="5" StartOffset="1993"/>
</LocList>
<RootTerm CovItemId="C10" CovItemPrefix="StubTests.java" Intrnl_Id="523">
<BasicBoolTerm Intrnl_Id="524">
<LocList>
<Loc EndOffset="2025" SrcFileId="5" StartOffset="2009"/>
</LocList>
</BasicBoolTerm>
</RootTerm>
</LoopStmnt>
<BasicStmnt CovItemId="S45" CovItemPrefix="StubTests.java" Intrnl_Id="525">
<LocList>
<Loc EndOffset="2157" SrcFileId="5" StartOffset="2137"/>
</LocList>
</BasicStmnt>
</StmntSeq>
</HierarchyLvl>
</HierarchyLvl>
</HierarchyLvl>
</MASTRoot>
</TestSessionContainer>
